This is pdfTeX, Version 3.141592653-2.6-1.40.25 (TeX Live 2023/Debian) (preloaded format=pdflatex 2024.11.1)  28 NOV 2024 22:00
entering extended mode
 restricted \write18 enabled.
 %&-line parsing enabled.
**"capitulo 4.tex"
(./capitulo 4.tex
LaTeX2e <2023-11-01> patch level 1
L3 programming layer <2024-01-22>
(/usr/share/texlive/texmf-dist/tex/latex/beamer/beamer.cls
Document Class: beamer 2024/01/06 v3.71 A class for typesetting presentations
(/usr/share/texlive/texmf-dist/tex/latex/beamer/beamerbasemodes.sty
(/usr/share/texlive/texmf-dist/tex/latex/etoolbox/etoolbox.sty
Package: etoolbox 2020/10/05 v2.5k e-TeX tools for LaTeX (JAW)
\etb@tempcnta=\count187
)
\beamer@tempbox=\box51
\beamer@tempcount=\count188
\c@beamerpauses=\count189

(/usr/share/texlive/texmf-dist/tex/latex/beamer/beamerbasedecode.sty
\beamer@slideinframe=\count190
\beamer@minimum=\count191
\beamer@decode@box=\box52
)
\beamer@commentbox=\box53
\beamer@modecount=\count192
)
(/usr/share/texlive/texmf-dist/tex/generic/iftex/iftex.sty
Package: iftex 2022/02/03 v1.0f TeX engine tests
)
\headdp=\dimen140
\footheight=\dimen141
\sidebarheight=\dimen142
\beamer@tempdim=\dimen143
\beamer@finalheight=\dimen144
\beamer@animht=\dimen145
\beamer@animdp=\dimen146
\beamer@animwd=\dimen147
\beamer@leftmargin=\dimen148
\beamer@rightmargin=\dimen149
\beamer@leftsidebar=\dimen150
\beamer@rightsidebar=\dimen151
\beamer@boxsize=\dimen152
\beamer@vboxoffset=\dimen153
\beamer@descdefault=\dimen154
\beamer@descriptionwidth=\dimen155
\beamer@lastskip=\skip48
\beamer@areabox=\box54
\beamer@animcurrent=\box55
\beamer@animshowbox=\box56
\beamer@sectionbox=\box57
\beamer@logobox=\box58
\beamer@linebox=\box59
\beamer@sectioncount=\count193
\beamer@subsubsectionmax=\count194
\beamer@subsectionmax=\count195
\beamer@sectionmax=\count196
\beamer@totalheads=\count197
\beamer@headcounter=\count198
\beamer@partstartpage=\count199
\beamer@sectionstartpage=\count266
\beamer@subsectionstartpage=\count267
\beamer@animationtempa=\count268
\beamer@animationtempb=\count269
\beamer@xpos=\count270
\beamer@ypos=\count271
\beamer@ypos@offset=\count272
\beamer@showpartnumber=\count273
\beamer@currentsubsection=\count274
\beamer@coveringdepth=\count275
\beamer@sectionadjust=\count276
\beamer@toclastsection=\count277
\beamer@tocsectionnumber=\count278

(/usr/share/texlive/texmf-dist/tex/latex/beamer/beamerbaseoptions.sty
(/usr/share/texlive/texmf-dist/tex/latex/graphics/keyval.sty
Package: keyval 2022/05/29 v1.15 key=value parser (DPC)
\KV@toks@=\toks17
))
\beamer@paperwidth=\skip49
\beamer@paperheight=\skip50

(/usr/share/texlive/texmf-dist/tex/latex/geometry/geometry.sty
Package: geometry 2020/01/02 v5.9 Page Geometry

(/usr/share/texlive/texmf-dist/tex/generic/iftex/ifvtex.sty
Package: ifvtex 2019/10/25 v1.7 ifvtex legacy package. Use iftex instead.
)
\Gm@cnth=\count279
\Gm@cntv=\count280
\c@Gm@tempcnt=\count281
\Gm@bindingoffset=\dimen156
\Gm@wd@mp=\dimen157
\Gm@odd@mp=\dimen158
\Gm@even@mp=\dimen159
\Gm@layoutwidth=\dimen160
\Gm@layoutheight=\dimen161
\Gm@layouthoffset=\dimen162
\Gm@layoutvoffset=\dimen163
\Gm@dimlist=\toks18
)
(/usr/share/texlive/texmf-dist/tex/latex/pgf/math/pgfmath.sty
(/usr/share/texlive/texmf-dist/tex/latex/pgf/utilities/pgfrcs.sty
(/usr/share/texlive/texmf-dist/tex/generic/pgf/utilities/pgfutil-common.tex
\pgfutil@everybye=\toks19
\pgfutil@tempdima=\dimen164
\pgfutil@tempdimb=\dimen165
)
(/usr/share/texlive/texmf-dist/tex/generic/pgf/utilities/pgfutil-latex.def
\pgfutil@abb=\box60
)
(/usr/share/texlive/texmf-dist/tex/generic/pgf/utilities/pgfrcs.code.tex
(/usr/share/texlive/texmf-dist/tex/generic/pgf/pgf.revision.tex)
Package: pgfrcs 2023-01-15 v3.1.10 (3.1.10)
))
(/usr/share/texlive/texmf-dist/tex/latex/pgf/utilities/pgfkeys.sty
(/usr/share/texlive/texmf-dist/tex/generic/pgf/utilities/pgfkeys.code.tex
\pgfkeys@pathtoks=\toks20
\pgfkeys@temptoks=\toks21

(/usr/share/texlive/texmf-dist/tex/generic/pgf/utilities/pgfkeyslibraryfiltered
.code.tex
\pgfkeys@tmptoks=\toks22
)))
(/usr/share/texlive/texmf-dist/tex/generic/pgf/math/pgfmath.code.tex
(/usr/share/texlive/texmf-dist/tex/generic/pgf/math/pgfmathutil.code.tex
\pgf@x=\dimen166
\pgf@xa=\dimen167
\pgf@xb=\dimen168
\pgf@xc=\dimen169
\pgf@y=\dimen170
\pgf@ya=\dimen171
\pgf@yb=\dimen172
\pgf@yc=\dimen173
\c@pgf@counta=\count282
\c@pgf@countb=\count283
\c@pgf@countc=\count284
\c@pgf@countd=\count285
)
(/usr/share/texlive/texmf-dist/tex/generic/pgf/math/pgfmathparser.code.tex
\pgfmath@dimen=\dimen174
\pgfmath@count=\count286
\pgfmath@box=\box61
\pgfmath@toks=\toks23
\pgfmath@stack@operand=\toks24
\pgfmath@stack@operation=\toks25
)
(/usr/share/texlive/texmf-dist/tex/generic/pgf/math/pgfmathfunctions.code.tex)
(/usr/share/texlive/texmf-dist/tex/generic/pgf/math/pgfmathfunctions.basic.code
.tex)
(/usr/share/texlive/texmf-dist/tex/generic/pgf/math/pgfmathfunctions.trigonomet
ric.code.tex)
(/usr/share/texlive/texmf-dist/tex/generic/pgf/math/pgfmathfunctions.random.cod
e.tex)
(/usr/share/texlive/texmf-dist/tex/generic/pgf/math/pgfmathfunctions.comparison
.code.tex)
(/usr/share/texlive/texmf-dist/tex/generic/pgf/math/pgfmathfunctions.base.code.
tex)
(/usr/share/texlive/texmf-dist/tex/generic/pgf/math/pgfmathfunctions.round.code
.tex)
(/usr/share/texlive/texmf-dist/tex/generic/pgf/math/pgfmathfunctions.misc.code.
tex)
(/usr/share/texlive/texmf-dist/tex/generic/pgf/math/pgfmathfunctions.integerari
thmetics.code.tex)
(/usr/share/texlive/texmf-dist/tex/generic/pgf/math/pgfmathcalc.code.tex)
(/usr/share/texlive/texmf-dist/tex/generic/pgf/math/pgfmathfloat.code.tex
\c@pgfmathroundto@lastzeros=\count287
)))
(/usr/share/texlive/texmf-dist/tex/latex/base/size11.clo
File: size11.clo 2023/05/17 v1.4n Standard LaTeX file (size option)
)
(/usr/share/texlive/texmf-dist/tex/latex/pgf/basiclayer/pgfcore.sty
(/usr/share/texlive/texmf-dist/tex/latex/graphics/graphicx.sty
Package: graphicx 2021/09/16 v1.2d Enhanced LaTeX Graphics (DPC,SPQR)

(/usr/share/texlive/texmf-dist/tex/latex/graphics/graphics.sty
Package: graphics 2022/03/10 v1.4e Standard LaTeX Graphics (DPC,SPQR)

(/usr/share/texlive/texmf-dist/tex/latex/graphics/trig.sty
Package: trig 2021/08/11 v1.11 sin cos tan (DPC)
)
(/usr/share/texlive/texmf-dist/tex/latex/graphics-cfg/graphics.cfg
File: graphics.cfg 2016/06/04 v1.11 sample graphics configuration
)
Package graphics Info: Driver file: pdftex.def on input line 107.

(/usr/share/texlive/texmf-dist/tex/latex/graphics-def/pdftex.def
File: pdftex.def 2022/09/22 v1.2b Graphics/color driver for pdftex
))
\Gin@req@height=\dimen175
\Gin@req@width=\dimen176
)
(/usr/share/texlive/texmf-dist/tex/latex/pgf/systemlayer/pgfsys.sty
(/usr/share/texlive/texmf-dist/tex/generic/pgf/systemlayer/pgfsys.code.tex
Package: pgfsys 2023-01-15 v3.1.10 (3.1.10)
\pgf@x=\dimen177
\pgf@y=\dimen178
\pgf@xa=\dimen179
\pgf@ya=\dimen180
\pgf@xb=\dimen181
\pgf@yb=\dimen182
\pgf@xc=\dimen183
\pgf@yc=\dimen184
\pgf@xd=\dimen185
\pgf@yd=\dimen186
\w@pgf@writea=\write3
\r@pgf@reada=\read2
\c@pgf@counta=\count288
\c@pgf@countb=\count289
\c@pgf@countc=\count290
\c@pgf@countd=\count291
\t@pgf@toka=\toks26
\t@pgf@tokb=\toks27
\t@pgf@tokc=\toks28
\pgf@sys@id@count=\count292

(/usr/share/texlive/texmf-dist/tex/generic/pgf/systemlayer/pgf.cfg
File: pgf.cfg 2023-01-15 v3.1.10 (3.1.10)
)
Driver file for pgf: pgfsys-pdftex.def

(/usr/share/texlive/texmf-dist/tex/generic/pgf/systemlayer/pgfsys-pdftex.def
File: pgfsys-pdftex.def 2023-01-15 v3.1.10 (3.1.10)

(/usr/share/texlive/texmf-dist/tex/generic/pgf/systemlayer/pgfsys-common-pdf.de
f
File: pgfsys-common-pdf.def 2023-01-15 v3.1.10 (3.1.10)
)))
(/usr/share/texlive/texmf-dist/tex/generic/pgf/systemlayer/pgfsyssoftpath.code.
tex
File: pgfsyssoftpath.code.tex 2023-01-15 v3.1.10 (3.1.10)
\pgfsyssoftpath@smallbuffer@items=\count293
\pgfsyssoftpath@bigbuffer@items=\count294
)
(/usr/share/texlive/texmf-dist/tex/generic/pgf/systemlayer/pgfsysprotocol.code.
tex
File: pgfsysprotocol.code.tex 2023-01-15 v3.1.10 (3.1.10)
)) (/usr/share/texlive/texmf-dist/tex/latex/xcolor/xcolor.sty
Package: xcolor 2023/11/15 v3.01 LaTeX color extensions (UK)

(/usr/share/texlive/texmf-dist/tex/latex/graphics-cfg/color.cfg
File: color.cfg 2016/01/02 v1.6 sample color configuration
)
Package xcolor Info: Driver file: pdftex.def on input line 274.

(/usr/share/texlive/texmf-dist/tex/latex/graphics/mathcolor.ltx)
Package xcolor Info: Model `cmy' substituted by `cmy0' on input line 1350.
Package xcolor Info: Model `hsb' substituted by `rgb' on input line 1354.
Package xcolor Info: Model `RGB' extended on input line 1366.
Package xcolor Info: Model `HTML' substituted by `rgb' on input line 1368.
Package xcolor Info: Model `Hsb' substituted by `hsb' on input line 1369.
Package xcolor Info: Model `tHsb' substituted by `hsb' on input line 1370.
Package xcolor Info: Model `HSB' substituted by `hsb' on input line 1371.
Package xcolor Info: Model `Gray' substituted by `gray' on input line 1372.
Package xcolor Info: Model `wave' substituted by `hsb' on input line 1373.
)
(/usr/share/texlive/texmf-dist/tex/latex/colortbl/colortbl.sty
Package: colortbl 2022/06/20 v1.0f Color table columns (DPC)

(/usr/share/texlive/texmf-dist/tex/latex/tools/array.sty
Package: array 2023/10/16 v2.5g Tabular extension package (FMi)
\col@sep=\dimen187
\ar@mcellbox=\box62
\extrarowheight=\dimen188
\NC@list=\toks29
\extratabsurround=\skip51
\backup@length=\skip52
\ar@cellbox=\box63
)
\everycr=\toks30
\minrowclearance=\skip53
\rownum=\count295
)
(/usr/share/texlive/texmf-dist/tex/generic/pgf/basiclayer/pgfcore.code.tex
Package: pgfcore 2023-01-15 v3.1.10 (3.1.10)

(/usr/share/texlive/texmf-dist/tex/generic/pgf/math/pgfint.code.tex)
(/usr/share/texlive/texmf-dist/tex/generic/pgf/basiclayer/pgfcorepoints.code.te
x
File: pgfcorepoints.code.tex 2023-01-15 v3.1.10 (3.1.10)
\pgf@picminx=\dimen189
\pgf@picmaxx=\dimen190
\pgf@picminy=\dimen191
\pgf@picmaxy=\dimen192
\pgf@pathminx=\dimen193
\pgf@pathmaxx=\dimen194
\pgf@pathminy=\dimen195
\pgf@pathmaxy=\dimen196
\pgf@xx=\dimen197
\pgf@xy=\dimen198
\pgf@yx=\dimen199
\pgf@yy=\dimen256
\pgf@zx=\dimen257
\pgf@zy=\dimen258
)
(/usr/share/texlive/texmf-dist/tex/generic/pgf/basiclayer/pgfcorepathconstruct.
code.tex
File: pgfcorepathconstruct.code.tex 2023-01-15 v3.1.10 (3.1.10)
\pgf@path@lastx=\dimen259
\pgf@path@lasty=\dimen260
)
(/usr/share/texlive/texmf-dist/tex/generic/pgf/basiclayer/pgfcorepathusage.code
.tex
File: pgfcorepathusage.code.tex 2023-01-15 v3.1.10 (3.1.10)
\pgf@shorten@end@additional=\dimen261
\pgf@shorten@start@additional=\dimen262
)
(/usr/share/texlive/texmf-dist/tex/generic/pgf/basiclayer/pgfcorescopes.code.te
x
File: pgfcorescopes.code.tex 2023-01-15 v3.1.10 (3.1.10)
\pgfpic=\box64
\pgf@hbox=\box65
\pgf@layerbox@main=\box66
\pgf@picture@serial@count=\count296
)
(/usr/share/texlive/texmf-dist/tex/generic/pgf/basiclayer/pgfcoregraphicstate.c
ode.tex
File: pgfcoregraphicstate.code.tex 2023-01-15 v3.1.10 (3.1.10)
\pgflinewidth=\dimen263
)
(/usr/share/texlive/texmf-dist/tex/generic/pgf/basiclayer/pgfcoretransformation
s.code.tex
File: pgfcoretransformations.code.tex 2023-01-15 v3.1.10 (3.1.10)
\pgf@pt@x=\dimen264
\pgf@pt@y=\dimen265
\pgf@pt@temp=\dimen266
)
(/usr/share/texlive/texmf-dist/tex/generic/pgf/basiclayer/pgfcorequick.code.tex
File: pgfcorequick.code.tex 2023-01-15 v3.1.10 (3.1.10)
)
(/usr/share/texlive/texmf-dist/tex/generic/pgf/basiclayer/pgfcoreobjects.code.t
ex
File: pgfcoreobjects.code.tex 2023-01-15 v3.1.10 (3.1.10)
)
(/usr/share/texlive/texmf-dist/tex/generic/pgf/basiclayer/pgfcorepathprocessing
.code.tex
File: pgfcorepathprocessing.code.tex 2023-01-15 v3.1.10 (3.1.10)
)
(/usr/share/texlive/texmf-dist/tex/generic/pgf/basiclayer/pgfcorearrows.code.te
x
File: pgfcorearrows.code.tex 2023-01-15 v3.1.10 (3.1.10)
\pgfarrowsep=\dimen267
)
(/usr/share/texlive/texmf-dist/tex/generic/pgf/basiclayer/pgfcoreshade.code.tex
File: pgfcoreshade.code.tex 2023-01-15 v3.1.10 (3.1.10)
\pgf@max=\dimen268
\pgf@sys@shading@range@num=\count297
\pgf@shadingcount=\count298
)
(/usr/share/texlive/texmf-dist/tex/generic/pgf/basiclayer/pgfcoreimage.code.tex
File: pgfcoreimage.code.tex 2023-01-15 v3.1.10 (3.1.10)
)
(/usr/share/texlive/texmf-dist/tex/generic/pgf/basiclayer/pgfcoreexternal.code.
tex
File: pgfcoreexternal.code.tex 2023-01-15 v3.1.10 (3.1.10)
\pgfexternal@startupbox=\box67
)
(/usr/share/texlive/texmf-dist/tex/generic/pgf/basiclayer/pgfcorelayers.code.te
x
File: pgfcorelayers.code.tex 2023-01-15 v3.1.10 (3.1.10)
)
(/usr/share/texlive/texmf-dist/tex/generic/pgf/basiclayer/pgfcoretransparency.c
ode.tex
File: pgfcoretransparency.code.tex 2023-01-15 v3.1.10 (3.1.10)
)
(/usr/share/texlive/texmf-dist/tex/generic/pgf/basiclayer/pgfcorepatterns.code.
tex
File: pgfcorepatterns.code.tex 2023-01-15 v3.1.10 (3.1.10)
)
(/usr/share/texlive/texmf-dist/tex/generic/pgf/basiclayer/pgfcorerdf.code.tex
File: pgfcorerdf.code.tex 2023-01-15 v3.1.10 (3.1.10)
))) (/usr/share/texlive/texmf-dist/tex/latex/pgf/utilities/xxcolor.sty
Package: xxcolor 2003/10/24 ver 0.1
\XC@nummixins=\count299
\XC@countmixins=\count300
)
(/usr/share/texlive/texmf-dist/tex/latex/base/atbegshi-ltx.sty
Package: atbegshi-ltx 2021/01/10 v1.0c Emulation of the original atbegshi
package with kernel methods
)
(/usr/share/texlive/texmf-dist/tex/latex/hyperref/hyperref.sty
Package: hyperref 2024-01-20 v7.01h Hypertext links for LaTeX

(/usr/share/texlive/texmf-dist/tex/latex/kvsetkeys/kvsetkeys.sty
Package: kvsetkeys 2022-10-05 v1.19 Key value parser (HO)
)
(/usr/share/texlive/texmf-dist/tex/generic/kvdefinekeys/kvdefinekeys.sty
Package: kvdefinekeys 2019-12-19 v1.6 Define keys (HO)
)
(/usr/share/texlive/texmf-dist/tex/generic/pdfescape/pdfescape.sty
Package: pdfescape 2019/12/09 v1.15 Implements pdfTeX's escape features (HO)

(/usr/share/texlive/texmf-dist/tex/generic/ltxcmds/ltxcmds.sty
Package: ltxcmds 2023-12-04 v1.26 LaTeX kernel commands for general use (HO)
)
(/usr/share/texlive/texmf-dist/tex/generic/pdftexcmds/pdftexcmds.sty
Package: pdftexcmds 2020-06-27 v0.33 Utility functions of pdfTeX for LuaTeX (HO
)

(/usr/share/texlive/texmf-dist/tex/generic/infwarerr/infwarerr.sty
Package: infwarerr 2019/12/03 v1.5 Providing info/warning/error messages (HO)
)
Package pdftexcmds Info: \pdf@primitive is available.
Package pdftexcmds Info: \pdf@ifprimitive is available.
Package pdftexcmds Info: \pdfdraftmode found.
))
(/usr/share/texlive/texmf-dist/tex/latex/hycolor/hycolor.sty
Package: hycolor 2020-01-27 v1.10 Color options for hyperref/bookmark (HO)
)
(/usr/share/texlive/texmf-dist/tex/latex/auxhook/auxhook.sty
Package: auxhook 2019-12-17 v1.6 Hooks for auxiliary files (HO)
)
(/usr/share/texlive/texmf-dist/tex/latex/hyperref/nameref.sty
Package: nameref 2023-11-26 v2.56 Cross-referencing by name of section

(/usr/share/texlive/texmf-dist/tex/latex/refcount/refcount.sty
Package: refcount 2019/12/15 v3.6 Data extraction from label references (HO)
)
(/usr/share/texlive/texmf-dist/tex/generic/gettitlestring/gettitlestring.sty
Package: gettitlestring 2019/12/15 v1.6 Cleanup title references (HO)

(/usr/share/texlive/texmf-dist/tex/latex/kvoptions/kvoptions.sty
Package: kvoptions 2022-06-15 v3.15 Key value format for package options (HO)
))
\c@section@level=\count301
)
\@linkdim=\dimen269
\Hy@linkcounter=\count302
\Hy@pagecounter=\count303

(/usr/share/texlive/texmf-dist/tex/latex/hyperref/pd1enc.def
File: pd1enc.def 2024-01-20 v7.01h Hyperref: PDFDocEncoding definition (HO)
Now handling font encoding PD1 ...
... no UTF-8 mapping file for font encoding PD1
)
(/usr/share/texlive/texmf-dist/tex/generic/intcalc/intcalc.sty
Package: intcalc 2019/12/15 v1.3 Expandable calculations with integers (HO)
)
\Hy@SavedSpaceFactor=\count304

(/usr/share/texlive/texmf-dist/tex/latex/hyperref/puenc.def
File: puenc.def 2024-01-20 v7.01h Hyperref: PDF Unicode definition (HO)
Now handling font encoding PU ...
... no UTF-8 mapping file for font encoding PU
)
Package hyperref Info: Option `bookmarks' set `true' on input line 4062.
Package hyperref Info: Option `bookmarksopen' set `true' on input line 4062.
Package hyperref Info: Option `implicit' set `false' on input line 4062.
Package hyperref Info: Hyper figures OFF on input line 4179.
Package hyperref Info: Link nesting OFF on input line 4184.
Package hyperref Info: Hyper index ON on input line 4187.
Package hyperref Info: Plain pages OFF on input line 4194.
Package hyperref Info: Backreferencing OFF on input line 4199.
Package hyperref Info: Implicit mode OFF; no redefinition of LaTeX internals.
Package hyperref Info: Bookmarks ON on input line 4446.
\c@Hy@tempcnt=\count305

(/usr/share/texlive/texmf-dist/tex/latex/url/url.sty
\Urlmuskip=\muskip16
Package: url 2013/09/16  ver 3.4  Verb mode for urls, etc.
)
LaTeX Info: Redefining \url on input line 4784.
\XeTeXLinkMargin=\dimen270

(/usr/share/texlive/texmf-dist/tex/generic/bitset/bitset.sty
Package: bitset 2019/12/09 v1.3 Handle bit-vector datatype (HO)

(/usr/share/texlive/texmf-dist/tex/generic/bigintcalc/bigintcalc.sty
Package: bigintcalc 2019/12/15 v1.5 Expandable calculations on big integers (HO
)
))
\Fld@menulength=\count306
\Field@Width=\dimen271
\Fld@charsize=\dimen272
Package hyperref Info: Hyper figures OFF on input line 6063.
Package hyperref Info: Link nesting OFF on input line 6068.
Package hyperref Info: Hyper index ON on input line 6071.
Package hyperref Info: backreferencing OFF on input line 6078.
Package hyperref Info: Link coloring OFF on input line 6083.
Package hyperref Info: Link coloring with OCG OFF on input line 6088.
Package hyperref Info: PDF/A mode OFF on input line 6093.
\Hy@abspage=\count307


Package hyperref Message: Stopped early.

)
Package hyperref Info: Driver (autodetected): hpdftex.
 (/usr/share/texlive/texmf-dist/tex/latex/hyperref/hpdftex.def
File: hpdftex.def 2024-01-20 v7.01h Hyperref driver for pdfTeX

(/usr/share/texlive/texmf-dist/tex/latex/base/atveryend-ltx.sty
Package: atveryend-ltx 2020/08/19 v1.0a Emulation of the original atveryend pac
kage
with kernel methods
)
\Fld@listcount=\count308
\c@bookmark@seq@number=\count309

(/usr/share/texlive/texmf-dist/tex/latex/rerunfilecheck/rerunfilecheck.sty
Package: rerunfilecheck 2022-07-10 v1.10 Rerun checks for auxiliary files (HO)

(/usr/share/texlive/texmf-dist/tex/generic/uniquecounter/uniquecounter.sty
Package: uniquecounter 2019/12/15 v1.4 Provide unlimited unique counter (HO)
)
Package uniquecounter Info: New unique counter `rerunfilecheck' on input line 2
85.
))
(/usr/share/texlive/texmf-dist/tex/latex/beamer/beamerbaserequires.sty
(/usr/share/texlive/texmf-dist/tex/latex/beamer/beamerbasecompatibility.sty)
(/usr/share/texlive/texmf-dist/tex/latex/beamer/beamerbasefont.sty
(/usr/share/texlive/texmf-dist/tex/latex/amsfonts/amssymb.sty
Package: amssymb 2013/01/14 v3.01 AMS font symbols

(/usr/share/texlive/texmf-dist/tex/latex/amsfonts/amsfonts.sty
Package: amsfonts 2013/01/14 v3.01 Basic AMSFonts support
\@emptytoks=\toks31
\symAMSa=\mathgroup4
\symAMSb=\mathgroup5
LaTeX Font Info:    Redeclaring math symbol \hbar on input line 98.
LaTeX Font Info:    Overwriting math alphabet `\mathfrak' in version `bold'
(Font)                  U/euf/m/n --> U/euf/b/n on input line 106.
))
(/usr/share/texlive/texmf-dist/tex/latex/sansmathaccent/sansmathaccent.sty
Package: sansmathaccent 2020/01/31

(/usr/share/texlive/texmf-dist/tex/latex/koma-script/scrlfile.sty
Package: scrlfile 2023/07/07 v3.41 KOMA-Script package (file load hooks)

(/usr/share/texlive/texmf-dist/tex/latex/koma-script/scrlfile-hook.sty
Package: scrlfile-hook 2023/07/07 v3.41 KOMA-Script package (using LaTeX hooks)


(/usr/share/texlive/texmf-dist/tex/latex/koma-script/scrlogo.sty
Package: scrlogo 2023/07/07 v3.41 KOMA-Script package (logo)
)))))
(/usr/share/texlive/texmf-dist/tex/latex/beamer/beamerbasetranslator.sty
(/usr/share/texlive/texmf-dist/tex/latex/translator/translator.sty
Package: translator 2021-05-31 v1.12d Easy translation of strings in LaTeX
))
(/usr/share/texlive/texmf-dist/tex/latex/beamer/beamerbasemisc.sty)
(/usr/share/texlive/texmf-dist/tex/latex/beamer/beamerbasetwoscreens.sty)
(/usr/share/texlive/texmf-dist/tex/latex/beamer/beamerbaseoverlay.sty
\beamer@argscount=\count310
\beamer@lastskipcover=\skip54
\beamer@trivlistdepth=\count311
)
(/usr/share/texlive/texmf-dist/tex/latex/beamer/beamerbasetitle.sty)
(/usr/share/texlive/texmf-dist/tex/latex/beamer/beamerbasesection.sty
\c@lecture=\count312
\c@part=\count313
\c@section=\count314
\c@subsection=\count315
\c@subsubsection=\count316
)
(/usr/share/texlive/texmf-dist/tex/latex/beamer/beamerbaseframe.sty
\beamer@framebox=\box68
\beamer@frametitlebox=\box69
\beamer@zoombox=\box70
\beamer@zoomcount=\count317
\beamer@zoomframecount=\count318
\beamer@frametextheight=\dimen273
\c@subsectionslide=\count319
\beamer@frametopskip=\skip55
\beamer@framebottomskip=\skip56
\beamer@frametopskipautobreak=\skip57
\beamer@framebottomskipautobreak=\skip58
\beamer@envbody=\toks32
\framewidth=\dimen274
\c@framenumber=\count320
)
(/usr/share/texlive/texmf-dist/tex/latex/beamer/beamerbaseverbatim.sty
\beamer@verbatimfileout=\write4
)
(/usr/share/texlive/texmf-dist/tex/latex/beamer/beamerbaseframesize.sty
\beamer@splitbox=\box71
\beamer@autobreakcount=\count321
\beamer@autobreaklastheight=\dimen275
\beamer@frametitletoks=\toks33
\beamer@framesubtitletoks=\toks34
)
(/usr/share/texlive/texmf-dist/tex/latex/beamer/beamerbaseframecomponents.sty
\beamer@footins=\box72
)
(/usr/share/texlive/texmf-dist/tex/latex/beamer/beamerbasecolor.sty)
(/usr/share/texlive/texmf-dist/tex/latex/beamer/beamerbasenotes.sty
\beamer@frameboxcopy=\box73
)
(/usr/share/texlive/texmf-dist/tex/latex/beamer/beamerbasetoc.sty)
(/usr/share/texlive/texmf-dist/tex/latex/beamer/beamerbasetemplates.sty
\beamer@sbttoks=\toks35

(/usr/share/texlive/texmf-dist/tex/latex/beamer/beamerbaseauxtemplates.sty
(/usr/share/texlive/texmf-dist/tex/latex/beamer/beamerbaseboxes.sty
\bmb@box=\box74
\bmb@colorbox=\box75
\bmb@boxwidth=\dimen276
\bmb@boxheight=\dimen277
\bmb@prevheight=\dimen278
\bmb@temp=\dimen279
\bmb@dima=\dimen280
\bmb@dimb=\dimen281
\bmb@prevheight=\dimen282
)
\beamer@blockheadheight=\dimen283
))
(/usr/share/texlive/texmf-dist/tex/latex/beamer/beamerbaselocalstructure.sty
(/usr/share/texlive/texmf-dist/tex/latex/tools/enumerate.sty
Package: enumerate 2023/07/04 v3.00 enumerate extensions (DPC)
\@enLab=\toks36
)
\beamer@bibiconwidth=\skip59
\c@figure=\count322
\c@table=\count323
\abovecaptionskip=\skip60
\belowcaptionskip=\skip61
)
(/usr/share/texlive/texmf-dist/tex/latex/beamer/beamerbasenavigation.sty
(/usr/share/texlive/texmf-dist/tex/latex/beamer/beamerbasenavigationsymbols.tex
)
\beamer@section@min@dim=\dimen284
) (/usr/share/texlive/texmf-dist/tex/latex/beamer/beamerbasetheorems.sty
(/usr/share/texlive/texmf-dist/tex/latex/amsmath/amsmath.sty
Package: amsmath 2023/05/13 v2.17o AMS math features
\@mathmargin=\skip62

For additional information on amsmath, use the `?' option.
(/usr/share/texlive/texmf-dist/tex/latex/amsmath/amstext.sty
Package: amstext 2021/08/26 v2.01 AMS text

(/usr/share/texlive/texmf-dist/tex/latex/amsmath/amsgen.sty
File: amsgen.sty 1999/11/30 v2.0 generic functions
\@emptytoks=\toks37
\ex@=\dimen285
))
(/usr/share/texlive/texmf-dist/tex/latex/amsmath/amsbsy.sty
Package: amsbsy 1999/11/29 v1.2d Bold Symbols
\pmbraise@=\dimen286
)
(/usr/share/texlive/texmf-dist/tex/latex/amsmath/amsopn.sty
Package: amsopn 2022/04/08 v2.04 operator names
)
\inf@bad=\count324
LaTeX Info: Redefining \frac on input line 234.
\uproot@=\count325
\leftroot@=\count326
LaTeX Info: Redefining \overline on input line 399.
LaTeX Info: Redefining \colon on input line 410.
\classnum@=\count327
\DOTSCASE@=\count328
LaTeX Info: Redefining \ldots on input line 496.
LaTeX Info: Redefining \dots on input line 499.
LaTeX Info: Redefining \cdots on input line 620.
\Mathstrutbox@=\box76
\strutbox@=\box77
LaTeX Info: Redefining \big on input line 722.
LaTeX Info: Redefining \Big on input line 723.
LaTeX Info: Redefining \bigg on input line 724.
LaTeX Info: Redefining \Bigg on input line 725.
\big@size=\dimen287
LaTeX Font Info:    Redeclaring font encoding OML on input line 743.
LaTeX Font Info:    Redeclaring font encoding OMS on input line 744.
\macc@depth=\count329
LaTeX Info: Redefining \bmod on input line 905.
LaTeX Info: Redefining \pmod on input line 910.
LaTeX Info: Redefining \smash on input line 940.
LaTeX Info: Redefining \relbar on input line 970.
LaTeX Info: Redefining \Relbar on input line 971.
\c@MaxMatrixCols=\count330
\dotsspace@=\muskip17
\c@parentequation=\count331
\dspbrk@lvl=\count332
\tag@help=\toks38
\row@=\count333
\column@=\count334
\maxfields@=\count335
\andhelp@=\toks39
\eqnshift@=\dimen288
\alignsep@=\dimen289
\tagshift@=\dimen290
\tagwidth@=\dimen291
\totwidth@=\dimen292
\lineht@=\dimen293
\@envbody=\toks40
\multlinegap=\skip63
\multlinetaggap=\skip64
\mathdisplay@stack=\toks41
LaTeX Info: Redefining \[ on input line 2953.
LaTeX Info: Redefining \] on input line 2954.
)
(/usr/share/texlive/texmf-dist/tex/latex/amscls/amsthm.sty
Package: amsthm 2020/05/29 v2.20.6
\thm@style=\toks42
\thm@bodyfont=\toks43
\thm@headfont=\toks44
\thm@notefont=\toks45
\thm@headpunct=\toks46
\thm@preskip=\skip65
\thm@postskip=\skip66
\thm@headsep=\skip67
\dth@everypar=\toks47
)
\c@theorem=\count336
)
(/usr/share/texlive/texmf-dist/tex/latex/beamer/beamerbasethemes.sty))
(/usr/share/texlive/texmf-dist/tex/latex/beamer/beamerthemedefault.sty
(/usr/share/texlive/texmf-dist/tex/latex/beamer/beamerfontthemedefault.sty)
(/usr/share/texlive/texmf-dist/tex/latex/beamer/beamercolorthemedefault.sty)
(/usr/share/texlive/texmf-dist/tex/latex/beamer/beamerinnerthemedefault.sty
\beamer@dima=\dimen294
\beamer@dimb=\dimen295
)
(/usr/share/texlive/texmf-dist/tex/latex/beamer/beamerouterthemedefault.sty)))
(/usr/share/texlive/texmf-dist/tex/latex/base/inputenc.sty
Package: inputenc 2021/02/14 v1.3d Input encoding file
\inpenc@prehook=\toks48
\inpenc@posthook=\toks49
)
(/usr/share/texlive/texmf-dist/tex/latex/tcolorbox/tcolorbox.sty
Package: tcolorbox 2024/01/10 version 6.2.0 text color boxes

(/usr/share/texlive/texmf-dist/tex/latex/pgf/basiclayer/pgf.sty
Package: pgf 2023-01-15 v3.1.10 (3.1.10)

(/usr/share/texlive/texmf-dist/tex/generic/pgf/modules/pgfmoduleshapes.code.tex
File: pgfmoduleshapes.code.tex 2023-01-15 v3.1.10 (3.1.10)
\pgfnodeparttextbox=\box78
) (/usr/share/texlive/texmf-dist/tex/generic/pgf/modules/pgfmoduleplot.code.tex
File: pgfmoduleplot.code.tex 2023-01-15 v3.1.10 (3.1.10)
)
(/usr/share/texlive/texmf-dist/tex/latex/pgf/compatibility/pgfcomp-version-0-65
.sty
Package: pgfcomp-version-0-65 2023-01-15 v3.1.10 (3.1.10)
\pgf@nodesepstart=\dimen296
\pgf@nodesepend=\dimen297
)
(/usr/share/texlive/texmf-dist/tex/latex/pgf/compatibility/pgfcomp-version-1-18
.sty
Package: pgfcomp-version-1-18 2023-01-15 v3.1.10 (3.1.10)
)) (/usr/share/texlive/texmf-dist/tex/latex/tools/verbatim.sty
Package: verbatim 2023-11-06 v1.5v LaTeX2e package for verbatim enhancements
\every@verbatim=\toks50
\verbatim@line=\toks51
\verbatim@in@stream=\read3
)
(/usr/share/texlive/texmf-dist/tex/latex/environ/environ.sty
Package: environ 2014/05/04 v0.3 A new way to define environments

(/usr/share/texlive/texmf-dist/tex/latex/trimspaces/trimspaces.sty
Package: trimspaces 2009/09/17 v1.1 Trim spaces around a token list
))
\tcb@titlebox=\box79
\tcb@upperbox=\box80
\tcb@lowerbox=\box81
\tcb@phantombox=\box82
\c@tcbbreakpart=\count337
\c@tcblayer=\count338
\c@tcolorbox@number=\count339
\l__tcobox_tmpa_box=\box83
\l__tcobox_tmpa_dim=\dimen298
\tcb@temp=\box84
\tcb@temp=\box85
\tcb@temp=\box86
\tcb@temp=\box87
)
(/usr/share/texlive/texmf-dist/tex/latex/adjustbox/adjustbox.sty
Package: adjustbox 2022/10/17 v1.3a Adjusting TeX boxes (trim, clip, ...)

(/usr/share/texlive/texmf-dist/tex/latex/xkeyval/xkeyval.sty
Package: xkeyval 2022/06/16 v2.9 package option processing (HA)

(/usr/share/texlive/texmf-dist/tex/generic/xkeyval/xkeyval.tex
(/usr/share/texlive/texmf-dist/tex/generic/xkeyval/xkvutils.tex
\XKV@toks=\toks52
\XKV@tempa@toks=\toks53
)
\XKV@depth=\count340
File: xkeyval.tex 2014/12/03 v2.7a key=value parser (HA)
))
(/usr/share/texlive/texmf-dist/tex/latex/adjustbox/adjcalc.sty
Package: adjcalc 2012/05/16 v1.1 Provides advanced setlength with multiple back
-ends (calc, etex, pgfmath)
)
(/usr/share/texlive/texmf-dist/tex/latex/adjustbox/trimclip.sty
Package: trimclip 2020/08/19 v1.2 Trim and clip general TeX material

(/usr/share/texlive/texmf-dist/tex/latex/collectbox/collectbox.sty
Package: collectbox 2022/10/17 v0.4c Collect macro arguments as boxes
\collectedbox=\box88
)
\tc@llx=\dimen299
\tc@lly=\dimen300
\tc@urx=\dimen301
\tc@ury=\dimen302
Package trimclip Info: Using driver 'tc-pdftex.def'.

(/usr/share/texlive/texmf-dist/tex/latex/adjustbox/tc-pdftex.def
File: tc-pdftex.def 2019/01/04 v2.2 Clipping driver for pdftex
))
\adjbox@Width=\dimen303
\adjbox@Height=\dimen304
\adjbox@Depth=\dimen305
\adjbox@Totalheight=\dimen306
\adjbox@pwidth=\dimen307
\adjbox@pheight=\dimen308
\adjbox@pdepth=\dimen309
\adjbox@ptotalheight=\dimen310

(/usr/share/texlive/texmf-dist/tex/latex/ifoddpage/ifoddpage.sty
Package: ifoddpage 2022/10/18 v1.2 Conditionals for odd/even page detection
\c@checkoddpage=\count341
)
(/usr/share/texlive/texmf-dist/tex/latex/varwidth/varwidth.sty
Package: varwidth 2009/03/30 ver 0.92;  Variable-width minipages
\@vwid@box=\box89
\sift@deathcycles=\count342
\@vwid@loff=\dimen311
\@vwid@roff=\dimen312
))
(/usr/share/texlive/texmf-dist/tex/latex/tools/multicol.sty
Package: multicol 2023/03/30 v1.9f multicolumn formatting (FMi)
\c@tracingmulticols=\count343
\mult@box=\box90
\multicol@leftmargin=\dimen313
\c@unbalance=\count344
\c@collectmore=\count345
\doublecol@number=\count346
\multicoltolerance=\count347
\multicolpretolerance=\count348
\full@width=\dimen314
\page@free=\dimen315
\premulticols=\dimen316
\postmulticols=\dimen317
\multicolsep=\skip68
\multicolbaselineskip=\skip69
\partial@page=\box91
\last@line=\box92
\mc@boxedresult=\box93
\maxbalancingoverflow=\dimen318
\mult@rightbox=\box94
\mult@grightbox=\box95
\mult@firstbox=\box96
\mult@gfirstbox=\box97
\@tempa=\box98
\@tempa=\box99
\@tempa=\box100
\@tempa=\box101
\@tempa=\box102
\@tempa=\box103
\@tempa=\box104
\@tempa=\box105
\@tempa=\box106
\@tempa=\box107
\@tempa=\box108
\@tempa=\box109
\@tempa=\box110
\@tempa=\box111
\@tempa=\box112
\@tempa=\box113
\@tempa=\box114
\@tempa=\box115
\@tempa=\box116
\@tempa=\box117
\@tempa=\box118
\@tempa=\box119
\@tempa=\box120
\@tempa=\box121
\@tempa=\box122
\@tempa=\box123
\@tempa=\box124
\@tempa=\box125
\@tempa=\box126
\@tempa=\box127
\@tempa=\box128
\@tempa=\box129
\@tempa=\box130
\@tempa=\box131
\@tempa=\box132
\@tempa=\box133
\c@minrows=\count349
\c@columnbadness=\count350
\c@finalcolumnbadness=\count351
\last@try=\dimen319
\multicolovershoot=\dimen320
\multicolundershoot=\dimen321
\mult@nat@firstbox=\box134
\colbreak@box=\box135
\mc@col@check@num=\count352
)
(/usr/share/texlive/texmf-dist/tex/latex/multirow/multirow.sty
Package: multirow 2021/03/15 v2.8 Span multiple rows of a table
\multirow@colwidth=\skip70
\multirow@cntb=\count353
\multirow@dima=\skip71
\bigstrutjot=\dimen322
)
(/usr/share/texlive/texmf-dist/tex/latex/eurosym/eurosym.sty
Package: eurosym 1998/08/06 v1.1 European currency symbol ``Euro''
\@eurobox=\box136
)
(/usr/share/texlive/texmf-dist/tex/latex/ragged2e/ragged2e.sty
Package: ragged2e 2023/06/22 v3.6 ragged2e Package
\CenteringLeftskip=\skip72
\RaggedLeftLeftskip=\skip73
\RaggedRightLeftskip=\skip74
\CenteringRightskip=\skip75
\RaggedLeftRightskip=\skip76
\RaggedRightRightskip=\skip77
\CenteringParfillskip=\skip78
\RaggedLeftParfillskip=\skip79
\RaggedRightParfillskip=\skip80
\JustifyingParfillskip=\skip81
\CenteringParindent=\skip82
\RaggedLeftParindent=\skip83
\RaggedRightParindent=\skip84
\JustifyingParindent=\skip85
)
(/usr/share/texlive/texmf-dist/tex/latex/psnfss/helvet.sty
Package: helvet 2020/03/25 PSNFSS-v9.3 (WaS) 
)
(/usr/share/texlive/texmf-dist/tex/latex/pgf/frontendlayer/tikz.sty
(/usr/share/texlive/texmf-dist/tex/latex/pgf/utilities/pgffor.sty
(/usr/share/texlive/texmf-dist/tex/generic/pgf/utilities/pgffor.code.tex
Package: pgffor 2023-01-15 v3.1.10 (3.1.10)
\pgffor@iter=\dimen323
\pgffor@skip=\dimen324
\pgffor@stack=\toks54
\pgffor@toks=\toks55
))
(/usr/share/texlive/texmf-dist/tex/generic/pgf/frontendlayer/tikz/tikz.code.tex
Package: tikz 2023-01-15 v3.1.10 (3.1.10)

(/usr/share/texlive/texmf-dist/tex/generic/pgf/libraries/pgflibraryplothandlers
.code.tex
File: pgflibraryplothandlers.code.tex 2023-01-15 v3.1.10 (3.1.10)
\pgf@plot@mark@count=\count354
\pgfplotmarksize=\dimen325
)
\tikz@lastx=\dimen326
\tikz@lasty=\dimen327
\tikz@lastxsaved=\dimen328
\tikz@lastysaved=\dimen329
\tikz@lastmovetox=\dimen330
\tikz@lastmovetoy=\dimen331
\tikzleveldistance=\dimen332
\tikzsiblingdistance=\dimen333
\tikz@figbox=\box137
\tikz@figbox@bg=\box138
\tikz@tempbox=\box139
\tikz@tempbox@bg=\box140
\tikztreelevel=\count355
\tikznumberofchildren=\count356
\tikznumberofcurrentchild=\count357
\tikz@fig@count=\count358

(/usr/share/texlive/texmf-dist/tex/generic/pgf/modules/pgfmodulematrix.code.tex
File: pgfmodulematrix.code.tex 2023-01-15 v3.1.10 (3.1.10)
\pgfmatrixcurrentrow=\count359
\pgfmatrixcurrentcolumn=\count360
\pgf@matrix@numberofcolumns=\count361
)
\tikz@expandcount=\count362

(/usr/share/texlive/texmf-dist/tex/generic/pgf/frontendlayer/tikz/libraries/tik
zlibrarytopaths.code.tex
File: tikzlibrarytopaths.code.tex 2023-01-15 v3.1.10 (3.1.10)
)))
(/usr/share/texlive/texmf-dist/tex/generic/pgf/frontendlayer/tikz/libraries/tik
zlibraryspy.code.tex
File: tikzlibraryspy.code.tex 2023-01-15 v3.1.10 (3.1.10)
\tikz@lib@spybox=\box141
)
(/usr/share/texlive/texmf-dist/tex/generic/pgf/frontendlayer/tikz/libraries/tik
zlibraryshapes.code.tex
File: tikzlibraryshapes.code.tex 2023-01-15 v3.1.10 (3.1.10)

(/usr/share/texlive/texmf-dist/tex/generic/pgf/frontendlayer/tikz/libraries/tik
zlibraryshapes.geometric.code.tex
File: tikzlibraryshapes.geometric.code.tex 2023-01-15 v3.1.10 (3.1.10)

(/usr/share/texlive/texmf-dist/tex/generic/pgf/libraries/shapes/pgflibraryshape
s.geometric.code.tex
File: pgflibraryshapes.geometric.code.tex 2023-01-15 v3.1.10 (3.1.10)
))
(/usr/share/texlive/texmf-dist/tex/generic/pgf/frontendlayer/tikz/libraries/tik
zlibraryshapes.misc.code.tex
File: tikzlibraryshapes.misc.code.tex 2023-01-15 v3.1.10 (3.1.10)

(/usr/share/texlive/texmf-dist/tex/generic/pgf/libraries/shapes/pgflibraryshape
s.misc.code.tex
File: pgflibraryshapes.misc.code.tex 2023-01-15 v3.1.10 (3.1.10)
))
(/usr/share/texlive/texmf-dist/tex/generic/pgf/frontendlayer/tikz/libraries/tik
zlibraryshapes.symbols.code.tex
File: tikzlibraryshapes.symbols.code.tex 2023-01-15 v3.1.10 (3.1.10)

(/usr/share/texlive/texmf-dist/tex/generic/pgf/libraries/shapes/pgflibraryshape
s.symbols.code.tex
File: pgflibraryshapes.symbols.code.tex 2023-01-15 v3.1.10 (3.1.10)
))
(/usr/share/texlive/texmf-dist/tex/generic/pgf/frontendlayer/tikz/libraries/tik
zlibraryshapes.arrows.code.tex
File: tikzlibraryshapes.arrows.code.tex 2023-01-15 v3.1.10 (3.1.10)

(/usr/share/texlive/texmf-dist/tex/generic/pgf/libraries/shapes/pgflibraryshape
s.arrows.code.tex
File: pgflibraryshapes.arrows.code.tex 2023-01-15 v3.1.10 (3.1.10)
))
(/usr/share/texlive/texmf-dist/tex/generic/pgf/frontendlayer/tikz/libraries/tik
zlibraryshapes.callouts.code.tex
(/usr/share/texlive/texmf-dist/tex/generic/pgf/libraries/shapes/pgflibraryshape
s.callouts.code.tex))
(/usr/share/texlive/texmf-dist/tex/generic/pgf/frontendlayer/tikz/libraries/tik
zlibraryshapes.multipart.code.tex
File: tikzlibraryshapes.multipart.code.tex 2023-01-15 v3.1.10 (3.1.10)

(/usr/share/texlive/texmf-dist/tex/generic/pgf/libraries/shapes/pgflibraryshape
s.multipart.code.tex
File: pgflibraryshapes.multipart.code.tex 2023-01-15 v3.1.10 (3.1.10)
\pgfnodepartlowerbox=\box142
\pgfnodeparttwobox=\box143
\pgfnodepartthreebox=\box144
\pgfnodepartfourbox=\box145
\pgfnodeparttwentybox=\box146
\pgfnodepartnineteenbox=\box147
\pgfnodeparteighteenbox=\box148
\pgfnodepartseventeenbox=\box149
\pgfnodepartsixteenbox=\box150
\pgfnodepartfifteenbox=\box151
\pgfnodepartfourteenbox=\box152
\pgfnodepartthirteenbox=\box153
\pgfnodeparttwelvebox=\box154
\pgfnodepartelevenbox=\box155
\pgfnodeparttenbox=\box156
\pgfnodepartninebox=\box157
\pgfnodeparteightbox=\box158
\pgfnodepartsevenbox=\box159
\pgfnodepartsixbox=\box160
\pgfnodepartfivebox=\box161
)))
(/usr/share/texlive/texmf-dist/tex/generic/pgf/frontendlayer/tikz/libraries/tik
zlibraryarrows.code.tex
File: tikzlibraryarrows.code.tex 2023-01-15 v3.1.10 (3.1.10)

(/usr/share/texlive/texmf-dist/tex/generic/pgf/libraries/pgflibraryarrows.code.
tex
File: pgflibraryarrows.code.tex 2023-01-15 v3.1.10 (3.1.10)
\arrowsize=\dimen334
))
(/usr/share/texlive/texmf-dist/tex/generic/pgf/frontendlayer/tikz/libraries/tik
zlibrarypositioning.code.tex
File: tikzlibrarypositioning.code.tex 2023-01-15 v3.1.10 (3.1.10)
)
(/usr/share/texlive/texmf-dist/tex/generic/pgf/frontendlayer/tikz/libraries/tik
zlibrarydecorations.pathreplacing.code.tex
(/usr/share/texlive/texmf-dist/tex/generic/pgf/frontendlayer/tikz/libraries/tik
zlibrarydecorations.code.tex
(/usr/share/texlive/texmf-dist/tex/generic/pgf/modules/pgfmoduledecorations.cod
e.tex
\pgfdecoratedcompleteddistance=\dimen335
\pgfdecoratedremainingdistance=\dimen336
\pgfdecoratedinputsegmentcompleteddistance=\dimen337
\pgfdecoratedinputsegmentremainingdistance=\dimen338
\pgf@decorate@distancetomove=\dimen339
\pgf@decorate@repeatstate=\count363
\pgfdecorationsegmentamplitude=\dimen340
\pgfdecorationsegmentlength=\dimen341
)
\tikz@lib@dec@box=\box162
)
(/usr/share/texlive/texmf-dist/tex/generic/pgf/libraries/decorations/pgflibrary
decorations.pathreplacing.code.tex))
(/usr/share/texlive/texmf-dist/tex/generic/pgf/frontendlayer/tikz/libraries/tik
zlibrarymatrix.code.tex
File: tikzlibrarymatrix.code.tex 2023-01-15 v3.1.10 (3.1.10)
)
(/usr/share/texlive/texmf-dist/tex/latex/spath3/tikzlibrarycalligraphy.code.tex
(/usr/share/texlive/texmf-dist/tex/latex/spath3/spath3.sty
(/usr/share/texlive/texmf-dist/tex/latex/l3kernel/expl3.sty
Package: expl3 2024-01-22 L3 programming layer (loader) 

(/usr/share/texlive/texmf-dist/tex/latex/l3backend/l3backend-pdftex.def
File: l3backend-pdftex.def 2024-01-04 L3 backend support: PDF output (pdfTeX)
\l__color_backend_stack_int=\count364
\l__pdf_internal_box=\box163
))
Package: spath3 2022/08/24 v2.7 Functions for manipulating PGF soft paths

(/usr/share/texlive/texmf-dist/tex/latex/l3packages/xparse/xparse.sty
Package: xparse 2023-10-10 L3 Experimental document command parser
)
\g__spath_output_int=\count365
\l__spath_tmpa_dim=\dimen342
\l__spath_tmpb_dim=\dimen343
\l__spath_tmpa_int=\count366
\l__spath_tmpb_int=\count367
\l__spath_move_x_dim=\dimen344
\l__spath_move_y_dim=\dimen345
\l__spath_rectx_dim=\dimen346
\l__spath_recty_dim=\dimen347
\g__spath_anon_int=\count368
)
\l__cal_tmpa_int=\count369
\l__cal_tmpb_int=\count370
\g__cal_path_component_int=\count371
\g__cal_label_int=\count372
\l__cal_tmpa_dim=\dimen348
\l__cal_tmpb_dim=\dimen349
\l__cal_tmpc_dim=\dimen350
\l__cal_tmpd_dim=\dimen351
\l__cal_tmpe_dim=\dimen352
\l__cal_tmpf_dim=\dimen353
\l__cal_tmpg_dim=\dimen354
\l__cal_tmph_dim=\dimen355
\l__cal_taper_width_dim=\dimen356
\l__cal_line_width_dim=\dimen357
)
(/usr/share/texlive/texmf-dist/tex/generic/pgf/frontendlayer/tikz/libraries/tik
zlibrarycalc.code.tex
File: tikzlibrarycalc.code.tex 2023-01-15 v3.1.10 (3.1.10)
)
(/usr/share/texlive/texmf-dist/tex/latex/csquotes/csquotes.sty
Package: csquotes 2022-09-14 v5.2n context-sensitive quotations (JAW)
\csq@reset=\count373
\csq@gtype=\count374
\csq@glevel=\count375
\csq@qlevel=\count376
\csq@maxlvl=\count377
\csq@tshold=\count378
\csq@ltx@everypar=\toks56

(/usr/share/texlive/texmf-dist/tex/latex/csquotes/csquotes.def
File: csquotes.def 2022-09-14 v5.2n csquotes generic definitions (JAW)
)
Package csquotes Info: Trying to load configuration file 'csquotes.cfg'...
Package csquotes Info: ... configuration file loaded successfully.

(/usr/share/texlive/texmf-dist/tex/latex/csquotes/csquotes.cfg
File: csquotes.cfg 
)
Package csquotes Info: Disabling multilingual quotes.
Package csquotes Info: Redefining alias 'default' -> 'british'.
)
\mybox=\box164
\pgf@layerbox@bg=\box165
\pgf@layerboxsaved@bg=\box166
Package hyperref Info: Option `colorlinks' set `true' on input line 66.
LaTeX Font Info:    Trying to load font information for OT1+phv on input line 7
1.

(/usr/share/texlive/texmf-dist/tex/latex/psnfss/ot1phv.fd
File: ot1phv.fd 2020/03/25 scalable font definitions for OT1/phv.
)
LaTeX Font Info:    Font shape `OT1/phv/m/n' will be
(Font)              scaled to size 10.40245pt on input line 71.
 (./capitulo 4.aux)
\openout1 = `"capitulo 4.aux"'.

LaTeX Font Info:    Checking defaults for OML/cmm/m/it on input line 71.
LaTeX Font Info:    ... okay on input line 71.
LaTeX Font Info:    Checking defaults for OMS/cmsy/m/n on input line 71.
LaTeX Font Info:    ... okay on input line 71.
LaTeX Font Info:    Checking defaults for OT1/cmr/m/n on input line 71.
LaTeX Font Info:    ... okay on input line 71.
LaTeX Font Info:    Checking defaults for T1/cmr/m/n on input line 71.
LaTeX Font Info:    ... okay on input line 71.
LaTeX Font Info:    Checking defaults for TS1/cmr/m/n on input line 71.
LaTeX Font Info:    ... okay on input line 71.
LaTeX Font Info:    Checking defaults for OMX/cmex/m/n on input line 71.
LaTeX Font Info:    ... okay on input line 71.
LaTeX Font Info:    Checking defaults for U/cmr/m/n on input line 71.
LaTeX Font Info:    ... okay on input line 71.
LaTeX Font Info:    Checking defaults for PD1/pdf/m/n on input line 71.
LaTeX Font Info:    ... okay on input line 71.
LaTeX Font Info:    Checking defaults for PU/pdf/m/n on input line 71.
LaTeX Font Info:    ... okay on input line 71.

*geometry* driver: auto-detecting
*geometry* detected driver: pdftex
*geometry* verbose mode - [ preamble ] result:
* driver: pdftex
* paper: custom
* layout: <same size as paper>
* layoutoffset:(h,v)=(0.0pt,0.0pt)
* modes: includehead includefoot 
* h-part:(L,W,R)=(28.45274pt, 307.28987pt, 28.45274pt)
* v-part:(T,H,B)=(0.0pt, 273.14662pt, 0.0pt)
* \paperwidth=364.19536pt
* \paperheight=273.14662pt
* \textwidth=307.28987pt
* \textheight=244.6939pt
* \oddsidemargin=-43.81725pt
* \evensidemargin=-43.81725pt
* \topmargin=-72.26999pt
* \headheight=14.22636pt
* \headsep=0.0pt
* \topskip=11.0pt
* \footskip=14.22636pt
* \marginparwidth=4.0pt
* \marginparsep=10.0pt
* \columnsep=10.0pt
* \skip\footins=10.0pt plus 4.0pt minus 2.0pt
* \hoffset=0.0pt
* \voffset=0.0pt
* \mag=1000
* \@twocolumnfalse
* \@twosidefalse
* \@mparswitchfalse
* \@reversemarginfalse
* (1in=72.27pt=25.4mm, 1cm=28.453pt)

(/usr/share/texlive/texmf-dist/tex/context/base/mkii/supp-pdf.mkii
[Loading MPS to PDF converter (version 2006.09.02).]
\scratchcounter=\count379
\scratchdimen=\dimen358
\scratchbox=\box167
\nofMPsegments=\count380
\nofMParguments=\count381
\everyMPshowfont=\toks57
\MPscratchCnt=\count382
\MPscratchDim=\dimen359
\MPnumerator=\count383
\makeMPintoPDFobject=\count384
\everyMPtoPDFconversion=\toks58
) (/usr/share/texlive/texmf-dist/tex/latex/epstopdf-pkg/epstopdf-base.sty
Package: epstopdf-base 2020-01-24 v2.11 Base part for package epstopdf

(/usr/share/texlive/texmf-dist/tex/latex/grfext/grfext.sty
Package: grfext 2019/12/03 v1.3 Manage graphics extensions (HO)
)
Package epstopdf-base Info: Redefining graphics rule for `.eps' on input line 4
85.
Package grfext Info: Graphics extension search list:
(grfext)             [.pdf,.png,.jpg,.mps,.jpeg,.jbig2,.jb2,.PDF,.PNG,.JPG,.JPE
G,.JBIG2,.JB2,.eps]
(grfext)             \AppendGraphicsExtensions on input line 504.

(/usr/share/texlive/texmf-dist/tex/latex/latexconfig/epstopdf-sys.cfg
File: epstopdf-sys.cfg 2010/07/13 v1.3 Configuration of (r)epstopdf for TeX Liv
e
))
Package hyperref Info: Link coloring ON on input line 71.

(./capitulo 4.out) (./capitulo 4.out)
\@outlinefile=\write5
\openout5 = `"capitulo 4.out"'.

LaTeX Font Info:    Overwriting symbol font `operators' in version `normal'
(Font)                  OT1/cmr/m/n --> OT1/cmss/m/n on input line 71.
LaTeX Font Info:    Overwriting symbol font `operators' in version `bold'
(Font)                  OT1/cmr/bx/n --> OT1/cmss/b/n on input line 71.
\symnumbers=\mathgroup6
\sympureletters=\mathgroup7
LaTeX Font Info:    Overwriting math alphabet `\mathrm' in version `normal'
(Font)                  OT1/cmss/m/n --> OT1/cmr/m/n on input line 71.
LaTeX Font Info:    Redeclaring math alphabet \mathbf on input line 71.
LaTeX Font Info:    Overwriting math alphabet `\mathbf' in version `normal'
(Font)                  OT1/cmr/bx/n --> OT1/phv/b/n on input line 71.
LaTeX Font Info:    Overwriting math alphabet `\mathbf' in version `bold'
(Font)                  OT1/cmr/bx/n --> OT1/phv/b/n on input line 71.
LaTeX Font Info:    Redeclaring math alphabet \mathsf on input line 71.
LaTeX Font Info:    Overwriting math alphabet `\mathsf' in version `normal'
(Font)                  OT1/cmss/m/n --> OT1/phv/m/n on input line 71.
LaTeX Font Info:    Overwriting math alphabet `\mathsf' in version `bold'
(Font)                  OT1/cmss/bx/n --> OT1/phv/m/n on input line 71.
LaTeX Font Info:    Redeclaring math alphabet \mathit on input line 71.
LaTeX Font Info:    Overwriting math alphabet `\mathit' in version `normal'
(Font)                  OT1/cmr/m/it --> OT1/phv/m/it on input line 71.
LaTeX Font Info:    Overwriting math alphabet `\mathit' in version `bold'
(Font)                  OT1/cmr/bx/it --> OT1/phv/m/it on input line 71.
LaTeX Font Info:    Redeclaring math alphabet \mathtt on input line 71.
LaTeX Font Info:    Overwriting math alphabet `\mathtt' in version `normal'
(Font)                  OT1/cmtt/m/n --> OT1/cmtt/m/n on input line 71.
LaTeX Font Info:    Overwriting math alphabet `\mathtt' in version `bold'
(Font)                  OT1/cmtt/m/n --> OT1/cmtt/m/n on input line 71.
LaTeX Font Info:    Overwriting symbol font `numbers' in version `bold'
(Font)                  OT1/phv/m/n --> OT1/phv/b/n on input line 71.
LaTeX Font Info:    Overwriting symbol font `pureletters' in version `bold'
(Font)                  OT1/phv/m/it --> OT1/phv/b/it on input line 71.
LaTeX Font Info:    Overwriting math alphabet `\mathrm' in version `bold'
(Font)                  OT1/cmss/b/n --> OT1/cmr/b/n on input line 71.
LaTeX Font Info:    Overwriting math alphabet `\mathbf' in version `bold'
(Font)                  OT1/phv/b/n --> OT1/phv/b/n on input line 71.
LaTeX Font Info:    Overwriting math alphabet `\mathsf' in version `bold'
(Font)                  OT1/phv/m/n --> OT1/phv/b/n on input line 71.
LaTeX Font Info:    Overwriting math alphabet `\mathit' in version `bold'
(Font)                  OT1/phv/m/it --> OT1/phv/b/it on input line 71.
LaTeX Font Info:    Overwriting math alphabet `\mathtt' in version `bold'
(Font)                  OT1/cmtt/m/n --> OT1/cmtt/b/n on input line 71.

(/usr/share/texlive/texmf-dist/tex/latex/translator/translator-basic-dictionary
-English.dict
Dictionary: translator-basic-dictionary, Language: English 
)
(/usr/share/texlive/texmf-dist/tex/latex/translator/translator-bibliography-dic
tionary-English.dict
Dictionary: translator-bibliography-dictionary, Language: English 
)
(/usr/share/texlive/texmf-dist/tex/latex/translator/translator-environment-dict
ionary-English.dict
Dictionary: translator-environment-dictionary, Language: English 
)
(/usr/share/texlive/texmf-dist/tex/latex/translator/translator-months-dictionar
y-English.dict
Dictionary: translator-months-dictionary, Language: English 
)
(/usr/share/texlive/texmf-dist/tex/latex/translator/translator-numbers-dictiona
ry-English.dict
Dictionary: translator-numbers-dictionary, Language: English 
)
(/usr/share/texlive/texmf-dist/tex/latex/translator/translator-theorem-dictiona
ry-English.dict
Dictionary: translator-theorem-dictionary, Language: English 
) (./capitulo 4.nav)
LaTeX Font Info:    Font shape `OT1/phv/m/n' will be
(Font)              scaled to size 5.69998pt on input line 71.
<../visual material/logo.png, id=29, 181.42781pt x 65.49469pt>
File: ../visual material/logo.png Graphic file (type png)
<use ../visual material/logo.png>
Package pdftex.def Info: ../visual material/logo.png  used on input line 71.
(pdftex.def)             Requested size: 54.22667pt x 19.57596pt.
LaTeX Font Info:    Font shape `OT1/phv/m/n' will be
(Font)              scaled to size 13.67995pt on input line 77.
LaTeX Font Info:    Font shape `OT1/phv/m/n' will be
(Font)              scaled to size 7.59998pt on input line 77.
<../visual material/logo_eng_full.png, id=30, 371.13657pt x 65.49469pt>
File: ../visual material/logo_eng_full.png Graphic file (type png)
<use ../visual material/logo_eng_full.png>
Package pdftex.def Info: ../visual material/logo_eng_full.png  used on input li
ne 77.
(pdftex.def)             Requested size: 152.52374pt x 26.91629pt.
LaTeX Font Info:    Font shape `OT1/phv/m/n' will be
(Font)              scaled to size 3.79999pt on input line 77.
 [1

{/var/lib/texmf/fonts/map/pdftex/updmap/pdftex.map}{/usr/share/texlive/texmf-di
st/fonts/enc/dvips/base/8r.enc} <../visual material/logo_eng_full.png>]
File: ../visual material/logo.png Graphic file (type png)
<use ../visual material/logo.png>
Package pdftex.def Info: ../visual material/logo.png  used on input line 82.
(pdftex.def)             Requested size: 55.30632pt x 19.9661pt.
 (./capitulo 4.toc)
File: ../visual material/logo.png Graphic file (type png)
<use ../visual material/logo.png>
Package pdftex.def Info: ../visual material/logo.png  used on input line 82.
(pdftex.def)             Requested size: 55.2205pt x 19.93489pt.
 [2

 <../visual material/logo.png>]
File: ../visual material/logo.png Graphic file (type png)
<use ../visual material/logo.png>
Package pdftex.def Info: ../visual material/logo.png  used on input line 84.
(pdftex.def)             Requested size: 55.2205pt x 19.93489pt.
File: ../visual material/logo.png Graphic file (type png)
<use ../visual material/logo.png>
Package pdftex.def Info: ../visual material/logo.png  used on input line 84.
(pdftex.def)             Requested size: 55.2288pt x 19.9374pt.
 [3

] (./monopolio.tex
File: ../visual material/logo.png Graphic file (type png)
<use ../visual material/logo.png>
Package pdftex.def Info: ../visual material/logo.png  used on input line 15.
(pdftex.def)             Requested size: 55.2288pt x 19.9374pt.
LaTeX Font Info:    Trying to load font information for U+msa on input line 15.


(/usr/share/texlive/texmf-dist/tex/latex/amsfonts/umsa.fd
File: umsa.fd 2013/01/14 v3.01 AMS symbols A
)
LaTeX Font Info:    Trying to load font information for U+msb on input line 15.


(/usr/share/texlive/texmf-dist/tex/latex/amsfonts/umsb.fd
File: umsb.fd 2013/01/14 v3.01 AMS symbols B
)
LaTeX Font Info:    Font shape `OT1/phv/m/it' in size <10.95> not available
(Font)              Font shape `OT1/phv/m/sl' tried instead on input line 15.
LaTeX Font Info:    Font shape `OT1/phv/m/sl' will be
(Font)              scaled to size 10.40245pt on input line 15.
LaTeX Font Info:    Font shape `OT1/phv/m/it' in size <8> not available
(Font)              Font shape `OT1/phv/m/sl' tried instead on input line 15.
LaTeX Font Info:    Font shape `OT1/phv/m/sl' will be
(Font)              scaled to size 7.59998pt on input line 15.
LaTeX Font Info:    Font shape `OT1/phv/m/it' in size <6> not available
(Font)              Font shape `OT1/phv/m/sl' tried instead on input line 15.
LaTeX Font Info:    Font shape `OT1/phv/m/sl' will be
(Font)              scaled to size 5.69998pt on input line 15.
LaTeX Font Info:    Font shape `OT1/phv/m/n' will be
(Font)              scaled to size 8.54997pt on input line 15.
LaTeX Font Info:    Font shape `OT1/phv/m/n' will be
(Font)              scaled to size 4.74998pt on input line 15.
LaTeX Font Info:    Font shape `OT1/phv/m/it' in size <9> not available
(Font)              Font shape `OT1/phv/m/sl' tried instead on input line 15.
LaTeX Font Info:    Font shape `OT1/phv/m/sl' will be
(Font)              scaled to size 8.54997pt on input line 15.
LaTeX Font Info:    Font shape `OT1/phv/m/it' in size <5> not available
(Font)              Font shape `OT1/phv/m/sl' tried instead on input line 15.
LaTeX Font Info:    Font shape `OT1/phv/m/sl' will be
(Font)              scaled to size 4.74998pt on input line 15.
LaTeX Font Info:    Font shape `OT1/phv/m/n' will be
(Font)              scaled to size 9.49997pt on input line 15.
File: ../visual material/logo.png Graphic file (type png)
<use ../visual material/logo.png>
Package pdftex.def Info: ../visual material/logo.png  used on input line 15.
(pdftex.def)             Requested size: 55.22604pt x 19.93718pt.
 [4

]
File: ../visual material/logo.png Graphic file (type png)
<use ../visual material/logo.png>
Package pdftex.def Info: ../visual material/logo.png  used on input line 15.
(pdftex.def)             Requested size: 55.22604pt x 19.93718pt.
 [5

]
File: ../visual material/logo.png Graphic file (type png)
<use ../visual material/logo.png>
Package pdftex.def Info: ../visual material/logo.png  used on input line 15.
(pdftex.def)             Requested size: 55.22604pt x 19.93718pt.
 [6

]
File: ../visual material/logo.png Graphic file (type png)
<use ../visual material/logo.png>
Package pdftex.def Info: ../visual material/logo.png  used on input line 54.
(pdftex.def)             Requested size: 55.22604pt x 19.93718pt.
File: ../visual material/logo.png Graphic file (type png)
<use ../visual material/logo.png>
Package pdftex.def Info: ../visual material/logo.png  used on input line 54.
(pdftex.def)             Requested size: 55.22604pt x 19.93721pt.
 [7

]
File: ../visual material/logo.png Graphic file (type png)
<use ../visual material/logo.png>
Package pdftex.def Info: ../visual material/logo.png  used on input line 73.
(pdftex.def)             Requested size: 55.22604pt x 19.93721pt.
File: ../visual material/logo.png Graphic file (type png)
<use ../visual material/logo.png>
Package pdftex.def Info: ../visual material/logo.png  used on input line 73.
(pdftex.def)             Requested size: 55.22604pt x 19.9372pt.

[8

]
File: ../visual material/logo.png Graphic file (type png)
<use ../visual material/logo.png>
Package pdftex.def Info: ../visual material/logo.png  used on input line 73.
(pdftex.def)             Requested size: 55.22604pt x 19.9372pt.
 [9

]
File: ../visual material/logo.png Graphic file (type png)
<use ../visual material/logo.png>
Package pdftex.def Info: ../visual material/logo.png  used on input line 73.
(pdftex.def)             Requested size: 55.22604pt x 19.9372pt.
 [10

]
File: ../visual material/logo.png Graphic file (type png)
<use ../visual material/logo.png>
Package pdftex.def Info: ../visual material/logo.png  used on input line 73.
(pdftex.def)             Requested size: 55.22604pt x 19.9372pt.
 [11

]
File: ../visual material/logo.png Graphic file (type png)
<use ../visual material/logo.png>
Package pdftex.def Info: ../visual material/logo.png  used on input line 73.
(pdftex.def)             Requested size: 55.22604pt x 19.9372pt.
 [12

]
File: ../visual material/logo.png Graphic file (type png)
<use ../visual material/logo.png>
Package pdftex.def Info: ../visual material/logo.png  used on input line 85.
(pdftex.def)             Requested size: 55.22604pt x 19.9372pt.
File: ../visual material/logo.png Graphic file (type png)
<use ../visual material/logo.png>
Package pdftex.def Info: ../visual material/logo.png  used on input line 85.
(pdftex.def)             Requested size: 55.22604pt x 19.93721pt.
 [13

]
File: ../visual material/logo.png Graphic file (type png)
<use ../visual material/logo.png>
Package pdftex.def Info: ../visual material/logo.png  used on input line 85.
(pdftex.def)             Requested size: 55.22604pt x 19.93721pt.
 [14

]
File: ../visual material/logo.png Graphic file (type png)
<use ../visual material/logo.png>
Package pdftex.def Info: ../visual material/logo.png  used on input line 85.
(pdftex.def)             Requested size: 55.22604pt x 19.93721pt.
 [15

]
File: ../visual material/logo.png Graphic file (type png)
<use ../visual material/logo.png>
Package pdftex.def Info: ../visual material/logo.png  used on input line 85.
(pdftex.def)             Requested size: 55.22604pt x 19.93721pt.
 [16

]
File: ../visual material/logo.png Graphic file (type png)
<use ../visual material/logo.png>
Package pdftex.def Info: ../visual material/logo.png  used on input line 85.
(pdftex.def)             Requested size: 55.22604pt x 19.93721pt.
 [17

]
File: ../visual material/logo.png Graphic file (type png)
<use ../visual material/logo.png>
Package pdftex.def Info: ../visual material/logo.png  used on input line 95.
(pdftex.def)             Requested size: 55.22604pt x 19.93721pt.
File: ../visual material/logo.png Graphic file (type png)
<use ../visual material/logo.png>
Package pdftex.def Info: ../visual material/logo.png  used on input line 95.
(pdftex.def)             Requested size: 55.22604pt x 19.9372pt.
 [18

]
File: ../visual material/logo.png Graphic file (type png)
<use ../visual material/logo.png>
Package pdftex.def Info: ../visual material/logo.png  used on input line 95.
(pdftex.def)             Requested size: 55.22604pt x 19.9372pt.
 [19

]
File: ../visual material/logo.png Graphic file (type png)
<use ../visual material/logo.png>
Package pdftex.def Info: ../visual material/logo.png  used on input line 95.
(pdftex.def)             Requested size: 55.22604pt x 19.9372pt.
 [20

]
File: ../visual material/logo.png Graphic file (type png)
<use ../visual material/logo.png>
Package pdftex.def Info: ../visual material/logo.png  used on input line 105.
(pdftex.def)             Requested size: 55.22604pt x 19.9372pt.
File: ../visual material/logo.png Graphic file (type png)
<use ../visual material/logo.png>
Package pdftex.def Info: ../visual material/logo.png  used on input line 105.
(pdftex.def)             Requested size: 55.22604pt x 19.93721pt.
 [21

]
File: ../visual material/logo.png Graphic file (type png)
<use ../visual material/logo.png>
Package pdftex.def Info: ../visual material/logo.png  used on input line 105.
(pdftex.def)             Requested size: 55.22604pt x 19.93721pt.
 [22

]
File: ../visual material/logo.png Graphic file (type png)
<use ../visual material/logo.png>
Package pdftex.def Info: ../visual material/logo.png  used on input line 105.
(pdftex.def)             Requested size: 55.22604pt x 19.93721pt.

[23

]
File: ../visual material/logo.png Graphic file (type png)
<use ../visual material/logo.png>
Package pdftex.def Info: ../visual material/logo.png  used on input line 153.
(pdftex.def)             Requested size: 55.22604pt x 19.93721pt.

Overfull \hbox (9.12082pt too wide) in paragraph at lines 153--153
 [] 
 []

File: ../visual material/logo.png Graphic file (type png)
<use ../visual material/logo.png>
Package pdftex.def Info: ../visual material/logo.png  used on input line 153.
(pdftex.def)             Requested size: 55.22604pt x 19.9372pt.
[24

]
File: ../visual material/logo.png Graphic file (type png)
<use ../visual material/logo.png>
Package pdftex.def Info: ../visual material/logo.png  used on input line 228.
(pdftex.def)             Requested size: 55.22604pt x 19.9372pt.

Overfull \hbox (47.02068pt too wide) in paragraph at lines 228--228
 [] 
 []

File: ../visual material/logo.png Graphic file (type png)
<use ../visual material/logo.png>
Package pdftex.def Info: ../visual material/logo.png  used on input line 228.
(pdftex.def)             Requested size: 55.22604pt x 19.93721pt.
[25

]
Overfull \hbox (47.02068pt too wide) in paragraph at lines 228--228
 [] 
 []

File: ../visual material/logo.png Graphic file (type png)
<use ../visual material/logo.png>
Package pdftex.def Info: ../visual material/logo.png  used on input line 228.
(pdftex.def)             Requested size: 55.22604pt x 19.93721pt.
[26

]
Overfull \hbox (47.02068pt too wide) in paragraph at lines 228--228
 [] 
 []

File: ../visual material/logo.png Graphic file (type png)
<use ../visual material/logo.png>
Package pdftex.def Info: ../visual material/logo.png  used on input line 228.
(pdftex.def)             Requested size: 55.22604pt x 19.93721pt.
[27

]
Overfull \hbox (47.02068pt too wide) in paragraph at lines 228--228
 [] 
 []

File: ../visual material/logo.png Graphic file (type png)
<use ../visual material/logo.png>
Package pdftex.def Info: ../visual material/logo.png  used on input line 228.
(pdftex.def)             Requested size: 55.22604pt x 19.93721pt.
[28

]
Overfull \hbox (47.02068pt too wide) in paragraph at lines 228--228
 [] 
 []

File: ../visual material/logo.png Graphic file (type png)
<use ../visual material/logo.png>
Package pdftex.def Info: ../visual material/logo.png  used on input line 228.
(pdftex.def)             Requested size: 55.22604pt x 19.93721pt.
[29

]
Overfull \hbox (47.02068pt too wide) in paragraph at lines 228--228
 [] 
 []

File: ../visual material/logo.png Graphic file (type png)
<use ../visual material/logo.png>
Package pdftex.def Info: ../visual material/logo.png  used on input line 228.
(pdftex.def)             Requested size: 55.22604pt x 19.93721pt.
[30

]
Overfull \hbox (47.02068pt too wide) in paragraph at lines 228--228
 [] 
 []

File: ../visual material/logo.png Graphic file (type png)
<use ../visual material/logo.png>
Package pdftex.def Info: ../visual material/logo.png  used on input line 228.
(pdftex.def)             Requested size: 55.22604pt x 19.93721pt.
[31

]
File: ../visual material/logo.png Graphic file (type png)
<use ../visual material/logo.png>
Package pdftex.def Info: ../visual material/logo.png  used on input line 275.
(pdftex.def)             Requested size: 55.22604pt x 19.93721pt.
File: ../visual material/logo.png Graphic file (type png)
<use ../visual material/logo.png>
Package pdftex.def Info: ../visual material/logo.png  used on input line 275.
(pdftex.def)             Requested size: 55.22604pt x 19.9372pt.
 [32

]
File: ../visual material/logo.png Graphic file (type png)
<use ../visual material/logo.png>
Package pdftex.def Info: ../visual material/logo.png  used on input line 275.
(pdftex.def)             Requested size: 55.22604pt x 19.9372pt.
 [33

]
File: ../visual material/logo.png Graphic file (type png)
<use ../visual material/logo.png>
Package pdftex.def Info: ../visual material/logo.png  used on input line 344.
(pdftex.def)             Requested size: 55.22604pt x 19.9372pt.
File: ../visual material/logo.png Graphic file (type png)
<use ../visual material/logo.png>
Package pdftex.def Info: ../visual material/logo.png  used on input line 344.
(pdftex.def)             Requested size: 55.22604pt x 19.93721pt.
 [34

]
File: ../visual material/logo.png Graphic file (type png)
<use ../visual material/logo.png>
Package pdftex.def Info: ../visual material/logo.png  used on input line 344.
(pdftex.def)             Requested size: 55.22604pt x 19.93721pt.
 [35

]
File: ../visual material/logo.png Graphic file (type png)
<use ../visual material/logo.png>
Package pdftex.def Info: ../visual material/logo.png  used on input line 344.
(pdftex.def)             Requested size: 55.22604pt x 19.93721pt.
 [36

]
File: ../visual material/logo.png Graphic file (type png)
<use ../visual material/logo.png>
Package pdftex.def Info: ../visual material/logo.png  used on input line 353.
(pdftex.def)             Requested size: 55.22604pt x 19.93721pt.
File: ../visual material/logo.png Graphic file (type png)
<use ../visual material/logo.png>
Package pdftex.def Info: ../visual material/logo.png  used on input line 353.
(pdftex.def)             Requested size: 55.22604pt x 19.9372pt.
 [37

]
File: ../visual material/logo.png Graphic file (type png)
<use ../visual material/logo.png>
Package pdftex.def Info: ../visual material/logo.png  used on input line 407.
(pdftex.def)             Requested size: 55.22604pt x 19.9372pt.
File: ../visual material/logo.png Graphic file (type png)
<use ../visual material/logo.png>
Package pdftex.def Info: ../visual material/logo.png  used on input line 407.
(pdftex.def)             Requested size: 55.22604pt x 19.93721pt.
 [38

]
File: ../visual material/logo.png Graphic file (type png)
<use ../visual material/logo.png>
Package pdftex.def Info: ../visual material/logo.png  used on input line 407.
(pdftex.def)             Requested size: 55.22604pt x 19.93721pt.
 [39

]
File: ../visual material/logo.png Graphic file (type png)
<use ../visual material/logo.png>
Package pdftex.def Info: ../visual material/logo.png  used on input line 407.
(pdftex.def)             Requested size: 55.22604pt x 19.93721pt.
 [40

]
File: ../visual material/logo.png Graphic file (type png)
<use ../visual material/logo.png>
Package pdftex.def Info: ../visual material/logo.png  used on input line 407.
(pdftex.def)             Requested size: 55.22604pt x 19.93721pt.
 [41

]
File: ../visual material/logo.png Graphic file (type png)
<use ../visual material/logo.png>
Package pdftex.def Info: ../visual material/logo.png  used on input line 472.
(pdftex.def)             Requested size: 55.22604pt x 19.93721pt.
File: ../visual material/logo.png Graphic file (type png)
<use ../visual material/logo.png>
Package pdftex.def Info: ../visual material/logo.png  used on input line 472.
(pdftex.def)             Requested size: 55.22604pt x 19.9372pt.
 [42

]
File: ../visual material/logo.png Graphic file (type png)
<use ../visual material/logo.png>
Package pdftex.def Info: ../visual material/logo.png  used on input line 472.
(pdftex.def)             Requested size: 55.22604pt x 19.9372pt.
 [43

]
File: ../visual material/logo.png Graphic file (type png)
<use ../visual material/logo.png>
Package pdftex.def Info: ../visual material/logo.png  used on input line 472.
(pdftex.def)             Requested size: 55.22604pt x 19.9372pt.
 [44

]
File: ../visual material/logo.png Graphic file (type png)
<use ../visual material/logo.png>
Package pdftex.def Info: ../visual material/logo.png  used on input line 472.
(pdftex.def)             Requested size: 55.22604pt x 19.9372pt.
 [45

]
File: ../visual material/logo.png Graphic file (type png)
<use ../visual material/logo.png>
Package pdftex.def Info: ../visual material/logo.png  used on input line 472.
(pdftex.def)             Requested size: 55.22604pt x 19.9372pt.

[46

]
File: ../visual material/logo.png Graphic file (type png)
<use ../visual material/logo.png>
Package pdftex.def Info: ../visual material/logo.png  used on input line 472.
(pdftex.def)             Requested size: 55.22604pt x 19.9372pt.
 [47

]
File: ../visual material/logo.png Graphic file (type png)
<use ../visual material/logo.png>
Package pdftex.def Info: ../visual material/logo.png  used on input line 472.
(pdftex.def)             Requested size: 55.22604pt x 19.9372pt.
 [48

]
File: ../visual material/logo.png Graphic file (type png)
<use ../visual material/logo.png>
Package pdftex.def Info: ../visual material/logo.png  used on input line 472.
(pdftex.def)             Requested size: 55.22604pt x 19.9372pt.
 [49

]
File: ../visual material/logo.png Graphic file (type png)
<use ../visual material/logo.png>
Package pdftex.def Info: ../visual material/logo.png  used on input line 472.
(pdftex.def)             Requested size: 55.22604pt x 19.9372pt.
 [50

]
File: ../visual material/logo.png Graphic file (type png)
<use ../visual material/logo.png>
Package pdftex.def Info: ../visual material/logo.png  used on input line 542.
(pdftex.def)             Requested size: 55.22604pt x 19.9372pt.
LaTeX Font Info:    Font shape `OT1/phv/b/n' will be
(Font)              scaled to size 8.54997pt on input line 542.
File: ../visual material/logo.png Graphic file (type png)
<use ../visual material/logo.png>
Package pdftex.def Info: ../visual material/logo.png  used on input line 542.
(pdftex.def)             Requested size: 55.22604pt x 19.93721pt.
 [51

]
File: ../visual material/logo.png Graphic file (type png)
<use ../visual material/logo.png>
Package pdftex.def Info: ../visual material/logo.png  used on input line 542.
(pdftex.def)             Requested size: 55.22604pt x 19.93721pt.
 [52

]
File: ../visual material/logo.png Graphic file (type png)
<use ../visual material/logo.png>
Package pdftex.def Info: ../visual material/logo.png  used on input line 542.
(pdftex.def)             Requested size: 55.22604pt x 19.93721pt.
 [53

]
File: ../visual material/logo.png Graphic file (type png)
<use ../visual material/logo.png>
Package pdftex.def Info: ../visual material/logo.png  used on input line 542.
(pdftex.def)             Requested size: 55.22604pt x 19.93721pt.
 [54

]
File: ../visual material/logo.png Graphic file (type png)
<use ../visual material/logo.png>
Package pdftex.def Info: ../visual material/logo.png  used on input line 542.
(pdftex.def)             Requested size: 55.22604pt x 19.93721pt.
 [55

]
File: ../visual material/logo.png Graphic file (type png)
<use ../visual material/logo.png>
Package pdftex.def Info: ../visual material/logo.png  used on input line 542.
(pdftex.def)             Requested size: 55.22604pt x 19.93721pt.
 [56

]
File: ../visual material/logo.png Graphic file (type png)
<use ../visual material/logo.png>
Package pdftex.def Info: ../visual material/logo.png  used on input line 542.
(pdftex.def)             Requested size: 55.22604pt x 19.93721pt.
 [57

]
File: ../visual material/logo.png Graphic file (type png)
<use ../visual material/logo.png>
Package pdftex.def Info: ../visual material/logo.png  used on input line 542.
(pdftex.def)             Requested size: 55.22604pt x 19.93721pt.
 [58

]
File: ../visual material/logo.png Graphic file (type png)
<use ../visual material/logo.png>
Package pdftex.def Info: ../visual material/logo.png  used on input line 542.
(pdftex.def)             Requested size: 55.22604pt x 19.93721pt.
 [59

]
File: ../visual material/logo.png Graphic file (type png)
<use ../visual material/logo.png>
Package pdftex.def Info: ../visual material/logo.png  used on input line 542.
(pdftex.def)             Requested size: 55.22604pt x 19.93721pt.
 [60

])
File: ../visual material/logo.png Graphic file (type png)
<use ../visual material/logo.png>
Package pdftex.def Info: ../visual material/logo.png  used on input line 86.
(pdftex.def)             Requested size: 55.22604pt x 19.93721pt.
File: ../visual material/logo.png Graphic file (type png)
<use ../visual material/logo.png>
Package pdftex.def Info: ../visual material/logo.png  used on input line 86.
(pdftex.def)             Requested size: 55.22604pt x 19.9372pt.

[61

] (./monopolio natural.tex
File: ../visual material/logo.png Graphic file (type png)
<use ../visual material/logo.png>
Package pdftex.def Info: ../visual material/logo.png  used on input line 9.
(pdftex.def)             Requested size: 55.22604pt x 19.9372pt.
File: ../visual material/logo.png Graphic file (type png)
<use ../visual material/logo.png>
Package pdftex.def Info: ../visual material/logo.png  used on input line 9.
(pdftex.def)             Requested size: 55.22604pt x 19.93721pt.
 [62

]
File: ../visual material/logo.png Graphic file (type png)
<use ../visual material/logo.png>
Package pdftex.def Info: ../visual material/logo.png  used on input line 50.
(pdftex.def)             Requested size: 55.22604pt x 19.93721pt.

Underfull \hbox (badness 3354) in paragraph at lines 50--50
\OT1/phv/m/sl/10.95 F$ \OT1/phv/m/n/10.95 Onde $\OT1/phv/m/sl/10.95 F$ []\OT1/p
hv/m/n/10.95 e o custo
 []

File: ../visual material/logo.png Graphic file (type png)
<use ../visual material/logo.png>
Package pdftex.def Info: ../visual material/logo.png  used on input line 50.
(pdftex.def)             Requested size: 55.22604pt x 19.9372pt.
[63

]
Underfull \hbox (badness 3354) in paragraph at lines 50--50
\OT1/phv/m/sl/10.95 F$ \OT1/phv/m/n/10.95 Onde $\OT1/phv/m/sl/10.95 F$ []\OT1/p
hv/m/n/10.95 e o custo
 []

File: ../visual material/logo.png Graphic file (type png)
<use ../visual material/logo.png>
Package pdftex.def Info: ../visual material/logo.png  used on input line 50.
(pdftex.def)             Requested size: 55.22604pt x 19.9372pt.
[64

]
Underfull \hbox (badness 3354) in paragraph at lines 50--50
\OT1/phv/m/sl/10.95 F$ \OT1/phv/m/n/10.95 Onde $\OT1/phv/m/sl/10.95 F$ []\OT1/p
hv/m/n/10.95 e o custo
 []

File: ../visual material/logo.png Graphic file (type png)
<use ../visual material/logo.png>
Package pdftex.def Info: ../visual material/logo.png  used on input line 50.
(pdftex.def)             Requested size: 55.22604pt x 19.9372pt.
[65

]
Underfull \hbox (badness 3354) in paragraph at lines 50--50
\OT1/phv/m/sl/10.95 F$ \OT1/phv/m/n/10.95 Onde $\OT1/phv/m/sl/10.95 F$ []\OT1/p
hv/m/n/10.95 e o custo
 []

File: ../visual material/logo.png Graphic file (type png)
<use ../visual material/logo.png>
Package pdftex.def Info: ../visual material/logo.png  used on input line 50.
(pdftex.def)             Requested size: 55.22604pt x 19.9372pt.
[66

]
Underfull \hbox (badness 3354) in paragraph at lines 50--50
\OT1/phv/m/sl/10.95 F$ \OT1/phv/m/n/10.95 Onde $\OT1/phv/m/sl/10.95 F$ []\OT1/p
hv/m/n/10.95 e o custo
 []

File: ../visual material/logo.png Graphic file (type png)
<use ../visual material/logo.png>
Package pdftex.def Info: ../visual material/logo.png  used on input line 50.
(pdftex.def)             Requested size: 55.22604pt x 19.9372pt.
[67

]
File: ../visual material/logo.png Graphic file (type png)
<use ../visual material/logo.png>
Package pdftex.def Info: ../visual material/logo.png  used on input line 55.
(pdftex.def)             Requested size: 55.22604pt x 19.9372pt.
File: ../visual material/logo.png Graphic file (type png)
<use ../visual material/logo.png>
Package pdftex.def Info: ../visual material/logo.png  used on input line 55.
(pdftex.def)             Requested size: 55.22604pt x 19.93721pt.
 [68

]
File: ../visual material/logo.png Graphic file (type png)
<use ../visual material/logo.png>
Package pdftex.def Info: ../visual material/logo.png  used on input line 98.
(pdftex.def)             Requested size: 55.22604pt x 19.93721pt.
File: ../visual material/logo.png Graphic file (type png)
<use ../visual material/logo.png>
Package pdftex.def Info: ../visual material/logo.png  used on input line 98.
(pdftex.def)             Requested size: 55.22604pt x 19.9372pt.
 [69

]
File: ../visual material/logo.png Graphic file (type png)
<use ../visual material/logo.png>
Package pdftex.def Info: ../visual material/logo.png  used on input line 98.
(pdftex.def)             Requested size: 55.22604pt x 19.9372pt.
 [70

]
File: ../visual material/logo.png Graphic file (type png)
<use ../visual material/logo.png>
Package pdftex.def Info: ../visual material/logo.png  used on input line 98.
(pdftex.def)             Requested size: 55.22604pt x 19.9372pt.
 [71

]
File: ../visual material/logo.png Graphic file (type png)
<use ../visual material/logo.png>
Package pdftex.def Info: ../visual material/logo.png  used on input line 112.
(pdftex.def)             Requested size: 55.22604pt x 19.9372pt.
File: ../visual material/logo.png Graphic file (type png)
<use ../visual material/logo.png>
Package pdftex.def Info: ../visual material/logo.png  used on input line 112.
(pdftex.def)             Requested size: 55.22604pt x 19.93721pt.
 [72

]
File: ../visual material/logo.png Graphic file (type png)
<use ../visual material/logo.png>
Package pdftex.def Info: ../visual material/logo.png  used on input line 112.
(pdftex.def)             Requested size: 55.22604pt x 19.93721pt.
 [73

]
File: ../visual material/logo.png Graphic file (type png)
<use ../visual material/logo.png>
Package pdftex.def Info: ../visual material/logo.png  used on input line 112.
(pdftex.def)             Requested size: 55.22604pt x 19.93721pt.
 [74

]
File: ../visual material/logo.png Graphic file (type png)
<use ../visual material/logo.png>
Package pdftex.def Info: ../visual material/logo.png  used on input line 117.
(pdftex.def)             Requested size: 55.22604pt x 19.93721pt.
File: ../visual material/logo.png Graphic file (type png)
<use ../visual material/logo.png>
Package pdftex.def Info: ../visual material/logo.png  used on input line 117.
(pdftex.def)             Requested size: 55.22604pt x 19.9372pt.
 [75

]
File: ../visual material/logo.png Graphic file (type png)
<use ../visual material/logo.png>
Package pdftex.def Info: ../visual material/logo.png  used on input line 124.
(pdftex.def)             Requested size: 55.22604pt x 19.9372pt.

Underfull \hbox (badness 1852) in paragraph at lines 124--124
[]\OT1/phv/m/sl/10.95 `  |  A sub-a-di-tivi-dade da fun[][]ao de cus-tos []e co
ndi[][]ao
 []

File: ../visual material/logo.png Graphic file (type png)
<use ../visual material/logo.png>
Package pdftex.def Info: ../visual material/logo.png  used on input line 124.
(pdftex.def)             Requested size: 55.22604pt x 19.93721pt.
[76

]
File: ../visual material/logo.png Graphic file (type png)
<use ../visual material/logo.png>
Package pdftex.def Info: ../visual material/logo.png  used on input line 129.
(pdftex.def)             Requested size: 55.22604pt x 19.93721pt.
LaTeX Font Info:    Font shape `OT1/phv/b/n' will be
(Font)              scaled to size 10.40245pt on input line 129.
File: ../visual material/logo.png Graphic file (type png)
<use ../visual material/logo.png>
Package pdftex.def Info: ../visual material/logo.png  used on input line 129.
(pdftex.def)             Requested size: 55.22604pt x 19.9372pt.
 [77

]
File: ../visual material/logo.png Graphic file (type png)
<use ../visual material/logo.png>
Package pdftex.def Info: ../visual material/logo.png  used on input line 139.
(pdftex.def)             Requested size: 55.22604pt x 19.9372pt.
File: ../visual material/logo.png Graphic file (type png)
<use ../visual material/logo.png>
Package pdftex.def Info: ../visual material/logo.png  used on input line 139.
(pdftex.def)             Requested size: 55.22604pt x 19.93721pt.
 [78

]
File: ../visual material/logo.png Graphic file (type png)
<use ../visual material/logo.png>
Package pdftex.def Info: ../visual material/logo.png  used on input line 139.
(pdftex.def)             Requested size: 55.22604pt x 19.93721pt.
 [79

]
File: ../visual material/logo.png Graphic file (type png)
<use ../visual material/logo.png>
Package pdftex.def Info: ../visual material/logo.png  used on input line 139.
(pdftex.def)             Requested size: 55.22604pt x 19.93721pt.
 [80

]
File: ../visual material/logo.png Graphic file (type png)
<use ../visual material/logo.png>
Package pdftex.def Info: ../visual material/logo.png  used on input line 151.
(pdftex.def)             Requested size: 55.22604pt x 19.93721pt.
LaTeX Font Info:    Font shape `OT1/phv/m/n' will be
(Font)              scaled to size 6.64998pt on input line 151.
LaTeX Font Info:    Font shape `OT1/phv/m/it' in size <10> not available
(Font)              Font shape `OT1/phv/m/sl' tried instead on input line 151.
LaTeX Font Info:    Font shape `OT1/phv/m/sl' will be
(Font)              scaled to size 9.49997pt on input line 151.
LaTeX Font Info:    Font shape `OT1/phv/m/it' in size <7> not available
(Font)              Font shape `OT1/phv/m/sl' tried instead on input line 151.
LaTeX Font Info:    Font shape `OT1/phv/m/sl' will be
(Font)              scaled to size 6.64998pt on input line 151.
LaTeX Font Info:    Font shape `OT1/phv/m/it' in size <14.4> not available
(Font)              Font shape `OT1/phv/m/sl' tried instead on input line 151.
LaTeX Font Info:    Font shape `OT1/phv/m/sl' will be
(Font)              scaled to size 13.67995pt on input line 151.
File: ../visual material/logo.png Graphic file (type png)
<use ../visual material/logo.png>
Package pdftex.def Info: ../visual material/logo.png  used on input line 151.
(pdftex.def)             Requested size: 55.22604pt x 19.9372pt.
 [81

]
File: ../visual material/logo.png Graphic file (type png)
<use ../visual material/logo.png>
Package pdftex.def Info: ../visual material/logo.png  used on input line 151.
(pdftex.def)             Requested size: 55.22604pt x 19.9372pt.
 [82

]
File: ../visual material/logo.png Graphic file (type png)
<use ../visual material/logo.png>
Package pdftex.def Info: ../visual material/logo.png  used on input line 151.
(pdftex.def)             Requested size: 55.22604pt x 19.9372pt.
 [83

]
File: ../visual material/logo.png Graphic file (type png)
<use ../visual material/logo.png>
Package pdftex.def Info: ../visual material/logo.png  used on input line 151.
(pdftex.def)             Requested size: 55.22604pt x 19.9372pt.
 [84

]
File: ../visual material/logo.png Graphic file (type png)
<use ../visual material/logo.png>
Package pdftex.def Info: ../visual material/logo.png  used on input line 156.
(pdftex.def)             Requested size: 55.22604pt x 19.9372pt.
File: ../visual material/logo.png Graphic file (type png)
<use ../visual material/logo.png>
Package pdftex.def Info: ../visual material/logo.png  used on input line 156.
(pdftex.def)             Requested size: 55.22604pt x 19.93721pt.
 [85

]
File: ../visual material/logo.png Graphic file (type png)
<use ../visual material/logo.png>
Package pdftex.def Info: ../visual material/logo.png  used on input line 163.
(pdftex.def)             Requested size: 55.22604pt x 19.93721pt.
File: ../visual material/logo.png Graphic file (type png)
<use ../visual material/logo.png>
Package pdftex.def Info: ../visual material/logo.png  used on input line 163.
(pdftex.def)             Requested size: 55.22604pt x 19.9372pt.
 [86

]
File: ../visual material/logo.png Graphic file (type png)
<use ../visual material/logo.png>
Package pdftex.def Info: ../visual material/logo.png  used on input line 163.
(pdftex.def)             Requested size: 55.22604pt x 19.9372pt.
 [87

]
File: ../visual material/logo.png Graphic file (type png)
<use ../visual material/logo.png>
Package pdftex.def Info: ../visual material/logo.png  used on input line 176.
(pdftex.def)             Requested size: 55.22604pt x 19.9372pt.
File: ../visual material/logo.png Graphic file (type png)
<use ../visual material/logo.png>
Package pdftex.def Info: ../visual material/logo.png  used on input line 176.
(pdftex.def)             Requested size: 55.22604pt x 19.93721pt.
 [88

]
File: ../visual material/logo.png Graphic file (type png)
<use ../visual material/logo.png>
Package pdftex.def Info: ../visual material/logo.png  used on input line 184.
(pdftex.def)             Requested size: 55.22604pt x 19.93721pt.
File: ../visual material/logo.png Graphic file (type png)
<use ../visual material/logo.png>
Package pdftex.def Info: ../visual material/logo.png  used on input line 184.
(pdftex.def)             Requested size: 55.22604pt x 19.9372pt.
 [89

]
File: ../visual material/logo.png Graphic file (type png)
<use ../visual material/logo.png>
Package pdftex.def Info: ../visual material/logo.png  used on input line 184.
(pdftex.def)             Requested size: 55.22604pt x 19.9372pt.
 [90

]
File: ../visual material/logo.png Graphic file (type png)
<use ../visual material/logo.png>
Package pdftex.def Info: ../visual material/logo.png  used on input line 193.
(pdftex.def)             Requested size: 55.22604pt x 19.9372pt.

Overfull \hbox (6.69449pt too wide) in paragraph at lines 193--193
[]\OT1/phv/m/n/10.95 Outra solu[][]ao im-ple-men-tada tem sido fixar pre[]os m[
]aximos e mante-
 []

File: ../visual material/logo.png Graphic file (type png)
<use ../visual material/logo.png>
Package pdftex.def Info: ../visual material/logo.png  used on input line 193.
(pdftex.def)             Requested size: 55.22604pt x 19.93721pt.
[91

]
Overfull \hbox (6.69449pt too wide) in paragraph at lines 193--193
[]\OT1/phv/m/n/10.95 Outra solu[][]ao im-ple-men-tada tem sido fixar pre[]os m[
]aximos e mante-
 []

File: ../visual material/logo.png Graphic file (type png)
<use ../visual material/logo.png>
Package pdftex.def Info: ../visual material/logo.png  used on input line 193.
(pdftex.def)             Requested size: 55.22604pt x 19.93721pt.
[92

]
File: ../visual material/logo.png Graphic file (type png)
<use ../visual material/logo.png>
Package pdftex.def Info: ../visual material/logo.png  used on input line 202.
(pdftex.def)             Requested size: 55.22604pt x 19.93721pt.

Overfull \hbox (6.30925pt too wide) in paragraph at lines 202--202
\OT1/phv/m/n/14.4 nos cus-tos, e as-sim a em-presa pode fazer um menor
 []

File: ../visual material/logo.png Graphic file (type png)
<use ../visual material/logo.png>
Package pdftex.def Info: ../visual material/logo.png  used on input line 202.
(pdftex.def)             Requested size: 55.22604pt x 19.9372pt.
[93

]
Overfull \hbox (6.30925pt too wide) in paragraph at lines 202--202
\OT1/phv/m/n/14.4 nos cus-tos, e as-sim a em-presa pode fazer um menor
 []

File: ../visual material/logo.png Graphic file (type png)
<use ../visual material/logo.png>
Package pdftex.def Info: ../visual material/logo.png  used on input line 202.
(pdftex.def)             Requested size: 55.22604pt x 19.9372pt.
[94

])
File: ../visual material/logo.png Graphic file (type png)
<use ../visual material/logo.png>
Package pdftex.def Info: ../visual material/logo.png  used on input line 88.
(pdftex.def)             Requested size: 55.22604pt x 19.9372pt.
File: ../visual material/logo.png Graphic file (type png)
<use ../visual material/logo.png>
Package pdftex.def Info: ../visual material/logo.png  used on input line 88.
(pdftex.def)             Requested size: 55.22604pt x 19.93721pt.
 [95

] (./disc precos.tex
File: ../visual material/logo.png Graphic file (type png)
<use ../visual material/logo.png>
Package pdftex.def Info: ../visual material/logo.png  used on input line 11.
(pdftex.def)             Requested size: 55.22604pt x 19.93721pt.
File: ../visual material/logo.png Graphic file (type png)
<use ../visual material/logo.png>
Package pdftex.def Info: ../visual material/logo.png  used on input line 11.
(pdftex.def)             Requested size: 55.22604pt x 19.9372pt.
 [96

]
File: ../visual material/logo.png Graphic file (type png)
<use ../visual material/logo.png>
Package pdftex.def Info: ../visual material/logo.png  used on input line 24.
(pdftex.def)             Requested size: 55.22604pt x 19.9372pt.
File: ../visual material/logo.png Graphic file (type png)
<use ../visual material/logo.png>
Package pdftex.def Info: ../visual material/logo.png  used on input line 24.
(pdftex.def)             Requested size: 55.22604pt x 19.93721pt.
 [97

]
File: ../visual material/logo.png Graphic file (type png)
<use ../visual material/logo.png>
Package pdftex.def Info: ../visual material/logo.png  used on input line 36.
(pdftex.def)             Requested size: 55.22604pt x 19.93721pt.
File: ../visual material/logo.png Graphic file (type png)
<use ../visual material/logo.png>
Package pdftex.def Info: ../visual material/logo.png  used on input line 36.
(pdftex.def)             Requested size: 55.22604pt x 19.9372pt.
 [98

]
File: ../visual material/logo.png Graphic file (type png)
<use ../visual material/logo.png>
Package pdftex.def Info: ../visual material/logo.png  used on input line 45.
(pdftex.def)             Requested size: 55.22604pt x 19.9372pt.
File: ../visual material/logo.png Graphic file (type png)
<use ../visual material/logo.png>
Package pdftex.def Info: ../visual material/logo.png  used on input line 45.
(pdftex.def)             Requested size: 55.22604pt x 19.93721pt.
 [99

]
File: ../visual material/logo.png Graphic file (type png)
<use ../visual material/logo.png>
Package pdftex.def Info: ../visual material/logo.png  used on input line 55.
(pdftex.def)             Requested size: 55.22604pt x 19.93721pt.
File: ../visual material/logo.png Graphic file (type png)
<use ../visual material/logo.png>
Package pdftex.def Info: ../visual material/logo.png  used on input line 55.
(pdftex.def)             Requested size: 55.22604pt x 19.9372pt.
 [100

]
File: ../visual material/logo.png Graphic file (type png)
<use ../visual material/logo.png>
Package pdftex.def Info: ../visual material/logo.png  used on input line 93.
(pdftex.def)             Requested size: 55.22604pt x 19.9372pt.

Overfull \hbox (14.2333pt too wide) in paragraph at lines 93--93
 [] 
 []

File: ../visual material/logo.png Graphic file (type png)
<use ../visual material/logo.png>
Package pdftex.def Info: ../visual material/logo.png  used on input line 93.
(pdftex.def)             Requested size: 55.22604pt x 19.93721pt.
[101

]
Overfull \hbox (14.2333pt too wide) in paragraph at lines 93--93
 [] 
 []

File: ../visual material/logo.png Graphic file (type png)
<use ../visual material/logo.png>
Package pdftex.def Info: ../visual material/logo.png  used on input line 93.
(pdftex.def)             Requested size: 55.22604pt x 19.93721pt.
[102

]
File: ../visual material/logo.png Graphic file (type png)
<use ../visual material/logo.png>
Package pdftex.def Info: ../visual material/logo.png  used on input line 103.
(pdftex.def)             Requested size: 55.22604pt x 19.93721pt.
File: ../visual material/logo.png Graphic file (type png)
<use ../visual material/logo.png>
Package pdftex.def Info: ../visual material/logo.png  used on input line 103.
(pdftex.def)             Requested size: 55.22604pt x 19.9372pt.
 [103

]
File: ../visual material/logo.png Graphic file (type png)
<use ../visual material/logo.png>
Package pdftex.def Info: ../visual material/logo.png  used on input line 117.
(pdftex.def)             Requested size: 55.22604pt x 19.9372pt.
File: ../visual material/logo.png Graphic file (type png)
<use ../visual material/logo.png>
Package pdftex.def Info: ../visual material/logo.png  used on input line 117.
(pdftex.def)             Requested size: 55.22604pt x 19.93721pt.
 [104

])
File: ../visual material/logo.png Graphic file (type png)
<use ../visual material/logo.png>
Package pdftex.def Info: ../visual material/logo.png  used on input line 90.
(pdftex.def)             Requested size: 55.22604pt x 19.93721pt.
File: ../visual material/logo.png Graphic file (type png)
<use ../visual material/logo.png>
Package pdftex.def Info: ../visual material/logo.png  used on input line 90.
(pdftex.def)             Requested size: 55.22604pt x 19.9372pt.
 [105

] (./def da concorr.tex
File: ../visual material/logo.png Graphic file (type png)
<use ../visual material/logo.png>
Package pdftex.def Info: ../visual material/logo.png  used on input line 13.
(pdftex.def)             Requested size: 55.22604pt x 19.9372pt.
File: ../visual material/logo.png Graphic file (type png)
<use ../visual material/logo.png>
Package pdftex.def Info: ../visual material/logo.png  used on input line 13.
(pdftex.def)             Requested size: 55.22604pt x 19.93721pt.
 [106

]
File: ../visual material/logo.png Graphic file (type png)
<use ../visual material/logo.png>
Package pdftex.def Info: ../visual material/logo.png  used on input line 23.
(pdftex.def)             Requested size: 55.22604pt x 19.93721pt.

Overfull \hbox (12.04343pt too wide) in paragraph at lines 23--23
[]\OT1/phv/m/n/10.95 Mesmo em mer-ca-dos que fun-cionar-iam con-cor-ren-cial-me
nte, as for[]as
 []

File: ../visual material/logo.png Graphic file (type png)
<use ../visual material/logo.png>
Package pdftex.def Info: ../visual material/logo.png  used on input line 23.
(pdftex.def)             Requested size: 55.22604pt x 19.9372pt.
[107

]
File: ../visual material/logo.png Graphic file (type png)
<use ../visual material/logo.png>
Package pdftex.def Info: ../visual material/logo.png  used on input line 37.
(pdftex.def)             Requested size: 55.22604pt x 19.9372pt.
File: ../visual material/logo.png Graphic file (type png)
<use ../visual material/logo.png>
Package pdftex.def Info: ../visual material/logo.png  used on input line 37.
(pdftex.def)             Requested size: 55.22604pt x 19.93721pt.
 [108

]
File: ../visual material/logo.png Graphic file (type png)
<use ../visual material/logo.png>
Package pdftex.def Info: ../visual material/logo.png  used on input line 45.
(pdftex.def)             Requested size: 55.22604pt x 19.93721pt.
File: ../visual material/logo.png Graphic file (type png)
<use ../visual material/logo.png>
Package pdftex.def Info: ../visual material/logo.png  used on input line 45.
(pdftex.def)             Requested size: 55.22604pt x 19.9372pt.
 [109

]
File: ../visual material/logo.png Graphic file (type png)
<use ../visual material/logo.png>
Package pdftex.def Info: ../visual material/logo.png  used on input line 53.
(pdftex.def)             Requested size: 55.22604pt x 19.9372pt.
File: ../visual material/logo.png Graphic file (type png)
<use ../visual material/logo.png>
Package pdftex.def Info: ../visual material/logo.png  used on input line 53.
(pdftex.def)             Requested size: 55.22604pt x 19.93721pt.
 [110

]
File: ../visual material/logo.png Graphic file (type png)
<use ../visual material/logo.png>
Package pdftex.def Info: ../visual material/logo.png  used on input line 62.
(pdftex.def)             Requested size: 55.22604pt x 19.93721pt.
File: ../visual material/logo.png Graphic file (type png)
<use ../visual material/logo.png>
Package pdftex.def Info: ../visual material/logo.png  used on input line 62.
(pdftex.def)             Requested size: 55.22604pt x 19.9372pt.
 [111

]
File: ../visual material/logo.png Graphic file (type png)
<use ../visual material/logo.png>
Package pdftex.def Info: ../visual material/logo.png  used on input line 84.
(pdftex.def)             Requested size: 55.22604pt x 19.9372pt.

Overfull \vbox (6.24486pt too high) detected at line 84
 []

File: ../visual material/logo.png Graphic file (type png)
<use ../visual material/logo.png>
Package pdftex.def Info: ../visual material/logo.png  used on input line 84.
(pdftex.def)             Requested size: 55.22604pt x 19.93721pt.
[112

])
\tf@nav=\write6
\openout6 = `"capitulo 4.nav"'.

\tf@toc=\write7
\openout7 = `"capitulo 4.toc"'.

\tf@snm=\write8
\openout8 = `"capitulo 4.snm"'.

 (./capitulo 4.aux)
 ***********
LaTeX2e <2023-11-01> patch level 1
L3 programming layer <2024-01-22>
 ***********
Package rerunfilecheck Info: File `"capitulo 4".out' has not changed.
(rerunfilecheck)             Checksum: 0B20ACA42B1B1BA3860C7A95CEC3C4E8;632.
 ) 
Here is how much of TeX's memory you used:
 34903 strings out of 474222
 729987 string characters out of 5748733
 1948975 words of memory out of 5000000
 56248 multiletter control sequences out of 15000+600000
 595813 words of font info for 110 fonts, out of 8000000 for 9000
 1141 hyphenation exceptions out of 8191
 128i,16n,123p,414b,1301s stack positions out of 10000i,1000n,20000p,200000b,200000s
</usr/share/texlive/texmf-dist/fonts/type1/public/amsfonts/cm/cmex10.pfb></us
r/share/texlive/texmf-dist/fonts/type1/public/amsfonts/cm/cmmi10.pfb></usr/shar
e/texlive/texmf-dist/fonts/type1/public/amsfonts/cm/cmss10.pfb></usr/share/texl
ive/texmf-dist/fonts/type1/public/amsfonts/cm/cmss9.pfb></usr/share/texlive/tex
mf-dist/fonts/type1/public/amsfonts/cm/cmsy10.pfb></usr/share/texlive/texmf-dis
t/fonts/type1/public/amsfonts/cm/cmsy8.pfb></usr/share/texlive/texmf-dist/fonts
/type1/public/amsfonts/symbols/msam10.pfb></usr/share/texlive/texmf-dist/fonts/
type1/urw/helvetic/uhvb8a.pfb></usr/share/texlive/texmf-dist/fonts/type1/urw/he
lvetic/uhvr8a.pfb></usr/share/texlive/texmf-dist/fonts/type1/urw/helvetic/uhvro
8a.pfb>
Output written on "capitulo 4.pdf" (112 pages, 320392 bytes).
PDF statistics:
 732 PDF objects out of 1000 (max. 8388607)
 584 compressed objects within 6 object streams
 229 named destinations out of 1000 (max. 500000)
 85 words of extra memory for PDF output out of 10000 (max. 10000000)

