This is XeTeX, Version 3.141592653-2.6-0.999995 (MiKTeX 23.10) (preloaded format=xelatex 2024.2.6)  6 FEB 2024 10:55
entering extended mode
 restricted \write18 enabled.
 %&-line parsing enabled.
**"./capitulo 1.tex"
(capitulo 1.tex
LaTeX2e <2023-06-01> patch level 1
L3 programming layer <2023-08-29>
(C:\Users\pifr8\AppData\Local\Programs\MiKTeX\tex/latex/beamer\beamer.cls
Document Class: beamer 2024/01/06 v3.71 A class for typesetting presentations

(C:\Users\pifr8\AppData\Local\Programs\MiKTeX\tex/latex/beamer\beamerbasemodes.
sty
(C:\Users\pifr8\AppData\Local\Programs\MiKTeX\tex/latex/etoolbox\etoolbox.sty
Package: etoolbox 2020/10/05 v2.5k e-TeX tools for LaTeX (JAW)
\etb@tempcnta=\count181
)
\beamer@tempbox=\box51
\beamer@tempcount=\count182
\c@beamerpauses=\count183

(C:\Users\pifr8\AppData\Local\Programs\MiKTeX\tex/latex/beamer\beamerbasedecode
.sty
\beamer@slideinframe=\count184
\beamer@minimum=\count185
\beamer@decode@box=\box52
)
\beamer@commentbox=\box53
\beamer@modecount=\count186
)
(C:\Users\pifr8\AppData\Local\Programs\MiKTeX\tex/generic/iftex\iftex.sty
Package: iftex 2022/02/03 v1.0f TeX engine tests
)
\headdp=\dimen140
\footheight=\dimen141
\sidebarheight=\dimen142
\beamer@tempdim=\dimen143
\beamer@finalheight=\dimen144
\beamer@animht=\dimen145
\beamer@animdp=\dimen146
\beamer@animwd=\dimen147
\beamer@leftmargin=\dimen148
\beamer@rightmargin=\dimen149
\beamer@leftsidebar=\dimen150
\beamer@rightsidebar=\dimen151
\beamer@boxsize=\dimen152
\beamer@vboxoffset=\dimen153
\beamer@descdefault=\dimen154
\beamer@descriptionwidth=\dimen155
\beamer@lastskip=\skip48
\beamer@areabox=\box54
\beamer@animcurrent=\box55
\beamer@animshowbox=\box56
\beamer@sectionbox=\box57
\beamer@logobox=\box58
\beamer@linebox=\box59
\beamer@sectioncount=\count187
\beamer@subsubsectionmax=\count188
\beamer@subsectionmax=\count189
\beamer@sectionmax=\count190
\beamer@totalheads=\count191
\beamer@headcounter=\count192
\beamer@partstartpage=\count193
\beamer@sectionstartpage=\count194
\beamer@subsectionstartpage=\count195
\beamer@animationtempa=\count196
\beamer@animationtempb=\count197
\beamer@xpos=\count198
\beamer@ypos=\count199
\beamer@ypos@offset=\count266
\beamer@showpartnumber=\count267
\beamer@currentsubsection=\count268
\beamer@coveringdepth=\count269
\beamer@sectionadjust=\count270
\beamer@toclastsection=\count271
\beamer@tocsectionnumber=\count272

(C:\Users\pifr8\AppData\Local\Programs\MiKTeX\tex/latex/beamer\beamerbaseoption
s.sty
(C:\Users\pifr8\AppData\Local\Programs\MiKTeX\tex/latex/graphics\keyval.sty
Package: keyval 2022/05/29 v1.15 key=value parser (DPC)
\KV@toks@=\toks17
))
\beamer@paperwidth=\skip49
\beamer@paperheight=\skip50

(C:\Users\pifr8\AppData\Local\Programs\MiKTeX\tex/latex/geometry\geometry.sty
Package: geometry 2020/01/02 v5.9 Page Geometry

(C:\Users\pifr8\AppData\Local\Programs\MiKTeX\tex/generic/iftex\ifvtex.sty
Package: ifvtex 2019/10/25 v1.7 ifvtex legacy package. Use iftex instead.
)
\Gm@cnth=\count273
\Gm@cntv=\count274
\c@Gm@tempcnt=\count275
\Gm@bindingoffset=\dimen156
\Gm@wd@mp=\dimen157
\Gm@odd@mp=\dimen158
\Gm@even@mp=\dimen159
\Gm@layoutwidth=\dimen160
\Gm@layoutheight=\dimen161
\Gm@layouthoffset=\dimen162
\Gm@layoutvoffset=\dimen163
\Gm@dimlist=\toks18

(C:\Users\pifr8\AppData\Local\Programs\MiKTeX\tex/latex/geometry\geometry.cfg))
(C:\Users\pifr8\AppData\Local\Programs\MiKTeX\tex/latex/pgf/math\pgfmath.sty
(C:\Users\pifr8\AppData\Local\Programs\MiKTeX\tex/latex/pgf/utilities\pgfrcs.st
y
(C:\Users\pifr8\AppData\Local\Programs\MiKTeX\tex/generic/pgf/utilities\pgfutil
-common.tex
\pgfutil@everybye=\toks19
\pgfutil@tempdima=\dimen164
\pgfutil@tempdimb=\dimen165
)
(C:\Users\pifr8\AppData\Local\Programs\MiKTeX\tex/generic/pgf/utilities\pgfutil
-latex.def
\pgfutil@abb=\box60
)
(C:\Users\pifr8\AppData\Local\Programs\MiKTeX\tex/generic/pgf/utilities\pgfrcs.
code.tex
(C:\Users\pifr8\AppData\Local\Programs\MiKTeX\tex/generic/pgf\pgf.revision.tex)
Package: pgfrcs 2023-01-15 v3.1.10 (3.1.10)
))
(C:\Users\pifr8\AppData\Local\Programs\MiKTeX\tex/latex/pgf/utilities\pgfkeys.s
ty
(C:\Users\pifr8\AppData\Local\Programs\MiKTeX\tex/generic/pgf/utilities\pgfkeys
.code.tex
\pgfkeys@pathtoks=\toks20
\pgfkeys@temptoks=\toks21

(C:\Users\pifr8\AppData\Local\Programs\MiKTeX\tex/generic/pgf/utilities\pgfkeys
libraryfiltered.code.tex
\pgfkeys@tmptoks=\toks22
)))
(C:\Users\pifr8\AppData\Local\Programs\MiKTeX\tex/generic/pgf/math\pgfmath.code
.tex
(C:\Users\pifr8\AppData\Local\Programs\MiKTeX\tex/generic/pgf/math\pgfmathutil.
code.tex
\pgf@x=\dimen166
\pgf@xa=\dimen167
\pgf@xb=\dimen168
\pgf@xc=\dimen169
\pgf@y=\dimen170
\pgf@ya=\dimen171
\pgf@yb=\dimen172
\pgf@yc=\dimen173
\c@pgf@counta=\count276
\c@pgf@countb=\count277
\c@pgf@countc=\count278
\c@pgf@countd=\count279
)
(C:\Users\pifr8\AppData\Local\Programs\MiKTeX\tex/generic/pgf/math\pgfmathparse
r.code.tex
\pgfmath@dimen=\dimen174
\pgfmath@count=\count280
\pgfmath@box=\box61
\pgfmath@toks=\toks23
\pgfmath@stack@operand=\toks24
\pgfmath@stack@operation=\toks25
)
(C:\Users\pifr8\AppData\Local\Programs\MiKTeX\tex/generic/pgf/math\pgfmathfunct
ions.code.tex)
(C:\Users\pifr8\AppData\Local\Programs\MiKTeX\tex/generic/pgf/math\pgfmathfunct
ions.basic.code.tex)
(C:\Users\pifr8\AppData\Local\Programs\MiKTeX\tex/generic/pgf/math\pgfmathfunct
ions.trigonometric.code.tex)
(C:\Users\pifr8\AppData\Local\Programs\MiKTeX\tex/generic/pgf/math\pgfmathfunct
ions.random.code.tex)
(C:\Users\pifr8\AppData\Local\Programs\MiKTeX\tex/generic/pgf/math\pgfmathfunct
ions.comparison.code.tex)
(C:\Users\pifr8\AppData\Local\Programs\MiKTeX\tex/generic/pgf/math\pgfmathfunct
ions.base.code.tex)
(C:\Users\pifr8\AppData\Local\Programs\MiKTeX\tex/generic/pgf/math\pgfmathfunct
ions.round.code.tex)
(C:\Users\pifr8\AppData\Local\Programs\MiKTeX\tex/generic/pgf/math\pgfmathfunct
ions.misc.code.tex)
(C:\Users\pifr8\AppData\Local\Programs\MiKTeX\tex/generic/pgf/math\pgfmathfunct
ions.integerarithmetics.code.tex)
(C:\Users\pifr8\AppData\Local\Programs\MiKTeX\tex/generic/pgf/math\pgfmathcalc.
code.tex)
(C:\Users\pifr8\AppData\Local\Programs\MiKTeX\tex/generic/pgf/math\pgfmathfloat
.code.tex
\c@pgfmathroundto@lastzeros=\count281
)))
(C:\Users\pifr8\AppData\Local\Programs\MiKTeX\tex/latex/base\size11.clo
File: size11.clo 2023/05/17 v1.4n Standard LaTeX file (size option)
)
(C:\Users\pifr8\AppData\Local\Programs\MiKTeX\tex/latex/pgf/basiclayer\pgfcore.
sty
(C:\Users\pifr8\AppData\Local\Programs\MiKTeX\tex/latex/graphics\graphicx.sty
Package: graphicx 2021/09/16 v1.2d Enhanced LaTeX Graphics (DPC,SPQR)

(C:\Users\pifr8\AppData\Local\Programs\MiKTeX\tex/latex/graphics\graphics.sty
Package: graphics 2022/03/10 v1.4e Standard LaTeX Graphics (DPC,SPQR)

(C:\Users\pifr8\AppData\Local\Programs\MiKTeX\tex/latex/graphics\trig.sty
Package: trig 2021/08/11 v1.11 sin cos tan (DPC)
)
(C:\Users\pifr8\AppData\Local\Programs\MiKTeX\tex/latex/graphics-cfg\graphics.c
fg
File: graphics.cfg 2016/06/04 v1.11 sample graphics configuration
)
Package graphics Info: Driver file: xetex.def on input line 107.

(C:\Users\pifr8\AppData\Local\Programs\MiKTeX\tex/latex/graphics-def\xetex.def
File: xetex.def 2022/09/22 v5.0n Graphics/color driver for xetex
))
\Gin@req@height=\dimen175
\Gin@req@width=\dimen176
)
(C:\Users\pifr8\AppData\Local\Programs\MiKTeX\tex/latex/pgf/systemlayer\pgfsys.
sty
(C:\Users\pifr8\AppData\Local\Programs\MiKTeX\tex/generic/pgf/systemlayer\pgfsy
s.code.tex
Package: pgfsys 2023-01-15 v3.1.10 (3.1.10)
\pgf@x=\dimen177
\pgf@y=\dimen178
\pgf@xa=\dimen179
\pgf@ya=\dimen180
\pgf@xb=\dimen181
\pgf@yb=\dimen182
\pgf@xc=\dimen183
\pgf@yc=\dimen184
\pgf@xd=\dimen185
\pgf@yd=\dimen186
\w@pgf@writea=\write3
\r@pgf@reada=\read2
\c@pgf@counta=\count282
\c@pgf@countb=\count283
\c@pgf@countc=\count284
\c@pgf@countd=\count285
\t@pgf@toka=\toks26
\t@pgf@tokb=\toks27
\t@pgf@tokc=\toks28
\pgf@sys@id@count=\count286

(C:\Users\pifr8\AppData\Local\Programs\MiKTeX\tex/generic/pgf/systemlayer\pgf.c
fg
File: pgf.cfg 2023-01-15 v3.1.10 (3.1.10)
)
Driver file for pgf: pgfsys-xetex.def

(C:\Users\pifr8\AppData\Local\Programs\MiKTeX\tex/generic/pgf/systemlayer\pgfsy
s-xetex.def
File: pgfsys-xetex.def 2023-01-15 v3.1.10 (3.1.10)

(C:\Users\pifr8\AppData\Local\Programs\MiKTeX\tex/generic/pgf/systemlayer\pgfsy
s-dvipdfmx.def
File: pgfsys-dvipdfmx.def 2023-01-15 v3.1.10 (3.1.10)

(C:\Users\pifr8\AppData\Local\Programs\MiKTeX\tex/generic/pgf/systemlayer\pgfsy
s-common-pdf.def
File: pgfsys-common-pdf.def 2023-01-15 v3.1.10 (3.1.10)
)
\pgfsys@objnum=\count287
)))
(C:\Users\pifr8\AppData\Local\Programs\MiKTeX\tex/generic/pgf/systemlayer\pgfsy
ssoftpath.code.tex
File: pgfsyssoftpath.code.tex 2023-01-15 v3.1.10 (3.1.10)
\pgfsyssoftpath@smallbuffer@items=\count288
\pgfsyssoftpath@bigbuffer@items=\count289
)
(C:\Users\pifr8\AppData\Local\Programs\MiKTeX\tex/generic/pgf/systemlayer\pgfsy
sprotocol.code.tex
File: pgfsysprotocol.code.tex 2023-01-15 v3.1.10 (3.1.10)
))
(C:\Users\pifr8\AppData\Local\Programs\MiKTeX\tex/latex/xcolor\xcolor.sty
Package: xcolor 2022/06/12 v2.14 LaTeX color extensions (UK)

(C:\Users\pifr8\AppData\Local\Programs\MiKTeX\tex/latex/graphics-cfg\color.cfg
File: color.cfg 2016/01/02 v1.6 sample color configuration
)
Package xcolor Info: Driver file: xetex.def on input line 227.
(C:\Users\pifr8\AppData\Local\Programs\MiKTeX\tex/latex/colortbl\colortbl.sty
Package: colortbl 2022/06/20 v1.0f Color table columns (DPC)

(C:\Users\pifr8\AppData\Local\Programs\MiKTeX\tex/latex/tools\array.sty
Package: array 2022/09/04 v2.5g Tabular extension package (FMi)
\col@sep=\dimen187
\ar@mcellbox=\box62
\extrarowheight=\dimen188
\NC@list=\toks29
\extratabsurround=\skip51
\backup@length=\skip52
\ar@cellbox=\box63
)
\everycr=\toks30
\minrowclearance=\skip53
\rownum=\count290
)
(C:\Users\pifr8\AppData\Local\Programs\MiKTeX\tex/latex/graphics\mathcolor.ltx)
Package xcolor Info: Model `cmy' substituted by `cmy0' on input line 1353.
Package xcolor Info: Model `RGB' extended on input line 1369.
Package xcolor Info: Model `HTML' substituted by `rgb' on input line 1371.
Package xcolor Info: Model `Hsb' substituted by `hsb' on input line 1372.
Package xcolor Info: Model `tHsb' substituted by `hsb' on input line 1373.
Package xcolor Info: Model `HSB' substituted by `hsb' on input line 1374.
Package xcolor Info: Model `Gray' substituted by `gray' on input line 1375.
Package xcolor Info: Model `wave' substituted by `hsb' on input line 1376.
)
(C:\Users\pifr8\AppData\Local\Programs\MiKTeX\tex/generic/pgf/basiclayer\pgfcor
e.code.tex
Package: pgfcore 2023-01-15 v3.1.10 (3.1.10)

(C:\Users\pifr8\AppData\Local\Programs\MiKTeX\tex/generic/pgf/math\pgfint.code.
tex)
(C:\Users\pifr8\AppData\Local\Programs\MiKTeX\tex/generic/pgf/basiclayer\pgfcor
epoints.code.tex
File: pgfcorepoints.code.tex 2023-01-15 v3.1.10 (3.1.10)
\pgf@picminx=\dimen189
\pgf@picmaxx=\dimen190
\pgf@picminy=\dimen191
\pgf@picmaxy=\dimen192
\pgf@pathminx=\dimen193
\pgf@pathmaxx=\dimen194
\pgf@pathminy=\dimen195
\pgf@pathmaxy=\dimen196
\pgf@xx=\dimen197
\pgf@xy=\dimen198
\pgf@yx=\dimen199
\pgf@yy=\dimen256
\pgf@zx=\dimen257
\pgf@zy=\dimen258
)
(C:\Users\pifr8\AppData\Local\Programs\MiKTeX\tex/generic/pgf/basiclayer\pgfcor
epathconstruct.code.tex
File: pgfcorepathconstruct.code.tex 2023-01-15 v3.1.10 (3.1.10)
\pgf@path@lastx=\dimen259
\pgf@path@lasty=\dimen260
)
(C:\Users\pifr8\AppData\Local\Programs\MiKTeX\tex/generic/pgf/basiclayer\pgfcor
epathusage.code.tex
File: pgfcorepathusage.code.tex 2023-01-15 v3.1.10 (3.1.10)
\pgf@shorten@end@additional=\dimen261
\pgf@shorten@start@additional=\dimen262
)
(C:\Users\pifr8\AppData\Local\Programs\MiKTeX\tex/generic/pgf/basiclayer\pgfcor
escopes.code.tex
File: pgfcorescopes.code.tex 2023-01-15 v3.1.10 (3.1.10)
\pgfpic=\box64
\pgf@hbox=\box65
\pgf@layerbox@main=\box66
\pgf@picture@serial@count=\count291
)
(C:\Users\pifr8\AppData\Local\Programs\MiKTeX\tex/generic/pgf/basiclayer\pgfcor
egraphicstate.code.tex
File: pgfcoregraphicstate.code.tex 2023-01-15 v3.1.10 (3.1.10)
\pgflinewidth=\dimen263
)
(C:\Users\pifr8\AppData\Local\Programs\MiKTeX\tex/generic/pgf/basiclayer\pgfcor
etransformations.code.tex
File: pgfcoretransformations.code.tex 2023-01-15 v3.1.10 (3.1.10)
\pgf@pt@x=\dimen264
\pgf@pt@y=\dimen265
\pgf@pt@temp=\dimen266
)
(C:\Users\pifr8\AppData\Local\Programs\MiKTeX\tex/generic/pgf/basiclayer\pgfcor
equick.code.tex
File: pgfcorequick.code.tex 2023-01-15 v3.1.10 (3.1.10)
)
(C:\Users\pifr8\AppData\Local\Programs\MiKTeX\tex/generic/pgf/basiclayer\pgfcor
eobjects.code.tex
File: pgfcoreobjects.code.tex 2023-01-15 v3.1.10 (3.1.10)
)
(C:\Users\pifr8\AppData\Local\Programs\MiKTeX\tex/generic/pgf/basiclayer\pgfcor
epathprocessing.code.tex
File: pgfcorepathprocessing.code.tex 2023-01-15 v3.1.10 (3.1.10)
)
(C:\Users\pifr8\AppData\Local\Programs\MiKTeX\tex/generic/pgf/basiclayer\pgfcor
earrows.code.tex
File: pgfcorearrows.code.tex 2023-01-15 v3.1.10 (3.1.10)
\pgfarrowsep=\dimen267
)
(C:\Users\pifr8\AppData\Local\Programs\MiKTeX\tex/generic/pgf/basiclayer\pgfcor
eshade.code.tex
File: pgfcoreshade.code.tex 2023-01-15 v3.1.10 (3.1.10)
\pgf@max=\dimen268
\pgf@sys@shading@range@num=\count292
\pgf@shadingcount=\count293
)
(C:\Users\pifr8\AppData\Local\Programs\MiKTeX\tex/generic/pgf/basiclayer\pgfcor
eimage.code.tex
File: pgfcoreimage.code.tex 2023-01-15 v3.1.10 (3.1.10)
)
(C:\Users\pifr8\AppData\Local\Programs\MiKTeX\tex/generic/pgf/basiclayer\pgfcor
eexternal.code.tex
File: pgfcoreexternal.code.tex 2023-01-15 v3.1.10 (3.1.10)
\pgfexternal@startupbox=\box67
)
(C:\Users\pifr8\AppData\Local\Programs\MiKTeX\tex/generic/pgf/basiclayer\pgfcor
elayers.code.tex
File: pgfcorelayers.code.tex 2023-01-15 v3.1.10 (3.1.10)
)
(C:\Users\pifr8\AppData\Local\Programs\MiKTeX\tex/generic/pgf/basiclayer\pgfcor
etransparency.code.tex
File: pgfcoretransparency.code.tex 2023-01-15 v3.1.10 (3.1.10)
)
(C:\Users\pifr8\AppData\Local\Programs\MiKTeX\tex/generic/pgf/basiclayer\pgfcor
epatterns.code.tex
File: pgfcorepatterns.code.tex 2023-01-15 v3.1.10 (3.1.10)
)
(C:\Users\pifr8\AppData\Local\Programs\MiKTeX\tex/generic/pgf/basiclayer\pgfcor
erdf.code.tex
File: pgfcorerdf.code.tex 2023-01-15 v3.1.10 (3.1.10)
)))
(C:\Users\pifr8\AppData\Local\Programs\MiKTeX\tex/latex/pgf/utilities\xxcolor.s
ty
Package: xxcolor 2003/10/24 ver 0.1
\XC@nummixins=\count294
\XC@countmixins=\count295
)
(C:\Users\pifr8\AppData\Local\Programs\MiKTeX\tex/latex/base\atbegshi-ltx.sty
Package: atbegshi-ltx 2021/01/10 v1.0c Emulation of the original atbegshi
package with kernel methods
)
(C:\Users\pifr8\AppData\Local\Programs\MiKTeX\tex/latex/hyperref\hyperref.sty
Package: hyperref 2023-07-08 v7.01b Hypertext links for LaTeX

(C:\Users\pifr8\AppData\Local\Programs\MiKTeX\tex/generic/ltxcmds\ltxcmds.sty
Package: ltxcmds 2023-12-04 v1.26 LaTeX kernel commands for general use (HO)
)
(C:\Users\pifr8\AppData\Local\Programs\MiKTeX\tex/generic/pdftexcmds\pdftexcmds
.sty
Package: pdftexcmds 2020-06-27 v0.33 Utility functions of pdfTeX for LuaTeX (HO
)

(C:\Users\pifr8\AppData\Local\Programs\MiKTeX\tex/generic/infwarerr\infwarerr.s
ty
Package: infwarerr 2019/12/03 v1.5 Providing info/warning/error messages (HO)
)
Package pdftexcmds Info: \pdf@primitive is available.
Package pdftexcmds Info: \pdf@ifprimitive is available.
Package pdftexcmds Info: \pdfdraftmode not found.
)
(C:\Users\pifr8\AppData\Local\Programs\MiKTeX\tex/latex/kvsetkeys\kvsetkeys.sty
Package: kvsetkeys 2022-10-05 v1.19 Key value parser (HO)
)
(C:\Users\pifr8\AppData\Local\Programs\MiKTeX\tex/generic/kvdefinekeys\kvdefine
keys.sty
Package: kvdefinekeys 2019-12-19 v1.6 Define keys (HO)
)
(C:\Users\pifr8\AppData\Local\Programs\MiKTeX\tex/generic/pdfescape\pdfescape.s
ty
Package: pdfescape 2019/12/09 v1.15 Implements pdfTeX's escape features (HO)
) (C:\Users\pifr8\AppData\Local\Programs\MiKTeX\tex/latex/hycolor\hycolor.sty
Package: hycolor 2020-01-27 v1.10 Color options for hyperref/bookmark (HO)
)
(C:\Users\pifr8\AppData\Local\Programs\MiKTeX\tex/latex/letltxmacro\letltxmacro
.sty
Package: letltxmacro 2019/12/03 v1.6 Let assignment for LaTeX macros (HO)
)
(C:\Users\pifr8\AppData\Local\Programs\MiKTeX\tex/latex/auxhook\auxhook.sty
Package: auxhook 2019-12-17 v1.6 Hooks for auxiliary files (HO)
)
(C:\Users\pifr8\AppData\Local\Programs\MiKTeX\tex/latex/hyperref\nameref.sty
Package: nameref 2023-08-07 v2.53 Cross-referencing by name of section

(C:\Users\pifr8\AppData\Local\Programs\MiKTeX\tex/latex/refcount\refcount.sty
Package: refcount 2019/12/15 v3.6 Data extraction from label references (HO)
)
(C:\Users\pifr8\AppData\Local\Programs\MiKTeX\tex/generic/gettitlestring\gettit
lestring.sty
Package: gettitlestring 2019/12/15 v1.6 Cleanup title references (HO)

(C:\Users\pifr8\AppData\Local\Programs\MiKTeX\tex/latex/kvoptions\kvoptions.sty
Package: kvoptions 2022-06-15 v3.15 Key value format for package options (HO)
))
\c@section@level=\count296
)
\@linkdim=\dimen269
\Hy@linkcounter=\count297
\Hy@pagecounter=\count298
 (C:\Users\pifr8\AppData\Local\Programs\MiKTeX\tex/latex/hyperref\pd1enc.def
File: pd1enc.def 2023-07-08 v7.01b Hyperref: PDFDocEncoding definition (HO)
) (C:\Users\pifr8\AppData\Local\Programs\MiKTeX\tex/generic/intcalc\intcalc.sty
Package: intcalc 2019/12/15 v1.3 Expandable calculations with integers (HO)
)
\Hy@SavedSpaceFactor=\count299
 (C:\Users\pifr8\AppData\Local\Programs\MiKTeX\tex/latex/hyperref\puenc.def
File: puenc.def 2023-07-08 v7.01b Hyperref: PDF Unicode definition (HO)
)
Package hyperref Info: Option `bookmarks' set `true' on input line 4050.
Package hyperref Info: Option `bookmarksopen' set `true' on input line 4050.
Package hyperref Info: Option `implicit' set `false' on input line 4050.
Package hyperref Info: Hyper figures OFF on input line 4167.
Package hyperref Info: Link nesting OFF on input line 4172.
Package hyperref Info: Hyper index ON on input line 4175.
Package hyperref Info: Plain pages OFF on input line 4182.
Package hyperref Info: Backreferencing OFF on input line 4187.
Package hyperref Info: Implicit mode OFF; no redefinition of LaTeX internals.
Package hyperref Info: Bookmarks ON on input line 4434.
\c@Hy@tempcnt=\count300

(C:\Users\pifr8\AppData\Local\Programs\MiKTeX\tex/latex/url\url.sty
\Urlmuskip=\muskip16
Package: url 2013/09/16  ver 3.4  Verb mode for urls, etc.
)
LaTeX Info: Redefining \url on input line 4772.
\XeTeXLinkMargin=\dimen270

(C:\Users\pifr8\AppData\Local\Programs\MiKTeX\tex/generic/bitset\bitset.sty
Package: bitset 2019/12/09 v1.3 Handle bit-vector datatype (HO)

(C:\Users\pifr8\AppData\Local\Programs\MiKTeX\tex/generic/bigintcalc\bigintcalc
.sty
Package: bigintcalc 2019/12/15 v1.5 Expandable calculations on big integers (HO
)
))
\Fld@menulength=\count301
\Field@Width=\dimen271
\Fld@charsize=\dimen272
Package hyperref Info: Hyper figures OFF on input line 6051.
Package hyperref Info: Link nesting OFF on input line 6056.
Package hyperref Info: Hyper index ON on input line 6059.
Package hyperref Info: backreferencing OFF on input line 6066.
Package hyperref Info: Link coloring OFF on input line 6071.
Package hyperref Info: Link coloring with OCG OFF on input line 6076.
Package hyperref Info: PDF/A mode OFF on input line 6081.
\Hy@abspage=\count302


Package hyperref Message: Stopped early.

)
Package hyperref Info: Driver (autodetected): hxetex.
 (C:\Users\pifr8\AppData\Local\Programs\MiKTeX\tex/latex/hyperref\hxetex.def
File: hxetex.def 2023-07-08 v7.01b Hyperref driver for XeTeX

(C:\Users\pifr8\AppData\Local\Programs\MiKTeX\tex/generic/stringenc\stringenc.s
ty
Package: stringenc 2019/11/29 v1.12 Convert strings between diff. encodings (HO
)
)
\pdfm@box=\box68
\c@Hy@AnnotLevel=\count303
\HyField@AnnotCount=\count304
\Fld@listcount=\count305
\c@bookmark@seq@number=\count306

(C:\Users\pifr8\AppData\Local\Programs\MiKTeX\tex/latex/rerunfilecheck\rerunfil
echeck.sty
Package: rerunfilecheck 2022-07-10 v1.10 Rerun checks for auxiliary files (HO)

(C:\Users\pifr8\AppData\Local\Programs\MiKTeX\tex/latex/base\atveryend-ltx.sty
Package: atveryend-ltx 2020/08/19 v1.0a Emulation of the original atveryend pac
kage
with kernel methods
)
(C:\Users\pifr8\AppData\Local\Programs\MiKTeX\tex/generic/uniquecounter\uniquec
ounter.sty
Package: uniquecounter 2019/12/15 v1.4 Provide unlimited unique counter (HO)
)
Package uniquecounter Info: New unique counter `rerunfilecheck' on input line 2
85.
))
(C:\Users\pifr8\AppData\Local\Programs\MiKTeX\tex/latex/beamer\beamerbaserequir
es.sty
(C:\Users\pifr8\AppData\Local\Programs\MiKTeX\tex/latex/beamer\beamerbasecompat
ibility.sty)
(C:\Users\pifr8\AppData\Local\Programs\MiKTeX\tex/latex/beamer\beamerbasefont.s
ty (C:\Users\pifr8\AppData\Local\Programs\MiKTeX\tex/latex/amsfonts\amssymb.sty
Package: amssymb 2013/01/14 v3.01 AMS font symbols
(C:\Users\pifr8\AppData\Local\Programs\MiKTeX\tex/latex/amsfonts\amsfonts.sty
Package: amsfonts 2013/01/14 v3.01 Basic AMSFonts support
\@emptytoks=\toks31
\symAMSa=\mathgroup4
\symAMSb=\mathgroup5
LaTeX Font Info:    Redeclaring math symbol \hbar on input line 98.
LaTeX Font Info:    Overwriting math alphabet `\mathfrak' in version `bold'
(Font)                  U/euf/m/n --> U/euf/b/n on input line 106.
))
(C:\Users\pifr8\AppData\Local\Programs\MiKTeX\tex/latex/sansmathaccent\sansmath
accent.sty
Package: sansmathaccent 2020/01/31

(C:\Users\pifr8\AppData\Local\Programs\MiKTeX\tex/latex/koma-script\scrlfile.st
y
Package: scrlfile 2023/07/07 v3.41 KOMA-Script package (file load hooks)

(C:\Users\pifr8\AppData\Local\Programs\MiKTeX\tex/latex/koma-script\scrlfile-ho
ok.sty
Package: scrlfile-hook 2023/07/07 v3.41 KOMA-Script package (using LaTeX hooks)


(C:\Users\pifr8\AppData\Local\Programs\MiKTeX\tex/latex/koma-script\scrlogo.sty
Package: scrlogo 2023/07/07 v3.41 KOMA-Script package (logo)
)))))
(C:\Users\pifr8\AppData\Local\Programs\MiKTeX\tex/latex/beamer\beamerbasetransl
ator.sty
(C:\Users\pifr8\AppData\Local\Programs\MiKTeX\tex/latex/translator\translator.s
ty
Package: translator 2021-05-31 v1.12d Easy translation of strings in LaTeX
))
(C:\Users\pifr8\AppData\Local\Programs\MiKTeX\tex/latex/beamer\beamerbasemisc.s
ty)
(C:\Users\pifr8\AppData\Local\Programs\MiKTeX\tex/latex/beamer\beamerbasetwoscr
eens.sty)
(C:\Users\pifr8\AppData\Local\Programs\MiKTeX\tex/latex/beamer\beamerbaseoverla
y.sty
\beamer@argscount=\count307
\beamer@lastskipcover=\skip54
\beamer@trivlistdepth=\count308
)
(C:\Users\pifr8\AppData\Local\Programs\MiKTeX\tex/latex/beamer\beamerbasetitle.
sty)
(C:\Users\pifr8\AppData\Local\Programs\MiKTeX\tex/latex/beamer\beamerbasesectio
n.sty
\c@lecture=\count309
\c@part=\count310
\c@section=\count311
\c@subsection=\count312
\c@subsubsection=\count313
)
(C:\Users\pifr8\AppData\Local\Programs\MiKTeX\tex/latex/beamer\beamerbaseframe.
sty
\beamer@framebox=\box69
\beamer@frametitlebox=\box70
\beamer@zoombox=\box71
\beamer@zoomcount=\count314
\beamer@zoomframecount=\count315
\beamer@frametextheight=\dimen273
\c@subsectionslide=\count316
\beamer@frametopskip=\skip55
\beamer@framebottomskip=\skip56
\beamer@frametopskipautobreak=\skip57
\beamer@framebottomskipautobreak=\skip58
\beamer@envbody=\toks32
\framewidth=\dimen274
\c@framenumber=\count317
)
(C:\Users\pifr8\AppData\Local\Programs\MiKTeX\tex/latex/beamer\beamerbaseverbat
im.sty
\beamer@verbatimfileout=\write4
)
(C:\Users\pifr8\AppData\Local\Programs\MiKTeX\tex/latex/beamer\beamerbaseframes
ize.sty
\beamer@splitbox=\box72
\beamer@autobreakcount=\count318
\beamer@autobreaklastheight=\dimen275
\beamer@frametitletoks=\toks33
\beamer@framesubtitletoks=\toks34
)
(C:\Users\pifr8\AppData\Local\Programs\MiKTeX\tex/latex/beamer\beamerbaseframec
omponents.sty
\beamer@footins=\box73
)
(C:\Users\pifr8\AppData\Local\Programs\MiKTeX\tex/latex/beamer\beamerbasecolor.
sty)
(C:\Users\pifr8\AppData\Local\Programs\MiKTeX\tex/latex/beamer\beamerbasenotes.
sty
\beamer@frameboxcopy=\box74
)
(C:\Users\pifr8\AppData\Local\Programs\MiKTeX\tex/latex/beamer\beamerbasetoc.st
y)
(C:\Users\pifr8\AppData\Local\Programs\MiKTeX\tex/latex/beamer\beamerbasetempla
tes.sty
\beamer@sbttoks=\toks35

(C:\Users\pifr8\AppData\Local\Programs\MiKTeX\tex/latex/beamer\beamerbaseauxtem
plates.sty
(C:\Users\pifr8\AppData\Local\Programs\MiKTeX\tex/latex/beamer\beamerbaseboxes.
sty
\bmb@box=\box75
\bmb@colorbox=\box76
\bmb@boxwidth=\dimen276
\bmb@boxheight=\dimen277
\bmb@prevheight=\dimen278
\bmb@temp=\dimen279
\bmb@dima=\dimen280
\bmb@dimb=\dimen281
\bmb@prevheight=\dimen282
)
\beamer@blockheadheight=\dimen283
))
(C:\Users\pifr8\AppData\Local\Programs\MiKTeX\tex/latex/beamer\beamerbaselocals
tructure.sty
(C:\Users\pifr8\AppData\Local\Programs\MiKTeX\tex/latex/tools\enumerate.sty
Package: enumerate 2015/07/23 v3.00 enumerate extensions (DPC)
\@enLab=\toks36
)
\beamer@bibiconwidth=\skip59
\c@figure=\count319
\c@table=\count320
\abovecaptionskip=\skip60
\belowcaptionskip=\skip61
)
(C:\Users\pifr8\AppData\Local\Programs\MiKTeX\tex/latex/beamer\beamerbasenaviga
tion.sty
(C:\Users\pifr8\AppData\Local\Programs\MiKTeX\tex/latex/beamer\beamerbasenaviga
tionsymbols.tex)
\beamer@section@min@dim=\dimen284
)
(C:\Users\pifr8\AppData\Local\Programs\MiKTeX\tex/latex/beamer\beamerbasetheore
ms.sty
(C:\Users\pifr8\AppData\Local\Programs\MiKTeX\tex/latex/amsmath\amsmath.sty
Package: amsmath 2023/05/13 v2.17o AMS math features
\@mathmargin=\skip62

For additional information on amsmath, use the `?' option.
(C:\Users\pifr8\AppData\Local\Programs\MiKTeX\tex/latex/amsmath\amstext.sty
Package: amstext 2021/08/26 v2.01 AMS text

(C:\Users\pifr8\AppData\Local\Programs\MiKTeX\tex/latex/amsmath\amsgen.sty
File: amsgen.sty 1999/11/30 v2.0 generic functions
\@emptytoks=\toks37
\ex@=\dimen285
))
(C:\Users\pifr8\AppData\Local\Programs\MiKTeX\tex/latex/amsmath\amsbsy.sty
Package: amsbsy 1999/11/29 v1.2d Bold Symbols
\pmbraise@=\dimen286
)
(C:\Users\pifr8\AppData\Local\Programs\MiKTeX\tex/latex/amsmath\amsopn.sty
Package: amsopn 2022/04/08 v2.04 operator names
)
\inf@bad=\count321
LaTeX Info: Redefining \frac on input line 234.
\uproot@=\count322
\leftroot@=\count323
LaTeX Info: Redefining \overline on input line 399.
LaTeX Info: Redefining \colon on input line 410.
\classnum@=\count324
\DOTSCASE@=\count325
LaTeX Info: Redefining \ldots on input line 496.
LaTeX Info: Redefining \dots on input line 499.
LaTeX Info: Redefining \cdots on input line 620.
\Mathstrutbox@=\box77
\strutbox@=\box78
LaTeX Info: Redefining \big on input line 722.
LaTeX Info: Redefining \Big on input line 723.
LaTeX Info: Redefining \bigg on input line 724.
LaTeX Info: Redefining \Bigg on input line 725.
\big@size=\dimen287
LaTeX Font Info:    Redeclaring font encoding OML on input line 743.
LaTeX Font Info:    Redeclaring font encoding OMS on input line 744.
\macc@depth=\count326
LaTeX Info: Redefining \bmod on input line 905.
LaTeX Info: Redefining \pmod on input line 910.
LaTeX Info: Redefining \smash on input line 940.
LaTeX Info: Redefining \relbar on input line 970.
LaTeX Info: Redefining \Relbar on input line 971.
\c@MaxMatrixCols=\count327
\dotsspace@=\muskip17
\c@parentequation=\count328
\dspbrk@lvl=\count329
\tag@help=\toks38
\row@=\count330
\column@=\count331
\maxfields@=\count332
\andhelp@=\toks39
\eqnshift@=\dimen288
\alignsep@=\dimen289
\tagshift@=\dimen290
\tagwidth@=\dimen291
\totwidth@=\dimen292
\lineht@=\dimen293
\@envbody=\toks40
\multlinegap=\skip63
\multlinetaggap=\skip64
\mathdisplay@stack=\toks41
LaTeX Info: Redefining \[ on input line 2953.
LaTeX Info: Redefining \] on input line 2954.
)
(C:\Users\pifr8\AppData\Local\Programs\MiKTeX\tex/latex/amscls\amsthm.sty
Package: amsthm 2020/05/29 v2.20.6
\thm@style=\toks42
\thm@bodyfont=\toks43
\thm@headfont=\toks44
\thm@notefont=\toks45
\thm@headpunct=\toks46
\thm@preskip=\skip65
\thm@postskip=\skip66
\thm@headsep=\skip67
\dth@everypar=\toks47
)
\c@theorem=\count333
)
(C:\Users\pifr8\AppData\Local\Programs\MiKTeX\tex/latex/beamer\beamerbasethemes
.sty))
(C:\Users\pifr8\AppData\Local\Programs\MiKTeX\tex/latex/beamer\beamerthemedefau
lt.sty
(C:\Users\pifr8\AppData\Local\Programs\MiKTeX\tex/latex/beamer\beamerfontthemed
efault.sty)
(C:\Users\pifr8\AppData\Local\Programs\MiKTeX\tex/latex/beamer\beamercolortheme
default.sty)
(C:\Users\pifr8\AppData\Local\Programs\MiKTeX\tex/latex/beamer\beamerinnertheme
default.sty
\beamer@dima=\dimen294
\beamer@dimb=\dimen295
)
(C:\Users\pifr8\AppData\Local\Programs\MiKTeX\tex/latex/beamer\beameroutertheme
default.sty)))
(C:\Users\pifr8\AppData\Local\Programs\MiKTeX\tex/latex/base\inputenc.sty
Package: inputenc 2021/02/14 v1.3d Input encoding file
\inpenc@prehook=\toks48
\inpenc@posthook=\toks49


Package inputenc Warning: inputenc package ignored with utf8 based engines.

)
(C:\Users\pifr8\AppData\Local\Programs\MiKTeX\tex/latex/tcolorbox\tcolorbox.sty
Package: tcolorbox 2023/09/26 version 6.1.0 text color boxes
(C:\Users\pifr8\AppData\Local\Programs\MiKTeX\tex/latex/pgf/basiclayer\pgf.sty
Package: pgf 2023-01-15 v3.1.10 (3.1.10)

(C:\Users\pifr8\AppData\Local\Programs\MiKTeX\tex/generic/pgf/modules\pgfmodule
shapes.code.tex
File: pgfmoduleshapes.code.tex 2023-01-15 v3.1.10 (3.1.10)
\pgfnodeparttextbox=\box79
)
(C:\Users\pifr8\AppData\Local\Programs\MiKTeX\tex/generic/pgf/modules\pgfmodule
plot.code.tex
File: pgfmoduleplot.code.tex 2023-01-15 v3.1.10 (3.1.10)
)
(C:\Users\pifr8\AppData\Local\Programs\MiKTeX\tex/latex/pgf/compatibility\pgfco
mp-version-0-65.sty
Package: pgfcomp-version-0-65 2023-01-15 v3.1.10 (3.1.10)
\pgf@nodesepstart=\dimen296
\pgf@nodesepend=\dimen297
)
(C:\Users\pifr8\AppData\Local\Programs\MiKTeX\tex/latex/pgf/compatibility\pgfco
mp-version-1-18.sty
Package: pgfcomp-version-1-18 2023-01-15 v3.1.10 (3.1.10)
))
(C:\Users\pifr8\AppData\Local\Programs\MiKTeX\tex/latex/tools\verbatim.sty
Package: verbatim 2022-07-02 v1.5u LaTeX2e package for verbatim enhancements
\every@verbatim=\toks50
\verbatim@line=\toks51
\verbatim@in@stream=\read3
)
(C:\Users\pifr8\AppData\Local\Programs\MiKTeX\tex/latex/environ\environ.sty
Package: environ 2014/05/04 v0.3 A new way to define environments

(C:\Users\pifr8\AppData\Local\Programs\MiKTeX\tex/latex/trimspaces\trimspaces.s
ty
Package: trimspaces 2009/09/17 v1.1 Trim spaces around a token list
))
\tcb@titlebox=\box80
\tcb@upperbox=\box81
\tcb@lowerbox=\box82
\tcb@phantombox=\box83
\c@tcbbreakpart=\count334
\c@tcblayer=\count335
\c@tcolorbox@number=\count336
\tcb@temp=\box84
\tcb@temp=\box85
\tcb@temp=\box86
\tcb@temp=\box87
)
(C:\Users\pifr8\AppData\Local\Programs\MiKTeX\tex/latex/adjustbox\adjustbox.sty
Package: adjustbox 2022/10/17 v1.3a Adjusting TeX boxes (trim, clip, ...)
(C:\Users\pifr8\AppData\Local\Programs\MiKTeX\tex/latex/xkeyval\xkeyval.sty
Package: xkeyval 2022/06/16 v2.9 package option processing (HA)

(C:\Users\pifr8\AppData\Local\Programs\MiKTeX\tex/generic/xkeyval\xkeyval.tex
(C:\Users\pifr8\AppData\Local\Programs\MiKTeX\tex/generic/xkeyval\xkvutils.tex
\XKV@toks=\toks52
\XKV@tempa@toks=\toks53
)
\XKV@depth=\count337
File: xkeyval.tex 2014/12/03 v2.7a key=value parser (HA)
))
(C:\Users\pifr8\AppData\Local\Programs\MiKTeX\tex/latex/adjustbox\adjcalc.sty
Package: adjcalc 2012/05/16 v1.1 Provides advanced setlength with multiple back
-ends (calc, etex, pgfmath)
)
(C:\Users\pifr8\AppData\Local\Programs\MiKTeX\tex/latex/adjustbox\trimclip.sty
Package: trimclip 2020/08/19 v1.2 Trim and clip general TeX material

(C:\Users\pifr8\AppData\Local\Programs\MiKTeX\tex/latex/collectbox\collectbox.s
ty
Package: collectbox 2022/10/17 v0.4c Collect macro arguments as boxes
\collectedbox=\box88
)
\tc@llx=\dimen298
\tc@lly=\dimen299
\tc@urx=\dimen300
\tc@ury=\dimen301
Package trimclip Info: Using driver 'tc-xetex.def'.

(C:\Users\pifr8\AppData\Local\Programs\MiKTeX\tex/latex/adjustbox\tc-xetex.def
File: tc-xetex.def 2019/01/04 v2.2 Clipping driver for xetex
))
\adjbox@Width=\dimen302
\adjbox@Height=\dimen303
\adjbox@Depth=\dimen304
\adjbox@Totalheight=\dimen305
\adjbox@pwidth=\dimen306
\adjbox@pheight=\dimen307
\adjbox@pdepth=\dimen308
\adjbox@ptotalheight=\dimen309

(C:\Users\pifr8\AppData\Local\Programs\MiKTeX\tex/latex/ifoddpage\ifoddpage.sty
Package: ifoddpage 2022/10/18 v1.2 Conditionals for odd/even page detection
\c@checkoddpage=\count338
) (C:\Users\pifr8\AppData\Local\Programs\MiKTeX\tex/latex/varwidth\varwidth.sty
Package: varwidth 2009/03/30 ver 0.92;  Variable-width minipages
\@vwid@box=\box89
\sift@deathcycles=\count339
\@vwid@loff=\dimen310
\@vwid@roff=\dimen311
)) (C:\Users\pifr8\AppData\Local\Programs\MiKTeX\tex/latex/tools\multicol.sty
Package: multicol 2023/03/30 v1.9f multicolumn formatting (FMi)
\c@tracingmulticols=\count340
\mult@box=\box90
\multicol@leftmargin=\dimen312
\c@unbalance=\count341
\c@collectmore=\count342
\doublecol@number=\count343
\multicoltolerance=\count344
\multicolpretolerance=\count345
\full@width=\dimen313
\page@free=\dimen314
\premulticols=\dimen315
\postmulticols=\dimen316
\multicolsep=\skip68
\multicolbaselineskip=\skip69
\partial@page=\box91
\last@line=\box92
\mc@boxedresult=\box93
\maxbalancingoverflow=\dimen317
\mult@rightbox=\box94
\mult@grightbox=\box95
\mult@firstbox=\box96
\mult@gfirstbox=\box97
\@tempa=\box98
\@tempa=\box99
\@tempa=\box100
\@tempa=\box101
\@tempa=\box102
\@tempa=\box103
\@tempa=\box104
\@tempa=\box105
\@tempa=\box106
\@tempa=\box107
\@tempa=\box108
\@tempa=\box109
\@tempa=\box110
\@tempa=\box111
\@tempa=\box112
\@tempa=\box113
\@tempa=\box114
\@tempa=\box115
\@tempa=\box116
\@tempa=\box117
\@tempa=\box118
\@tempa=\box119
\@tempa=\box120
\@tempa=\box121
\@tempa=\box122
\@tempa=\box123
\@tempa=\box124
\@tempa=\box125
\@tempa=\box126
\@tempa=\box127
\@tempa=\box128
\@tempa=\box129
\@tempa=\box130
\@tempa=\box131
\@tempa=\box132
\@tempa=\box133
\c@minrows=\count346
\c@columnbadness=\count347
\c@finalcolumnbadness=\count348
\last@try=\dimen318
\multicolovershoot=\dimen319
\multicolundershoot=\dimen320
\mult@nat@firstbox=\box134
\colbreak@box=\box135
\mc@col@check@num=\count349
)
(C:\Users\pifr8\AppData\Local\Programs\MiKTeX\tex/latex/multirow\multirow.sty
Package: multirow 2021/03/15 v2.8 Span multiple rows of a table
\multirow@colwidth=\skip70
\multirow@cntb=\count350
\multirow@dima=\skip71
\bigstrutjot=\dimen321
)
(C:\Users\pifr8\AppData\Local\Programs\MiKTeX\tex/latex/eurosym\eurosym.sty
Package: eurosym 1998/08/06 v1.1 European currency symbol ``Euro''
\@eurobox=\box136
)
(C:\Users\pifr8\AppData\Local\Programs\MiKTeX\tex/latex/ragged2e\ragged2e.sty
Package: ragged2e 2023/06/22 v3.6 ragged2e Package
\CenteringLeftskip=\skip72
\RaggedLeftLeftskip=\skip73
\RaggedRightLeftskip=\skip74
\CenteringRightskip=\skip75
\RaggedLeftRightskip=\skip76
\RaggedRightRightskip=\skip77
\CenteringParfillskip=\skip78
\RaggedLeftParfillskip=\skip79
\RaggedRightParfillskip=\skip80
\JustifyingParfillskip=\skip81
\CenteringParindent=\skip82
\RaggedLeftParindent=\skip83
\RaggedRightParindent=\skip84
\JustifyingParindent=\skip85
)
(C:\Users\pifr8\AppData\Local\Programs\MiKTeX\tex/latex/pgf/frontendlayer\tikz.
sty
(C:\Users\pifr8\AppData\Local\Programs\MiKTeX\tex/latex/pgf/utilities\pgffor.st
y
(C:\Users\pifr8\AppData\Local\Programs\MiKTeX\tex/generic/pgf/utilities\pgffor.
code.tex
Package: pgffor 2023-01-15 v3.1.10 (3.1.10)
\pgffor@iter=\dimen322
\pgffor@skip=\dimen323
\pgffor@stack=\toks54
\pgffor@toks=\toks55
))
(C:\Users\pifr8\AppData\Local\Programs\MiKTeX\tex/generic/pgf/frontendlayer/tik
z\tikz.code.tex
Package: tikz 2023-01-15 v3.1.10 (3.1.10)

(C:\Users\pifr8\AppData\Local\Programs\MiKTeX\tex/generic/pgf/libraries\pgflibr
aryplothandlers.code.tex
File: pgflibraryplothandlers.code.tex 2023-01-15 v3.1.10 (3.1.10)
\pgf@plot@mark@count=\count351
\pgfplotmarksize=\dimen324
)
\tikz@lastx=\dimen325
\tikz@lasty=\dimen326
\tikz@lastxsaved=\dimen327
\tikz@lastysaved=\dimen328
\tikz@lastmovetox=\dimen329
\tikz@lastmovetoy=\dimen330
\tikzleveldistance=\dimen331
\tikzsiblingdistance=\dimen332
\tikz@figbox=\box137
\tikz@figbox@bg=\box138
\tikz@tempbox=\box139
\tikz@tempbox@bg=\box140
\tikztreelevel=\count352
\tikznumberofchildren=\count353
\tikznumberofcurrentchild=\count354
\tikz@fig@count=\count355

(C:\Users\pifr8\AppData\Local\Programs\MiKTeX\tex/generic/pgf/modules\pgfmodule
matrix.code.tex
File: pgfmodulematrix.code.tex 2023-01-15 v3.1.10 (3.1.10)
\pgfmatrixcurrentrow=\count356
\pgfmatrixcurrentcolumn=\count357
\pgf@matrix@numberofcolumns=\count358
)
\tikz@expandcount=\count359

(C:\Users\pifr8\AppData\Local\Programs\MiKTeX\tex/generic/pgf/frontendlayer/tik
z/libraries\tikzlibrarytopaths.code.tex
File: tikzlibrarytopaths.code.tex 2023-01-15 v3.1.10 (3.1.10)
)))
(C:\Users\pifr8\AppData\Local\Programs\MiKTeX\tex/latex/tex-gyre\tgadventor.sty
Package: tgadventor 2009/09/10 v1.2 TeX Gyre Adventor as default sans serif fam
ily
) (C:\Users\pifr8\AppData\Local\Programs\MiKTeX\tex/latex/base\fontenc.sty
Package: fontenc 2021/04/29 v2.0v Standard LaTeX package
LaTeX Font Info:    Trying to load font information for T1+qag on input line 11
2.

(C:\Users\pifr8\AppData\Local\Programs\MiKTeX\tex/latex/tex-gyre\t1qag.fd
File: t1qag.fd 2009/09/25 v1.2 font definition file for T1/qag
))
(C:\Users\pifr8\AppData\Local\Programs\MiKTeX\tex/generic/pgf/frontendlayer/tik
z/libraries\tikzlibraryspy.code.tex
File: tikzlibraryspy.code.tex 2023-01-15 v3.1.10 (3.1.10)
\tikz@lib@spybox=\box141
)
(C:\Users\pifr8\AppData\Local\Programs\MiKTeX\tex/generic/pgf/frontendlayer/tik
z/libraries\tikzlibraryshapes.code.tex
File: tikzlibraryshapes.code.tex 2023-01-15 v3.1.10 (3.1.10)

(C:\Users\pifr8\AppData\Local\Programs\MiKTeX\tex/generic/pgf/frontendlayer/tik
z/libraries\tikzlibraryshapes.geometric.code.tex
File: tikzlibraryshapes.geometric.code.tex 2023-01-15 v3.1.10 (3.1.10)

(C:\Users\pifr8\AppData\Local\Programs\MiKTeX\tex/generic/pgf/libraries/shapes\
pgflibraryshapes.geometric.code.tex
File: pgflibraryshapes.geometric.code.tex 2023-01-15 v3.1.10 (3.1.10)
))
(C:\Users\pifr8\AppData\Local\Programs\MiKTeX\tex/generic/pgf/frontendlayer/tik
z/libraries\tikzlibraryshapes.misc.code.tex
File: tikzlibraryshapes.misc.code.tex 2023-01-15 v3.1.10 (3.1.10)

(C:\Users\pifr8\AppData\Local\Programs\MiKTeX\tex/generic/pgf/libraries/shapes\
pgflibraryshapes.misc.code.tex
File: pgflibraryshapes.misc.code.tex 2023-01-15 v3.1.10 (3.1.10)
))
(C:\Users\pifr8\AppData\Local\Programs\MiKTeX\tex/generic/pgf/frontendlayer/tik
z/libraries\tikzlibraryshapes.symbols.code.tex
File: tikzlibraryshapes.symbols.code.tex 2023-01-15 v3.1.10 (3.1.10)

(C:\Users\pifr8\AppData\Local\Programs\MiKTeX\tex/generic/pgf/libraries/shapes\
pgflibraryshapes.symbols.code.tex
File: pgflibraryshapes.symbols.code.tex 2023-01-15 v3.1.10 (3.1.10)
))
(C:\Users\pifr8\AppData\Local\Programs\MiKTeX\tex/generic/pgf/frontendlayer/tik
z/libraries\tikzlibraryshapes.arrows.code.tex
File: tikzlibraryshapes.arrows.code.tex 2023-01-15 v3.1.10 (3.1.10)

(C:\Users\pifr8\AppData\Local\Programs\MiKTeX\tex/generic/pgf/libraries/shapes\
pgflibraryshapes.arrows.code.tex
File: pgflibraryshapes.arrows.code.tex 2023-01-15 v3.1.10 (3.1.10)
))
(C:\Users\pifr8\AppData\Local\Programs\MiKTeX\tex/generic/pgf/frontendlayer/tik
z/libraries\tikzlibraryshapes.callouts.code.tex
(C:\Users\pifr8\AppData\Local\Programs\MiKTeX\tex/generic/pgf/libraries/shapes\
pgflibraryshapes.callouts.code.tex))
(C:\Users\pifr8\AppData\Local\Programs\MiKTeX\tex/generic/pgf/frontendlayer/tik
z/libraries\tikzlibraryshapes.multipart.code.tex
File: tikzlibraryshapes.multipart.code.tex 2023-01-15 v3.1.10 (3.1.10)

(C:\Users\pifr8\AppData\Local\Programs\MiKTeX\tex/generic/pgf/libraries/shapes\
pgflibraryshapes.multipart.code.tex
File: pgflibraryshapes.multipart.code.tex 2023-01-15 v3.1.10 (3.1.10)
\pgfnodepartlowerbox=\box142
\pgfnodeparttwobox=\box143
\pgfnodepartthreebox=\box144
\pgfnodepartfourbox=\box145
\pgfnodeparttwentybox=\box146
\pgfnodepartnineteenbox=\box147
\pgfnodeparteighteenbox=\box148
\pgfnodepartseventeenbox=\box149
\pgfnodepartsixteenbox=\box150
\pgfnodepartfifteenbox=\box151
\pgfnodepartfourteenbox=\box152
\pgfnodepartthirteenbox=\box153
\pgfnodeparttwelvebox=\box154
\pgfnodepartelevenbox=\box155
\pgfnodeparttenbox=\box156
\pgfnodepartninebox=\box157
\pgfnodeparteightbox=\box158
\pgfnodepartsevenbox=\box159
\pgfnodepartsixbox=\box160
\pgfnodepartfivebox=\box161
)))
(C:\Users\pifr8\AppData\Local\Programs\MiKTeX\tex/generic/pgf/frontendlayer/tik
z/libraries\tikzlibraryarrows.code.tex
File: tikzlibraryarrows.code.tex 2023-01-15 v3.1.10 (3.1.10)

(C:\Users\pifr8\AppData\Local\Programs\MiKTeX\tex/generic/pgf/libraries\pgflibr
aryarrows.code.tex
File: pgflibraryarrows.code.tex 2023-01-15 v3.1.10 (3.1.10)
\arrowsize=\dimen333
))
(C:\Users\pifr8\AppData\Local\Programs\MiKTeX\tex/generic/pgf/frontendlayer/tik
z/libraries\tikzlibrarypositioning.code.tex
File: tikzlibrarypositioning.code.tex 2023-01-15 v3.1.10 (3.1.10)
)
(C:\Users\pifr8\AppData\Local\Programs\MiKTeX\tex/generic/pgf/frontendlayer/tik
z/libraries\tikzlibrarydecorations.pathreplacing.code.tex
(C:\Users\pifr8\AppData\Local\Programs\MiKTeX\tex/generic/pgf/frontendlayer/tik
z/libraries\tikzlibrarydecorations.code.tex
(C:\Users\pifr8\AppData\Local\Programs\MiKTeX\tex/generic/pgf/modules\pgfmodule
decorations.code.tex
\pgfdecoratedcompleteddistance=\dimen334
\pgfdecoratedremainingdistance=\dimen335
\pgfdecoratedinputsegmentcompleteddistance=\dimen336
\pgfdecoratedinputsegmentremainingdistance=\dimen337
\pgf@decorate@distancetomove=\dimen338
\pgf@decorate@repeatstate=\count360
\pgfdecorationsegmentamplitude=\dimen339
\pgfdecorationsegmentlength=\dimen340
)
\tikz@lib@dec@box=\box162
)
(C:\Users\pifr8\AppData\Local\Programs\MiKTeX\tex/generic/pgf/libraries/decorat
ions\pgflibrarydecorations.pathreplacing.code.tex))
\pgf@layerbox@bg=\box163
\pgf@layerboxsaved@bg=\box164
Package hyperref Info: Option `colorlinks' set `true' on input line 62.

(C:\Users\pifr8\AppData\Local\Programs\MiKTeX\tex/latex/l3backend\l3backend-xet
ex.def
File: l3backend-xetex.def 2023-04-19 L3 backend support: XeTeX
\g__graphics_track_int=\count361
\l__pdf_internal_box=\box165
\g__pdf_backend_object_int=\count362
\g__pdf_backend_annotation_int=\count363
\g__pdf_backend_link_int=\count364
) (capitulo 1.aux)
\openout1 = `"capitulo 1.aux"'.

LaTeX Font Info:    Checking defaults for OML/cmm/m/it on input line 67.
LaTeX Font Info:    ... okay on input line 67.
LaTeX Font Info:    Checking defaults for OMS/cmsy/m/n on input line 67.
LaTeX Font Info:    ... okay on input line 67.
LaTeX Font Info:    Checking defaults for OT1/cmr/m/n on input line 67.
LaTeX Font Info:    ... okay on input line 67.
LaTeX Font Info:    Checking defaults for T1/cmr/m/n on input line 67.
LaTeX Font Info:    ... okay on input line 67.
LaTeX Font Info:    Checking defaults for TS1/cmr/m/n on input line 67.
LaTeX Font Info:    Trying to load font information for TS1+cmr on input line 6
7.

(C:\Users\pifr8\AppData\Local\Programs\MiKTeX\tex/latex/base\ts1cmr.fd
File: ts1cmr.fd 2023/04/13 v2.5m Standard LaTeX font definitions
)
LaTeX Font Info:    ... okay on input line 67.
LaTeX Font Info:    Checking defaults for TU/lmr/m/n on input line 67.
LaTeX Font Info:    ... okay on input line 67.
LaTeX Font Info:    Checking defaults for OMX/cmex/m/n on input line 67.
LaTeX Font Info:    ... okay on input line 67.
LaTeX Font Info:    Checking defaults for U/cmr/m/n on input line 67.
LaTeX Font Info:    ... okay on input line 67.
LaTeX Font Info:    Checking defaults for PD1/pdf/m/n on input line 67.
LaTeX Font Info:    ... okay on input line 67.
LaTeX Font Info:    Checking defaults for PU/pdf/m/n on input line 67.
LaTeX Font Info:    ... okay on input line 67.

*geometry* driver: auto-detecting
*geometry* detected driver: xetex
*geometry* verbose mode - [ preamble ] result:
* driver: xetex
* paper: custom
* layout: <same size as paper>
* layoutoffset:(h,v)=(0.0pt,0.0pt)
* modes: includehead includefoot 
* h-part:(L,W,R)=(28.45274pt, 307.28987pt, 28.45274pt)
* v-part:(T,H,B)=(0.0pt, 273.14662pt, 0.0pt)
* \paperwidth=364.19536pt
* \paperheight=273.14662pt
* \textwidth=307.28987pt
* \textheight=244.6939pt
* \oddsidemargin=-43.81725pt
* \evensidemargin=-43.81725pt
* \topmargin=-72.26999pt
* \headheight=14.22636pt
* \headsep=0.0pt
* \topskip=11.0pt
* \footskip=14.22636pt
* \marginparwidth=4.0pt
* \marginparsep=10.0pt
* \columnsep=10.0pt
* \skip\footins=10.0pt plus 4.0pt minus 2.0pt
* \hoffset=0.0pt
* \voffset=0.0pt
* \mag=1000
* \@twocolumnfalse
* \@twosidefalse
* \@mparswitchfalse
* \@reversemarginfalse
* (1in=72.27pt=25.4mm, 1cm=28.453pt)

Package hyperref Info: Link coloring ON on input line 67.
(capitulo 1.out) (capitulo 1.out)
\@outlinefile=\write5
\openout5 = `"capitulo 1.out"'.

LaTeX Font Info:    Overwriting symbol font `operators' in version `normal'
(Font)                  OT1/cmr/m/n --> OT1/cmss/m/n on input line 67.
LaTeX Font Info:    Overwriting symbol font `operators' in version `bold'
(Font)                  OT1/cmr/bx/n --> OT1/cmss/b/n on input line 67.
\symnumbers=\mathgroup6
\sympureletters=\mathgroup7
LaTeX Font Info:    Overwriting math alphabet `\mathrm' in version `normal'
(Font)                  OT1/cmss/m/n --> T1/lmr/m/n on input line 67.
LaTeX Font Info:    Redeclaring math alphabet \mathbf on input line 67.
LaTeX Font Info:    Overwriting math alphabet `\mathbf' in version `normal'
(Font)                  OT1/cmr/bx/n --> T1/qag/b/n on input line 67.
LaTeX Font Info:    Overwriting math alphabet `\mathbf' in version `bold'
(Font)                  OT1/cmr/bx/n --> T1/qag/b/n on input line 67.
LaTeX Font Info:    Redeclaring math alphabet \mathsf on input line 67.
LaTeX Font Info:    Overwriting math alphabet `\mathsf' in version `normal'
(Font)                  OT1/cmss/m/n --> T1/qag/m/n on input line 67.
LaTeX Font Info:    Overwriting math alphabet `\mathsf' in version `bold'
(Font)                  OT1/cmss/bx/n --> T1/qag/m/n on input line 67.
LaTeX Font Info:    Redeclaring math alphabet \mathit on input line 67.
LaTeX Font Info:    Overwriting math alphabet `\mathit' in version `normal'
(Font)                  OT1/cmr/m/it --> T1/qag/m/it on input line 67.
LaTeX Font Info:    Overwriting math alphabet `\mathit' in version `bold'
(Font)                  OT1/cmr/bx/it --> T1/qag/m/it on input line 67.
LaTeX Font Info:    Redeclaring math alphabet \mathtt on input line 67.
LaTeX Font Info:    Overwriting math alphabet `\mathtt' in version `normal'
(Font)                  OT1/cmtt/m/n --> T1/lmtt/m/n on input line 67.
LaTeX Font Info:    Overwriting math alphabet `\mathtt' in version `bold'
(Font)                  OT1/cmtt/m/n --> T1/lmtt/m/n on input line 67.
LaTeX Font Info:    Overwriting symbol font `numbers' in version `bold'
(Font)                  T1/qag/m/n --> T1/qag/b/n on input line 67.
LaTeX Font Info:    Overwriting symbol font `pureletters' in version `bold'
(Font)                  T1/qag/m/it --> T1/qag/b/it on input line 67.
LaTeX Font Info:    Overwriting math alphabet `\mathrm' in version `bold'
(Font)                  OT1/cmss/b/n --> T1/lmr/b/n on input line 67.
LaTeX Font Info:    Overwriting math alphabet `\mathbf' in version `bold'
(Font)                  T1/qag/b/n --> T1/qag/b/n on input line 67.
LaTeX Font Info:    Overwriting math alphabet `\mathsf' in version `bold'
(Font)                  T1/qag/m/n --> T1/qag/b/n on input line 67.
LaTeX Font Info:    Overwriting math alphabet `\mathit' in version `bold'
(Font)                  T1/qag/m/it --> T1/qag/b/it on input line 67.
LaTeX Font Info:    Overwriting math alphabet `\mathtt' in version `bold'
(Font)                  T1/lmtt/m/n --> T1/lmtt/b/n on input line 67.

(C:\Users\pifr8\AppData\Local\Programs\MiKTeX\tex/latex/translator\translator-b
asic-dictionary-English.dict
Dictionary: translator-basic-dictionary, Language: English 
)
(C:\Users\pifr8\AppData\Local\Programs\MiKTeX\tex/latex/translator\translator-b
ibliography-dictionary-English.dict
Dictionary: translator-bibliography-dictionary, Language: English 
)
(C:\Users\pifr8\AppData\Local\Programs\MiKTeX\tex/latex/translator\translator-e
nvironment-dictionary-English.dict
Dictionary: translator-environment-dictionary, Language: English 
)
(C:\Users\pifr8\AppData\Local\Programs\MiKTeX\tex/latex/translator\translator-m
onths-dictionary-English.dict
Dictionary: translator-months-dictionary, Language: English 
)
(C:\Users\pifr8\AppData\Local\Programs\MiKTeX\tex/latex/translator\translator-n
umbers-dictionary-English.dict
Dictionary: translator-numbers-dictionary, Language: English 
)
(C:\Users\pifr8\AppData\Local\Programs\MiKTeX\tex/latex/translator\translator-t
heorem-dictionary-English.dict
Dictionary: translator-theorem-dictionary, Language: English 
) (capitulo 1.nav)
File: ../visual material/logo.png Graphic file (type bmp)
<../visual material/logo.png>
File: ../visual material/logo_eng_full.png Graphic file (type bmp)
<../visual material/logo_eng_full.png>
 [1

]
File: ../visual material/logo.png Graphic file (type bmp)
<../visual material/logo.png>
 (capitulo 1.toc)
File: ../visual material/logo.png Graphic file (type bmp)
<../visual material/logo.png>
 [2

]
File: ../visual material/logo.png Graphic file (type bmp)
<../visual material/logo.png>
File: ../visual material/logo.png Graphic file (type bmp)
<../visual material/logo.png>

[3

] (lecture_1.tex
File: ../visual material/logo.png Graphic file (type bmp)
<../visual material/logo.png>
File: ../visual material/logo.png Graphic file (type bmp)
<../visual material/logo.png>
 [4

]
File: ../visual material/logo.png Graphic file (type bmp)
<../visual material/logo.png>
 [5

]
File: ../visual material/logo.png Graphic file (type bmp)
<../visual material/logo.png>

Underfull \hbox (badness 1888) in paragraph at lines 24--24
[]\T1/qag/m/n/10.95 Ciência que es-tuda o com-por-ta-mento hu-mano
 []

File: ../visual material/logo.png Graphic file (type bmp)
<../visual material/logo.png>
[6

]
File: ../visual material/logo.png Graphic file (type bmp)
<../visual material/logo.png>
LaTeX Font Info:    Trying to load font information for U+msa on input line 35.

 (C:\Users\pifr8\AppData\Local\Programs\MiKTeX\tex/latex/amsfonts\umsa.fd
File: umsa.fd 2013/01/14 v3.01 AMS symbols A
)
LaTeX Font Info:    Trying to load font information for U+msb on input line 35.


(C:\Users\pifr8\AppData\Local\Programs\MiKTeX\tex/latex/amsfonts\umsb.fd
File: umsb.fd 2013/01/14 v3.01 AMS symbols B
)
File: ../visual material/logo.png Graphic file (type bmp)
<../visual material/logo.png>

[7

]
File: ../visual material/logo.png Graphic file (type bmp)
<../visual material/logo.png>
 [8

]
File: ../visual material/logo.png Graphic file (type bmp)
<../visual material/logo.png>
 [9

]
File: ../visual material/logo.png Graphic file (type bmp)
<../visual material/logo.png>
File: ../visual material/logo.png Graphic file (type bmp)
<../visual material/logo.png>
 [10

]
File: ../visual material/logo.png Graphic file (type bmp)
<../visual material/logo.png>
 [11

]
File: ../visual material/logo.png Graphic file (type bmp)
<../visual material/logo.png>
 [12

]
File: ../visual material/logo.png Graphic file (type bmp)
<../visual material/logo.png>
File: ../visual material/logo.png Graphic file (type bmp)
<../visual material/logo.png>
 [13

]
File: ../visual material/logo.png Graphic file (type bmp)
<../visual material/logo.png>
File: ../visual material/logo.png Graphic file (type bmp)
<../visual material/logo.png>
 [14

]
File: ../visual material/logo.png Graphic file (type bmp)
<../visual material/logo.png>
 [15

]
File: ../visual material/logo.png Graphic file (type bmp)
<../visual material/logo.png>
 [16

]
File: ../visual material/logo.png Graphic file (type bmp)
<../visual material/logo.png>
File: ../visual material/logo.png Graphic file (type bmp)
<../visual material/logo.png>
 [17

]
File: ../visual material/logo.png Graphic file (type bmp)
<../visual material/logo.png>
 [18

]
File: ../visual material/logo.png Graphic file (type bmp)
<../visual material/logo.png>
 [19

]
File: ../visual material/logo.png Graphic file (type bmp)
<../visual material/logo.png>
File: ../visual material/logo.png Graphic file (type bmp)
<../visual material/logo.png>
 [20

]
File: ../visual material/logo.png Graphic file (type bmp)
<../visual material/logo.png>
File: ../visual material/logo.png Graphic file (type bmp)
<../visual material/logo.png>
 [21

]
File: ../visual material/logo.png Graphic file (type bmp)
<../visual material/logo.png>

[22

]
File: ../visual material/logo.png Graphic file (type bmp)
<../visual material/logo.png>

Overfull \hbox (0.98842pt too wide) in paragraph at lines 107--107
[]\T1/qag/m/n/10.95 O \T1/qag/b/n/10.95 custo de opor-tu-nidade de plan-tar \T1
/qag/m/n/10.95 eu-calip-tos, será o valor
 []


Overfull \hbox (18.99129pt too wide) in paragraph at lines 107--107
\T1/qag/m/n/10.95 que o João con-seguiria ter se op-tasse pela al-ter-na-tiva, 
vender: 
 []

File: ../visual material/logo.png Graphic file (type bmp)
<../visual material/logo.png>
[23

]
File: ../visual material/logo.png Graphic file (type bmp)
<../visual material/logo.png>

Overfull \hbox (0.98842pt too wide) in paragraph at lines 115--115
[]\T1/qag/m/n/10.95 O \T1/qag/b/n/10.95 custo de opor-tu-nidade de plan-tar \T1
/qag/m/n/10.95 eu-calip-tos, será o valor
 []


Overfull \hbox (18.99129pt too wide) in paragraph at lines 115--115
\T1/qag/m/n/10.95 que o João con-seguiria ter se op-tasse pela al-ter-na-tiva, 
vender: 
 []

File: ../visual material/logo.png Graphic file (type bmp)
<../visual material/logo.png>
[24

]
File: ../visual material/logo.png Graphic file (type bmp)
<../visual material/logo.png>
File: ../visual material/logo.png Graphic file (type bmp)
<../visual material/logo.png>
 [25

]
File: ../visual material/logo.png Graphic file (type bmp)
<../visual material/logo.png>
 [26

]
File: ../visual material/logo.png Graphic file (type bmp)
<../visual material/logo.png>
 [27

]
File: ../visual material/logo.png Graphic file (type bmp)
<../visual material/logo.png>

Overfull \hbox (10.3131pt too wide) detected at line 138
[]
 []

File: ../visual material/logo.png Graphic file (type bmp)
<../visual material/logo.png>
[28

]
Overfull \hbox (10.3131pt too wide) detected at line 138
[]
 []

File: ../visual material/logo.png Graphic file (type bmp)
<../visual material/logo.png>
[29

]
Overfull \hbox (10.3131pt too wide) detected at line 138
[]
 []

File: ../visual material/logo.png Graphic file (type bmp)
<../visual material/logo.png>
[30

]
File: ../visual material/logo.png Graphic file (type bmp)
<../visual material/logo.png>
File: ../visual material/logo.png Graphic file (type bmp)
<../visual material/logo.png>
 [31

]
File: ../visual material/logo.png Graphic file (type bmp)
<../visual material/logo.png>
 [32

]
File: ../visual material/logo.png Graphic file (type bmp)
<../visual material/logo.png>

Overfull \hbox (2.40872pt too wide) in paragraph at lines 162--162
\T1/qag/m/n/10.95 de opor-tu-nidade é in-fe-rior ao bene-fí-cio bruto nessa opç
ão.
 []

File: ../visual material/logo.png Graphic file (type bmp)
<../visual material/logo.png>
[33

]
Overfull \hbox (2.40872pt too wide) in paragraph at lines 162--162
\T1/qag/m/n/10.95 de opor-tu-nidade é in-fe-rior ao bene-fí-cio bruto nessa opç
ão.
 []

File: ../visual material/logo.png Graphic file (type bmp)
<../visual material/logo.png>
[34

]
Overfull \hbox (2.40872pt too wide) in paragraph at lines 162--162
\T1/qag/m/n/10.95 de opor-tu-nidade é in-fe-rior ao bene-fí-cio bruto nessa opç
ão.
 []

File: ../visual material/logo.png Graphic file (type bmp)
<../visual material/logo.png>
[35

]
Overfull \hbox (2.40872pt too wide) in paragraph at lines 162--162
\T1/qag/m/n/10.95 de opor-tu-nidade é in-fe-rior ao bene-fí-cio bruto nessa opç
ão.
 []

File: ../visual material/logo.png Graphic file (type bmp)
<../visual material/logo.png>
[36

]
Overfull \hbox (2.40872pt too wide) in paragraph at lines 162--162
\T1/qag/m/n/10.95 de opor-tu-nidade é in-fe-rior ao bene-fí-cio bruto nessa opç
ão.
 []

File: ../visual material/logo.png Graphic file (type bmp)
<../visual material/logo.png>
[37

]
Overfull \hbox (2.40872pt too wide) in paragraph at lines 162--162
\T1/qag/m/n/10.95 de opor-tu-nidade é in-fe-rior ao bene-fí-cio bruto nessa opç
ão.
 []

File: ../visual material/logo.png Graphic file (type bmp)
<../visual material/logo.png>
[38

]
Overfull \hbox (2.40872pt too wide) in paragraph at lines 162--162
\T1/qag/m/n/10.95 de opor-tu-nidade é in-fe-rior ao bene-fí-cio bruto nessa opç
ão.
 []

File: ../visual material/logo.png Graphic file (type bmp)
<../visual material/logo.png>
[39

]
Overfull \hbox (2.40872pt too wide) in paragraph at lines 162--162
\T1/qag/m/n/10.95 de opor-tu-nidade é in-fe-rior ao bene-fí-cio bruto nessa opç
ão.
 []

File: ../visual material/logo.png Graphic file (type bmp)
<../visual material/logo.png>
[40

]
File: ../visual material/logo.png Graphic file (type bmp)
<../visual material/logo.png>
File: ../visual material/logo.png Graphic file (type bmp)
<../visual material/logo.png>
 [41

]
File: ../visual material/logo.png Graphic file (type bmp)
<../visual material/logo.png>
File: ../visual material/logo.png Graphic file (type bmp)
<../visual material/logo.png>
 [42

]
File: ../visual material/logo.png Graphic file (type bmp)
<../visual material/logo.png>

Overfull \hbox (2.6473pt too wide) in paragraph at lines 190--190
[]\T1/qag/m/n/10.95 Temos, en-tão, três for-mas equiv-a-lentes de ver-i-ficar r
acional-
 []

File: ../visual material/logo.png Graphic file (type bmp)
<../visual material/logo.png>
[43

])
File: ../visual material/logo.png Graphic file (type bmp)
<../visual material/logo.png>
File: ../visual material/logo.png Graphic file (type bmp)
<../visual material/logo.png>
 [44

] (lecture_2.tex
File: ../visual material/logo.png Graphic file (type bmp)
<../visual material/logo.png>

Overfull \hbox (11.1567pt too wide) in paragraph at lines 12--12
[]\T1/qag/m/n/10.95 A com-para-ção en-tre cus-tos marginais e bene-fí-cios marg
inais
 []


Overfull \hbox (7.92752pt too wide) in paragraph at lines 12--12
\T1/qag/m/n/10.95 é par-tic-u-lar-mente útil quando é necessário es-col-her a q
uan-
 []

File: ../visual material/logo.png Graphic file (type bmp)
<../visual material/logo.png>
[45

]
Overfull \hbox (11.1567pt too wide) in paragraph at lines 12--12
[]\T1/qag/m/n/10.95 A com-para-ção en-tre cus-tos marginais e bene-fí-cios marg
inais
 []


Overfull \hbox (7.92752pt too wide) in paragraph at lines 12--12
\T1/qag/m/n/10.95 é par-tic-u-lar-mente útil quando é necessário es-col-her a q
uan-
 []

File: ../visual material/logo.png Graphic file (type bmp)
<../visual material/logo.png>
[46

]
File: ../visual material/logo.png Graphic file (type bmp)
<../visual material/logo.png>
File: ../visual material/logo.png Graphic file (type bmp)
<../visual material/logo.png>
 [47

]
File: ../visual material/logo.png Graphic file (type bmp)
<../visual material/logo.png>

Overfull \hbox (14.63821pt too wide) in paragraph at lines 39--39
[]|\T1/qag/m/n/10.95 Quantidade
 []


Underfull \hbox (badness 10000) in paragraph at lines 39--39
\T1/qag/m/n/10.95 (10s
 []


Underfull \hbox (badness 10000) in paragraph at lines 39--39
[]|\T1/qag/m/n/10.95 Receitas
 []


Underfull \hbox (badness 10000) in paragraph at lines 39--39
\T1/qag/m/n/10.95 (bene-fí-
 []


Underfull \hbox (badness 10000) in paragraph at lines 39--39
[]|\T1/qag/m/n/10.95 Benefício
 []


Underfull \hbox (badness 10000) in paragraph at lines 39--39
[]|\T1/qag/m/n/10.95 Custo
 []


Overfull \hbox (8.78534pt too wide) in paragraph at lines 39--39
 [] 
 []

File: ../visual material/logo.png Graphic file (type bmp)
<../visual material/logo.png>
[48

]
File: ../visual material/logo.png Graphic file (type bmp)
<../visual material/logo.png>

Overfull \hbox (14.63821pt too wide) in paragraph at lines 56--56
[]|\T1/qag/m/n/10.95 Quantidade
 []


Underfull \hbox (badness 10000) in paragraph at lines 56--56
\T1/qag/m/n/10.95 (10s
 []


Underfull \hbox (badness 10000) in paragraph at lines 56--56
[]|\T1/qag/m/n/10.95 Receitas
 []


Underfull \hbox (badness 10000) in paragraph at lines 56--56
\T1/qag/m/n/10.95 (bene-fí-
 []


Underfull \hbox (badness 10000) in paragraph at lines 56--56
[]|\T1/qag/m/n/10.95 Benefício
 []


Underfull \hbox (badness 10000) in paragraph at lines 56--56
[]|\T1/qag/m/n/10.95 Custo
 []


Overfull \hbox (8.78534pt too wide) in paragraph at lines 56--56
 [] 
 []

File: ../visual material/logo.png Graphic file (type bmp)
<../visual material/logo.png>
[49

]
File: ../visual material/logo.png Graphic file (type bmp)
<../visual material/logo.png>

Overfull \hbox (14.63821pt too wide) in paragraph at lines 77--77
[]|\T1/qag/m/n/10.95 Quantidade
 []


Underfull \hbox (badness 10000) in paragraph at lines 77--77
\T1/qag/m/n/10.95 (10s
 []


Underfull \hbox (badness 10000) in paragraph at lines 77--77
[]|\T1/qag/m/n/10.95 Receitas
 []


Underfull \hbox (badness 10000) in paragraph at lines 77--77
\T1/qag/m/n/10.95 (bene-fí-
 []


Underfull \hbox (badness 10000) in paragraph at lines 77--77
[]|\T1/qag/m/n/10.95 Benefício
 []


Underfull \hbox (badness 10000) in paragraph at lines 77--77
[]|\T1/qag/m/n/10.95 Custo
 []


Overfull \hbox (8.78534pt too wide) in paragraph at lines 77--77
 [] 
 []

File: ../visual material/logo.png Graphic file (type bmp)
<../visual material/logo.png>
[50

]
File: ../visual material/logo.png Graphic file (type bmp)
<../visual material/logo.png>

Overfull \hbox (14.63821pt too wide) in paragraph at lines 95--95
[]|\T1/qag/m/n/10.95 Quantidade
 []


Underfull \hbox (badness 10000) in paragraph at lines 95--95
\T1/qag/m/n/10.95 (10s
 []


Underfull \hbox (badness 10000) in paragraph at lines 95--95
[]|\T1/qag/m/n/10.95 Receitas
 []


Underfull \hbox (badness 10000) in paragraph at lines 95--95
\T1/qag/m/n/10.95 (bene-fí-
 []


Underfull \hbox (badness 10000) in paragraph at lines 95--95
[]|\T1/qag/m/n/10.95 Benefício
 []


Underfull \hbox (badness 10000) in paragraph at lines 95--95
[]|\T1/qag/m/n/10.95 Custo
 []


Overfull \hbox (8.78534pt too wide) in paragraph at lines 95--95
 [] 
 []

File: ../visual material/logo.png Graphic file (type bmp)
<../visual material/logo.png>
[51

]
File: ../visual material/logo.png Graphic file (type bmp)
<../visual material/logo.png>

Overfull \hbox (20.32867pt too wide) in paragraph at lines 114--114
[]|\T1/qag/m/n/10.95 Quantidade
 []


Underfull \hbox (badness 10000) in paragraph at lines 114--114
\T1/qag/m/n/10.95 (10s
 []


Underfull \hbox (badness 10000) in paragraph at lines 114--114
[]|\T1/qag/m/n/10.95 Receitas
 []


Underfull \hbox (badness 10000) in paragraph at lines 114--114
\T1/qag/m/n/10.95 (bene-fí-
 []


Overfull \hbox (3.75035pt too wide) in paragraph at lines 114--114
[]|\T1/qag/m/n/10.95 Benefício
 []


Overfull \hbox (1.20998pt too wide) in paragraph at lines 114--114
\T1/qag/m/n/10.95 marginal| 
 []


Underfull \hbox (badness 10000) in paragraph at lines 114--114
[]|\T1/qag/m/n/10.95 Custo
 []


Overfull \hbox (1.20998pt too wide) in paragraph at lines 114--114
\T1/qag/m/n/10.95 marginal| 
 []

LaTeX Font Info:    Font shape `U/eurosym/b/n' in size <10.95> not available
(Font)              Font shape `U/eurosym/bx/n' tried instead on input line 114
.

Overfull \hbox (37.85762pt too wide) in paragraph at lines 114--114
 [] 
 []

File: ../visual material/logo.png Graphic file (type bmp)
<../visual material/logo.png>
[52

]
File: ../visual material/logo.png Graphic file (type bmp)
<../visual material/logo.png>
File: ../visual material/logo.png Graphic file (type bmp)
<../visual material/logo.png>
 [53

]
File: ../visual material/logo.png Graphic file (type bmp)
<../visual material/logo.png>
 [54

]
File: ../visual material/logo.png Graphic file (type bmp)
<../visual material/logo.png>
 [55

]
File: ../visual material/logo.png Graphic file (type bmp)
<../visual material/logo.png>
 [56

]
File: ../visual material/logo.png Graphic file (type bmp)
<../visual material/logo.png>
 [57

]
File: ../visual material/logo.png Graphic file (type bmp)
<../visual material/logo.png>
File: ../visual material/logo.png Graphic file (type bmp)
<../visual material/logo.png>
 [58

]
File: ../visual material/logo.png Graphic file (type bmp)
<../visual material/logo.png>
File: ../visual material/logo.png Graphic file (type bmp)
<../visual material/logo.png>
 [59

]
File: ../visual material/logo.png Graphic file (type bmp)
<../visual material/logo.png>
 [60

]
File: ../visual material/logo.png Graphic file (type bmp)
<../visual material/logo.png>
 [61

]
File: ../visual material/logo.png Graphic file (type bmp)
<../visual material/logo.png>
 [62

]
File: ../visual material/logo.png Graphic file (type bmp)
<../visual material/logo.png>
File: ../visual material/logo.png Graphic file (type bmp)
<../visual material/logo.png>
 [63

]
File: ../visual material/logo.png Graphic file (type bmp)
<../visual material/logo.png>
 [64

]
File: ../visual material/logo.png Graphic file (type bmp)
<../visual material/logo.png>
 [65

]
File: ../visual material/logo.png Graphic file (type bmp)
<../visual material/logo.png>
 [66

]
File: ../visual material/logo.png Graphic file (type bmp)
<../visual material/logo.png>

[67

]
File: ../visual material/logo.png Graphic file (type bmp)
<../visual material/logo.png>
File: ../visual material/logo.png Graphic file (type bmp)
<../visual material/logo.png>
 [68

]
File: ../visual material/logo.png Graphic file (type bmp)
<../visual material/logo.png>
 [69

]
File: ../visual material/logo.png Graphic file (type bmp)
<../visual material/logo.png>
 [70

]
File: ../visual material/logo.png Graphic file (type bmp)
<../visual material/logo.png>
 [71

]
File: ../visual material/logo.png Graphic file (type bmp)
<../visual material/logo.png>
File: ../visual material/logo.png Graphic file (type bmp)
<../visual material/logo.png>
 [72

]
File: ../visual material/logo.png Graphic file (type bmp)
<../visual material/logo.png>
 [73

]
File: ../visual material/logo.png Graphic file (type bmp)
<../visual material/logo.png>
 [74

])
File: ../visual material/logo.png Graphic file (type bmp)
<../visual material/logo.png>
File: ../visual material/logo.png Graphic file (type bmp)
<../visual material/logo.png>
 [75

] (lecture 4.tex
File: ../visual material/logo.png Graphic file (type bmp)
<../visual material/logo.png>
File: ../visual material/logo.png Graphic file (type bmp)
<../visual material/logo.png>
 [76

]
File: ../visual material/logo.png Graphic file (type bmp)
<../visual material/logo.png>
File: metro.png Graphic file (type bmp)
<metro.png>
File: ../visual material/logo.png Graphic file (type bmp)
<../visual material/logo.png>
 [77

]
File: ../visual material/logo.png Graphic file (type bmp)
<../visual material/logo.png>
File: ../visual material/logo.png Graphic file (type bmp)
<../visual material/logo.png>
 [78

]
File: ../visual material/logo.png Graphic file (type bmp)
<../visual material/logo.png>

[79

]
File: ../visual material/logo.png Graphic file (type bmp)
<../visual material/logo.png>
 [80

]
File: ../visual material/logo.png Graphic file (type bmp)
<../visual material/logo.png>
File: ../visual material/logo.png Graphic file (type bmp)
<../visual material/logo.png>
 [81

]
File: ../visual material/logo.png Graphic file (type bmp)
<../visual material/logo.png>
 [82

]
File: ../visual material/logo.png Graphic file (type bmp)
<../visual material/logo.png>
 [83

]
File: ../visual material/logo.png Graphic file (type bmp)
<../visual material/logo.png>
 [84

]
File: ../visual material/logo.png Graphic file (type bmp)
<../visual material/logo.png>

Overfull \hbox (28.04674pt too wide) in paragraph at lines 118--118
 [] 
 []

File: ../visual material/logo.png Graphic file (type bmp)
<../visual material/logo.png>
[85

]
Overfull \hbox (28.04674pt too wide) in paragraph at lines 118--118
 [] 
 []

File: ../visual material/logo.png Graphic file (type bmp)
<../visual material/logo.png>
[86

]
Overfull \hbox (28.04674pt too wide) in paragraph at lines 118--118
 [] 
 []

File: ../visual material/logo.png Graphic file (type bmp)
<../visual material/logo.png>
[87

]
File: ../visual material/logo.png Graphic file (type bmp)
<../visual material/logo.png>
File: ../visual material/logo.png Graphic file (type bmp)
<../visual material/logo.png>
 [88

]
File: ../visual material/logo.png Graphic file (type bmp)
<../visual material/logo.png>
 [89

]
File: ../visual material/logo.png Graphic file (type bmp)
<../visual material/logo.png>
 [90

]
File: ../visual material/logo.png Graphic file (type bmp)
<../visual material/logo.png>
 [91

]
File: ../visual material/logo.png Graphic file (type bmp)
<../visual material/logo.png>
 [92

]
File: ../visual material/logo.png Graphic file (type bmp)
<../visual material/logo.png>
File: ../visual material/logo.png Graphic file (type bmp)
<../visual material/logo.png>
 [93

]
File: ../visual material/logo.png Graphic file (type bmp)
<../visual material/logo.png>
 [94

]
File: ../visual material/logo.png Graphic file (type bmp)
<../visual material/logo.png>
 [95

]
File: ../visual material/logo.png Graphic file (type bmp)
<../visual material/logo.png>
 [96

]
File: ../visual material/logo.png Graphic file (type bmp)
<../visual material/logo.png>
File: ../visual material/logo.png Graphic file (type bmp)
<../visual material/logo.png>
 [97

]
File: ../visual material/logo.png Graphic file (type bmp)
<../visual material/logo.png>
 [98

]
File: ../visual material/logo.png Graphic file (type bmp)
<../visual material/logo.png>
 [99

]
File: ../visual material/logo.png Graphic file (type bmp)
<../visual material/logo.png>
 [100

]
File: ../visual material/logo.png Graphic file (type bmp)
<../visual material/logo.png>
 [101

]
File: ../visual material/logo.png Graphic file (type bmp)
<../visual material/logo.png>

[102

]
File: ../visual material/logo.png Graphic file (type bmp)
<../visual material/logo.png>
File: ../visual material/logo.png Graphic file (type bmp)
<../visual material/logo.png>
 [103

]
File: ../visual material/logo.png Graphic file (type bmp)
<../visual material/logo.png>
 [104

]
File: ../visual material/logo.png Graphic file (type bmp)
<../visual material/logo.png>

Overfull \hbox (17.12137pt too wide) in paragraph at lines 258--258
 [][] 
 []

File: ../visual material/logo.png Graphic file (type bmp)
<../visual material/logo.png>
[105

]
File: ../visual material/logo.png Graphic file (type bmp)
<../visual material/logo.png>

Overfull \hbox (4.78398pt too wide) in paragraph at lines 285--285
\T1/qag/m/n/10 los, no en-tanto o pin-tor tem van-tagem com-par-a-tiva na pro-d
ução
 []

File: ../visual material/logo.png Graphic file (type bmp)
<../visual material/logo.png>
[106

]
Overfull \hbox (4.78398pt too wide) in paragraph at lines 285--285
\T1/qag/m/n/10 los, no en-tanto o pin-tor tem van-tagem com-par-a-tiva na pro-d
ução
 []

File: ../visual material/logo.png Graphic file (type bmp)
<../visual material/logo.png>
[107

]
Overfull \hbox (4.78398pt too wide) in paragraph at lines 285--285
\T1/qag/m/n/10 los, no en-tanto o pin-tor tem van-tagem com-par-a-tiva na pro-d
ução
 []

File: ../visual material/logo.png Graphic file (type bmp)
<../visual material/logo.png>
[108

]
Overfull \hbox (4.78398pt too wide) in paragraph at lines 285--285
\T1/qag/m/n/10 los, no en-tanto o pin-tor tem van-tagem com-par-a-tiva na pro-d
ução
 []

File: ../visual material/logo.png Graphic file (type bmp)
<../visual material/logo.png>
[109

]
File: ../visual material/logo.png Graphic file (type bmp)
<../visual material/logo.png>
File: ../visual material/logo.png Graphic file (type bmp)
<../visual material/logo.png>
 [110

]
File: ../visual material/logo.png Graphic file (type bmp)
<../visual material/logo.png>
 [111

]
File: ../visual material/logo.png Graphic file (type bmp)
<../visual material/logo.png>

Overfull \hbox (9.69992pt too wide) in paragraph at lines 320--320
[]\T1/qag/m/n/10 Admitamos que há es-pe-cial-iza-ção e que o pin-tor vende $5$ 
quadros
 []


Underfull \hbox (badness 10000) in paragraph at lines 320--320
[]\T1/qag/m/n/10.95 Ganhos
 []

File: ../visual material/logo.png Graphic file (type bmp)
<../visual material/logo.png>
[112

]
File: ../visual material/logo.png Graphic file (type bmp)
<../visual material/logo.png>

Overfull \hbox (6.97926pt too wide) in paragraph at lines 356--356
[]\T1/qag/m/n/10.95 Com comér-cio, am-bos os agentes económi-cos ben-e-fi-ciam,
 
 []

File: ../visual material/logo.png Graphic file (type bmp)
<../visual material/logo.png>
[113

]
File: ../visual material/logo.png Graphic file (type bmp)
<../visual material/logo.png>

Overfull \hbox (14.89165pt too wide) in paragraph at lines 395--395
[]\T1/qag/m/n/10.95 Possibilidades de Con-sumo se ter-mos de troca forem 1 quad
ro
 []


Overfull \hbox (15.70418pt too wide) in paragraph at lines 395--395
 [][] 
 []

File: ../visual material/logo.png Graphic file (type bmp)
<../visual material/logo.png>
[114

]
File: ../visual material/logo.png Graphic file (type bmp)
<../visual material/logo.png>
File: ../visual material/logo.png Graphic file (type bmp)
<../visual material/logo.png>
 [115

]
File: ../visual material/logo.png Graphic file (type bmp)
<../visual material/logo.png>
File: ../visual material/logo.png Graphic file (type bmp)
<../visual material/logo.png>
 [116

])
\tf@nav=\write6
\openout6 = `"capitulo 1.nav"'.

\tf@toc=\write7
\openout7 = `"capitulo 1.toc"'.

\tf@snm=\write8
\openout8 = `"capitulo 1.snm"'.

 (capitulo 1.aux)
 ***********
LaTeX2e <2023-06-01> patch level 1
L3 programming layer <2023-08-29>
 ***********
Package rerunfilecheck Info: File `"capitulo 1".out' has not changed.
(rerunfilecheck)             Checksum: <no file>.
 ) 
Here is how much of TeX's memory you used:
 31810 strings out of 410379
 654605 string characters out of 5788052
 1931416 words of memory out of 5000000
 52554 multiletter control sequences out of 15000+600000
 612630 words of font info for 89 fonts, out of 8000000 for 9000
 1348 hyphenation exceptions out of 8191
 128i,19n,123p,454b,1353s stack positions out of 10000i,1000n,20000p,200000b,200000s

Output written on capitulo 1.pdf (116 pages).
